This is e-upTeX, Version 3.14159265-p3.8.0-u1.23-180226-2.6 (utf8.uptex) (TeX Live 2018) (preloaded format=uplatex 2018.12.26)  27 JAN 2019 20:49
entering extended mode
 restricted \write18 enabled.
 file:line:error style messages enabled.
 %&-line parsing enabled.
**1.tex
(./1.tex
pLaTeX2e <2018-04-01u02>+1 (based on LaTeX2e <2018-04-01> patch level 2)
Babel <3.18> and hyphenation patterns for 84 language(s) loaded.

./1.tex:3: LaTeX Error: Missing \begin{document}.

See the LaTeX manual or LaTeX Companion for explanation.
Type  H <return>  for immediate help.
 ...                                              
                                                  
l.3 地
       震や津波などの自然現象による災害発生時，大規模...
You're in trouble here.  Try typing  <return>  to proceed.
If that doesn't work, type  X <return>  to quit.


Overfull \hbox (29.6222pt too wide) in paragraph at lines 3--4
[]\JY2/mc/m/n/10 地
 []


Overfull \hbox (9.6222pt too wide) in paragraph at lines 3--4
\JY2/mc/m/n/10 震
 []


Overfull \hbox (9.6222pt too wide) in paragraph at lines 3--4
\JY2/mc/m/n/10 や
 []


Overfull \hbox (9.6222pt too wide) in paragraph at lines 3--4
\JY2/mc/m/n/10 津
 []


Overfull \hbox (9.6222pt too wide) in paragraph at lines 3--4
\JY2/mc/m/n/10 波
 []


Overfull \hbox (9.6222pt too wide) in paragraph at lines 3--4
\JY2/mc/m/n/10 な
 []


Overfull \hbox (9.6222pt too wide) in paragraph at lines 3--4
\JY2/mc/m/n/10 ど
 []


Overfull \hbox (9.6222pt too wide) in paragraph at lines 3--4
\JY2/mc/m/n/10 の
 []


Overfull \hbox (9.6222pt too wide) in paragraph at lines 3--4
\JY2/mc/m/n/10 自
 []


Overfull \hbox (9.6222pt too wide) in paragraph at lines 3--4
\JY2/mc/m/n/10 然
 []


Overfull \hbox (9.6222pt too wide) in paragraph at lines 3--4
\JY2/mc/m/n/10 現
 []


Overfull \hbox (9.6222pt too wide) in paragraph at lines 3--4
\JY2/mc/m/n/10 象
 []


Overfull \hbox (9.6222pt too wide) in paragraph at lines 3--4
\JY2/mc/m/n/10 に
 []


Overfull \hbox (9.6222pt too wide) in paragraph at lines 3--4
\JY2/mc/m/n/10 よ
 []


Overfull \hbox (9.6222pt too wide) in paragraph at lines 3--4
\JY2/mc/m/n/10 る
 []


Overfull \hbox (9.6222pt too wide) in paragraph at lines 3--4
\JY2/mc/m/n/10 災
 []


Overfull \hbox (9.6222pt too wide) in paragraph at lines 3--4
\JY2/mc/m/n/10 害
 []


Overfull \hbox (9.6222pt too wide) in paragraph at lines 3--4
\JY2/mc/m/n/10 発
 []


Overfull \hbox (9.6222pt too wide) in paragraph at lines 3--4
\JY2/mc/m/n/10 生
 []


Overfull \hbox (13.93329pt too wide) in paragraph at lines 3--4
\JY2/mc/m/n/10 時 ，
 []


Overfull \hbox (9.6222pt too wide) in paragraph at lines 3--4
\JY2/mc/m/n/10 大
 []


Overfull \hbox (9.6222pt too wide) in paragraph at lines 3--4
\JY2/mc/m/n/10 規
 []


Overfull \hbox (9.6222pt too wide) in paragraph at lines 3--4
\JY2/mc/m/n/10 模
 []


Overfull \hbox (9.6222pt too wide) in paragraph at lines 3--4
\JY2/mc/m/n/10 で
 []


Overfull \hbox (9.6222pt too wide) in paragraph at lines 3--4
\JY2/mc/m/n/10 広
 []


Overfull \hbox (9.6222pt too wide) in paragraph at lines 3--4
\JY2/mc/m/n/10 範
 []


Overfull \hbox (9.6222pt too wide) in paragraph at lines 3--4
\JY2/mc/m/n/10 囲
 []


Overfull \hbox (9.6222pt too wide) in paragraph at lines 3--4
\JY2/mc/m/n/10 に
 []


Overfull \hbox (9.6222pt too wide) in paragraph at lines 3--4
\JY2/mc/m/n/10 及
 []


Overfull \hbox (9.6222pt too wide) in paragraph at lines 3--4
\JY2/mc/m/n/10 ぶ
 []


Overfull \hbox (9.6222pt too wide) in paragraph at lines 3--4
\JY2/mc/m/n/10 被
 []


Overfull \hbox (9.6222pt too wide) in paragraph at lines 3--4
\JY2/mc/m/n/10 災
 []


Overfull \hbox (9.6222pt too wide) in paragraph at lines 3--4
\JY2/mc/m/n/10 地
 []


Overfull \hbox (9.6222pt too wide) in paragraph at lines 3--4
\JY2/mc/m/n/10 で
 []


Overfull \hbox (9.6222pt too wide) in paragraph at lines 3--4
\JY2/mc/m/n/10 の
 []


Overfull \hbox (9.6222pt too wide) in paragraph at lines 3--4
\JY2/mc/m/n/10 救
 []


Overfull \hbox (9.6222pt too wide) in paragraph at lines 3--4
\JY2/mc/m/n/10 助
 []


Overfull \hbox (9.6222pt too wide) in paragraph at lines 3--4
\JY2/mc/m/n/10 活
 []


Overfull \hbox (9.6222pt too wide) in paragraph at lines 3--4
\JY2/mc/m/n/10 動
 []


Overfull \hbox (9.6222pt too wide) in paragraph at lines 3--4
\JY2/mc/m/n/10 に
 []


Overfull \hbox (9.6222pt too wide) in paragraph at lines 3--4
\JY2/mc/m/n/10 お
 []


Overfull \hbox (9.6222pt too wide) in paragraph at lines 3--4
\JY2/mc/m/n/10 い
 []


Overfull \hbox (13.93329pt too wide) in paragraph at lines 3--4
\JY2/mc/m/n/10 て ，
 []


Overfull \hbox (9.6222pt too wide) in paragraph at lines 3--4
\JY2/mc/m/n/10 正
 []


Overfull \hbox (9.6222pt too wide) in paragraph at lines 3--4
\JY2/mc/m/n/10 確
 []


Overfull \hbox (9.6222pt too wide) in paragraph at lines 3--4
\JY2/mc/m/n/10 な
 []


Overfull \hbox (9.6222pt too wide) in paragraph at lines 3--4
\JY2/mc/m/n/10 情
 []


Overfull \hbox (9.6222pt too wide) in paragraph at lines 3--4
\JY2/mc/m/n/10 報
 []


Overfull \hbox (9.6222pt too wide) in paragraph at lines 3--4
\JY2/mc/m/n/10 収
 []


Overfull \hbox (9.6222pt too wide) in paragraph at lines 3--4
\JY2/mc/m/n/10 集
 []


Overfull \hbox (9.6222pt too wide) in paragraph at lines 3--4
\JY2/mc/m/n/10 を
 []


Overfull \hbox (9.6222pt too wide) in paragraph at lines 3--4
\JY2/mc/m/n/10 迅
 []


Overfull \hbox (9.6222pt too wide) in paragraph at lines 3--4
\JY2/mc/m/n/10 速
 []


Overfull \hbox (9.6222pt too wide) in paragraph at lines 3--4
\JY2/mc/m/n/10 か
 []


Overfull \hbox (9.6222pt too wide) in paragraph at lines 3--4
\JY2/mc/m/n/10 つ
 []


Overfull \hbox (9.6222pt too wide) in paragraph at lines 3--4
\JY2/mc/m/n/10 安
 []


Overfull \hbox (9.6222pt too wide) in paragraph at lines 3--4
\JY2/mc/m/n/10 全
 []


Overfull \hbox (9.6222pt too wide) in paragraph at lines 3--4
\JY2/mc/m/n/10 に
 []


Overfull \hbox (9.6222pt too wide) in paragraph at lines 3--4
\JY2/mc/m/n/10 行
 []


Overfull \hbox (9.6222pt too wide) in paragraph at lines 3--4
\JY2/mc/m/n/10 な
 []


Overfull \hbox (9.6222pt too wide) in paragraph at lines 3--4
\JY2/mc/m/n/10 う
 []


Overfull \hbox (9.6222pt too wide) in paragraph at lines 3--4
\JY2/mc/m/n/10 こ
 []


Overfull \hbox (9.6222pt too wide) in paragraph at lines 3--4
\JY2/mc/m/n/10 と
 []


Overfull \hbox (9.6222pt too wide) in paragraph at lines 3--4
\JY2/mc/m/n/10 が
 []


Overfull \hbox (9.6222pt too wide) in paragraph at lines 3--4
\JY2/mc/m/n/10 必
 []


Overfull \hbox (9.6222pt too wide) in paragraph at lines 3--4
\JY2/mc/m/n/10 要
 []


Overfull \hbox (9.6222pt too wide) in paragraph at lines 3--4
\JY2/mc/m/n/10 と
 []


Overfull \hbox (9.6222pt too wide) in paragraph at lines 3--4
\JY2/mc/m/n/10 さ
 []


Overfull \hbox (9.6222pt too wide) in paragraph at lines 3--4
\JY2/mc/m/n/10 れ
 []


Overfull \hbox (13.93329pt too wide) in paragraph at lines 3--4
\JY2/mc/m/n/10 る ．
 []


Overfull \hbox (9.6222pt too wide) in paragraph at lines 3--4
\JY2/mc/m/n/10 被
 []


Overfull \hbox (9.6222pt too wide) in paragraph at lines 3--4
\JY2/mc/m/n/10 災
 []


Overfull \hbox (9.6222pt too wide) in paragraph at lines 3--4
\JY2/mc/m/n/10 地
 []


Overfull \hbox (9.6222pt too wide) in paragraph at lines 3--4
\JY2/mc/m/n/10 で
 []


Overfull \hbox (13.93329pt too wide) in paragraph at lines 3--4
\JY2/mc/m/n/10 は ，
 []


Overfull \hbox (9.6222pt too wide) in paragraph at lines 3--4
\JY2/mc/m/n/10 建
 []


Overfull \hbox (9.6222pt too wide) in paragraph at lines 3--4
\JY2/mc/m/n/10 物
 []


Overfull \hbox (9.6222pt too wide) in paragraph at lines 3--4
\JY2/mc/m/n/10 の
 []


Overfull \hbox (9.6222pt too wide) in paragraph at lines 3--4
\JY2/mc/m/n/10 崩
 []


Overfull \hbox (9.6222pt too wide) in paragraph at lines 3--4
\JY2/mc/m/n/10 壊
 []


Overfull \hbox (9.6222pt too wide) in paragraph at lines 3--4
\JY2/mc/m/n/10 や
 []


Overfull \hbox (9.6222pt too wide) in paragraph at lines 3--4
\JY2/mc/m/n/10 地
 []


Overfull \hbox (9.6222pt too wide) in paragraph at lines 3--4
\JY2/mc/m/n/10 盤
 []


Overfull \hbox (9.6222pt too wide) in paragraph at lines 3--4
\JY2/mc/m/n/10 沈
 []


Overfull \hbox (9.6222pt too wide) in paragraph at lines 3--4
\JY2/mc/m/n/10 下
 []


Overfull \hbox (9.6222pt too wide) in paragraph at lines 3--4
\JY2/mc/m/n/10 な
 []


Overfull \hbox (9.6222pt too wide) in paragraph at lines 3--4
\JY2/mc/m/n/10 ど
 []


Overfull \hbox (9.6222pt too wide) in paragraph at lines 3--4
\JY2/mc/m/n/10 の
 []


Overfull \hbox (9.6222pt too wide) in paragraph at lines 3--4
\JY2/mc/m/n/10 理
 []


Overfull \hbox (9.6222pt too wide) in paragraph at lines 3--4
\JY2/mc/m/n/10 由
 []


Overfull \hbox (9.6222pt too wide) in paragraph at lines 3--4
\JY2/mc/m/n/10 に
 []


Overfull \hbox (9.6222pt too wide) in paragraph at lines 3--4
\JY2/mc/m/n/10 よ
 []


Overfull \hbox (9.6222pt too wide) in paragraph at lines 3--4
\JY2/mc/m/n/10 る
 []


Overfull \hbox (9.6222pt too wide) in paragraph at lines 3--4
\JY2/mc/m/n/10 交
 []


Overfull \hbox (9.6222pt too wide) in paragraph at lines 3--4
\JY2/mc/m/n/10 通
 []


Overfull \hbox (9.6222pt too wide) in paragraph at lines 3--4
\JY2/mc/m/n/10 網
 []


Overfull \hbox (9.6222pt too wide) in paragraph at lines 3--4
\JY2/mc/m/n/10 の
 []


Overfull \hbox (9.6222pt too wide) in paragraph at lines 3--4
\JY2/mc/m/n/10 混
 []


Overfull \hbox (9.6222pt too wide) in paragraph at lines 3--4
\JY2/mc/m/n/10 乱
 []


Overfull \hbox (13.93329pt too wide) in paragraph at lines 3--4
\JY2/mc/m/n/10 で ，
 []


Overfull \hbox (9.6222pt too wide) in paragraph at lines 3--4
\JY2/mc/m/n/10 地
 []


Overfull \hbox (9.6222pt too wide) in paragraph at lines 3--4
\JY2/mc/m/n/10 上
 []


Overfull \hbox (9.6222pt too wide) in paragraph at lines 3--4
\JY2/mc/m/n/10 に
 []


Overfull \hbox (9.6222pt too wide) in paragraph at lines 3--4
\JY2/mc/m/n/10 お
 []


Overfull \hbox (9.6222pt too wide) in paragraph at lines 3--4
\JY2/mc/m/n/10 け
 []


Overfull \hbox (9.6222pt too wide) in paragraph at lines 3--4
\JY2/mc/m/n/10 る
 []


Overfull \hbox (9.6222pt too wide) in paragraph at lines 3--4
\JY2/mc/m/n/10 情
 []


Overfull \hbox (9.6222pt too wide) in paragraph at lines 3--4
\JY2/mc/m/n/10 報
 []


Overfull \hbox (9.6222pt too wide) in paragraph at lines 3--4
\JY2/mc/m/n/10 収
 []


Overfull \hbox (9.6222pt too wide) in paragraph at lines 3--4
\JY2/mc/m/n/10 集
 []


Overfull \hbox (9.6222pt too wide) in paragraph at lines 3--4
\JY2/mc/m/n/10 活
 []


Overfull \hbox (9.6222pt too wide) in paragraph at lines 3--4
\JY2/mc/m/n/10 動
 []


Overfull \hbox (9.6222pt too wide) in paragraph at lines 3--4
\JY2/mc/m/n/10 は
 []


Overfull \hbox (9.6222pt too wide) in paragraph at lines 3--4
\JY2/mc/m/n/10 困
 []


Overfull \hbox (9.6222pt too wide) in paragraph at lines 3--4
\JY2/mc/m/n/10 難
 []


Overfull \hbox (9.6222pt too wide) in paragraph at lines 3--4
\JY2/mc/m/n/10 と
 []


Overfull \hbox (9.6222pt too wide) in paragraph at lines 3--4
\JY2/mc/m/n/10 な
 []


Overfull \hbox (13.93329pt too wide) in paragraph at lines 3--4
\JY2/mc/m/n/10 る ．
 []


Overfull \hbox (9.6222pt too wide) in paragraph at lines 3--4
\JY2/mc/m/n/10 同
 []


Overfull \hbox (9.6222pt too wide) in paragraph at lines 3--4
\JY2/mc/m/n/10 時
 []


Overfull \hbox (13.93329pt too wide) in paragraph at lines 3--4
\JY2/mc/m/n/10 に ，
 []


Overfull \hbox (9.6222pt too wide) in paragraph at lines 3--4
\JY2/mc/m/n/10 緊
 []


Overfull \hbox (9.6222pt too wide) in paragraph at lines 3--4
\JY2/mc/m/n/10 急
 []


Overfull \hbox (9.6222pt too wide) in paragraph at lines 3--4
\JY2/mc/m/n/10 を
 []


Overfull \hbox (9.6222pt too wide) in paragraph at lines 3--4
\JY2/mc/m/n/10 要
 []


Overfull \hbox (9.6222pt too wide) in paragraph at lines 3--4
\JY2/mc/m/n/10 す
 []


Overfull \hbox (9.6222pt too wide) in paragraph at lines 3--4
\JY2/mc/m/n/10 る
 []


Overfull \hbox (9.6222pt too wide) in paragraph at lines 3--4
\JY2/mc/m/n/10 救
 []


Overfull \hbox (9.6222pt too wide) in paragraph at lines 3--4
\JY2/mc/m/n/10 援
 []


Overfull \hbox (9.6222pt too wide) in paragraph at lines 3--4
\JY2/mc/m/n/10 物
 []


Overfull \hbox (9.6222pt too wide) in paragraph at lines 3--4
\JY2/mc/m/n/10 資
 []


Overfull \hbox (9.6222pt too wide) in paragraph at lines 3--4
\JY2/mc/m/n/10 の
 []


Overfull \hbox (9.6222pt too wide) in paragraph at lines 3--4
\JY2/mc/m/n/10 運
 []


Overfull \hbox (9.6222pt too wide) in paragraph at lines 3--4
\JY2/mc/m/n/10 搬
 []


Overfull \hbox (9.6222pt too wide) in paragraph at lines 3--4
\JY2/mc/m/n/10 も
 []


Overfull \hbox (9.6222pt too wide) in paragraph at lines 3--4
\JY2/mc/m/n/10 難
 []


Overfull \hbox (9.6222pt too wide) in paragraph at lines 3--4
\JY2/mc/m/n/10 し
 []


Overfull \hbox (9.6222pt too wide) in paragraph at lines 3--4
\JY2/mc/m/n/10 く
 []


Overfull \hbox (9.6222pt too wide) in paragraph at lines 3--4
\JY2/mc/m/n/10 な
 []


Overfull \hbox (13.93329pt too wide) in paragraph at lines 3--4
\JY2/mc/m/n/10 る ． 
 []

LaTeX Font Info:    Font shape `JT2/mc/m/n' will be
(Font)              scaled to size 9.6222pt on input line 4.
LaTeX Font Info:    Font shape `JY2/mc/m/n' will be
(Font)              scaled to size 9.6222pt on input line 4.

./1.tex:4: LaTeX Error: The font size command \normalsize is not defined:
               there is probably something wrong with the class file.

See the LaTeX manual or LaTeX Companion for explanation.
Type  H <return>  for immediate help.
 ...                                              
                                                  
l.4 
    
Your command was ignored.
Type  I <command> <return>  to replace it with another command,
or  <return>  to continue without it.

[1]

./1.tex:5: LaTeX Error: Missing \begin{document}.

See the LaTeX manual or LaTeX Companion for explanation.
Type  H <return>  for immediate help.
 ...                                              
                                                  
l.5 こ
       れらの課題に対し，地上状態の影響を受けない空の...
You're in trouble here.  Try typing  <return>  to proceed.
If that doesn't work, type  X <return>  to quit.


Overfull \hbox (29.6222pt too wide) in paragraph at lines 5--6
[]\JY2/mc/m/n/10 こ
 []


Overfull \hbox (9.6222pt too wide) in paragraph at lines 5--6
\JY2/mc/m/n/10 れ
 []


Overfull \hbox (9.6222pt too wide) in paragraph at lines 5--6
\JY2/mc/m/n/10 ら
 []


Overfull \hbox (9.6222pt too wide) in paragraph at lines 5--6
\JY2/mc/m/n/10 の
 []


Overfull \hbox (9.6222pt too wide) in paragraph at lines 5--6
\JY2/mc/m/n/10 課
 []


Overfull \hbox (9.6222pt too wide) in paragraph at lines 5--6
\JY2/mc/m/n/10 題
 []


Overfull \hbox (9.6222pt too wide) in paragraph at lines 5--6
\JY2/mc/m/n/10 に
 []


Overfull \hbox (9.6222pt too wide) in paragraph at lines 5--6
\JY2/mc/m/n/10 対
 []


Overfull \hbox (13.93329pt too wide) in paragraph at lines 5--6
\JY2/mc/m/n/10 し ，
 []


Overfull \hbox (9.6222pt too wide) in paragraph at lines 5--6
\JY2/mc/m/n/10 地
 []


Overfull \hbox (9.6222pt too wide) in paragraph at lines 5--6
\JY2/mc/m/n/10 上
 []


Overfull \hbox (9.6222pt too wide) in paragraph at lines 5--6
\JY2/mc/m/n/10 状
 []


Overfull \hbox (9.6222pt too wide) in paragraph at lines 5--6
\JY2/mc/m/n/10 態
 []


Overfull \hbox (9.6222pt too wide) in paragraph at lines 5--6
\JY2/mc/m/n/10 の
 []


Overfull \hbox (9.6222pt too wide) in paragraph at lines 5--6
\JY2/mc/m/n/10 影
 []


Overfull \hbox (9.6222pt too wide) in paragraph at lines 5--6
\JY2/mc/m/n/10 響
 []


Overfull \hbox (9.6222pt too wide) in paragraph at lines 5--6
\JY2/mc/m/n/10 を
 []


Overfull \hbox (9.6222pt too wide) in paragraph at lines 5--6
\JY2/mc/m/n/10 受
 []


Overfull \hbox (9.6222pt too wide) in paragraph at lines 5--6
\JY2/mc/m/n/10 け
 []


Overfull \hbox (9.6222pt too wide) in paragraph at lines 5--6
\JY2/mc/m/n/10 な
 []


Overfull \hbox (9.6222pt too wide) in paragraph at lines 5--6
\JY2/mc/m/n/10 い
 []


Overfull \hbox (9.6222pt too wide) in paragraph at lines 5--6
\JY2/mc/m/n/10 空
 []


Overfull \hbox (9.6222pt too wide) in paragraph at lines 5--6
\JY2/mc/m/n/10 の
 []


Overfull \hbox (9.6222pt too wide) in paragraph at lines 5--6
\JY2/mc/m/n/10 利
 []


Overfull \hbox (9.6222pt too wide) in paragraph at lines 5--6
\JY2/mc/m/n/10 用
 []


Overfull \hbox (9.6222pt too wide) in paragraph at lines 5--6
\JY2/mc/m/n/10 が
 []


Overfull \hbox (9.6222pt too wide) in paragraph at lines 5--6
\JY2/mc/m/n/10 有
 []


Overfull \hbox (9.6222pt too wide) in paragraph at lines 5--6
\JY2/mc/m/n/10 効
 []


Overfull \hbox (9.6222pt too wide) in paragraph at lines 5--6
\JY2/mc/m/n/10 で
 []


Overfull \hbox (9.6222pt too wide) in paragraph at lines 5--6
\JY2/mc/m/n/10 あ
 []


Overfull \hbox (13.93329pt too wide) in paragraph at lines 5--6
\JY2/mc/m/n/10 り ，
 []


Overfull \hbox (9.6222pt too wide) in paragraph at lines 5--6
\JY2/mc/m/n/10 特
 []


Overfull \hbox (13.93329pt too wide) in paragraph at lines 5--6
\JY2/mc/m/n/10 に ，
 []


Overfull \hbox (9.6222pt too wide) in paragraph at lines 5--6
\JY2/mc/m/n/10 無
 []


Overfull \hbox (9.6222pt too wide) in paragraph at lines 5--6
\JY2/mc/m/n/10 人
 []


Overfull \hbox (9.6222pt too wide) in paragraph at lines 5--6
\JY2/mc/m/n/10 航
 []


Overfull \hbox (9.6222pt too wide) in paragraph at lines 5--6
\JY2/mc/m/n/10 空
 []


Overfull \hbox (9.6222pt too wide) in paragraph at lines 5--6
\JY2/mc/m/n/10 機
 []


Overfull \hbox (20.27782pt too wide) in paragraph at lines 5--6
\OT1/cmr/m/n/10 (Un-
 []


Overfull \hbox (34.44453pt too wide) in paragraph at lines 5--6
\OT1/cmr/m/n/10 manned
 []


Overfull \hbox (26.41672pt too wide) in paragraph at lines 5--6
\OT1/cmr/m/n/10 Aerial
 []


Overfull \hbox (14.44444pt too wide) in paragraph at lines 5--6
\OT1/cmr/m/n/10 Ve-
 []


Overfull \hbox (13.33334pt too wide) in paragraph at lines 5--6
\OT1/cmr/m/n/10 he-
 []


Overfull \hbox (17.22224pt too wide) in paragraph at lines 5--6
\OT1/cmr/m/n/10 icle,
 []


Overfull \hbox (25.27782pt too wide) in paragraph at lines 5--6
\OT1/cmr/m/n/10 UAV)
 []


Overfull \hbox (9.6222pt too wide) in paragraph at lines 5--6
\JY2/mc/m/n/10 は
 []


Overfull \hbox (9.6222pt too wide) in paragraph at lines 5--6
\JY2/mc/m/n/10 有
 []


Overfull \hbox (9.6222pt too wide) in paragraph at lines 5--6
\JY2/mc/m/n/10 用
 []


Overfull \hbox (9.6222pt too wide) in paragraph at lines 5--6
\JY2/mc/m/n/10 で
 []


Overfull \hbox (9.6222pt too wide) in paragraph at lines 5--6
\JY2/mc/m/n/10 あ
 []


Overfull \hbox (13.93329pt too wide) in paragraph at lines 5--6
\JY2/mc/m/n/10 る ．
 []


Overfull \hbox (21.38892pt too wide) in paragraph at lines 5--6
\OT1/cmr/m/n/10 UAV
 []


Overfull \hbox (13.93329pt too wide) in paragraph at lines 5--6
\JY2/mc/m/n/10 は ，
 []


Overfull \hbox (9.6222pt too wide) in paragraph at lines 5--6
\JY2/mc/m/n/10 そ
 []


Overfull \hbox (9.6222pt too wide) in paragraph at lines 5--6
\JY2/mc/m/n/10 の
 []


Overfull \hbox (9.6222pt too wide) in paragraph at lines 5--6
\JY2/mc/m/n/10 名
 []


Overfull \hbox (9.6222pt too wide) in paragraph at lines 5--6
\JY2/mc/m/n/10 前
 []


Overfull \hbox (9.6222pt too wide) in paragraph at lines 5--6
\JY2/mc/m/n/10 の
 []


Overfull \hbox (9.6222pt too wide) in paragraph at lines 5--6
\JY2/mc/m/n/10 と
 []


Overfull \hbox (9.6222pt too wide) in paragraph at lines 5--6
\JY2/mc/m/n/10 お
 []


Overfull \hbox (9.6222pt too wide) in paragraph at lines 5--6
\JY2/mc/m/n/10 り
 []


Overfull \hbox (9.6222pt too wide) in paragraph at lines 5--6
\JY2/mc/m/n/10 操
 []


Overfull \hbox (9.6222pt too wide) in paragraph at lines 5--6
\JY2/mc/m/n/10 縦
 []


Overfull \hbox (9.6222pt too wide) in paragraph at lines 5--6
\JY2/mc/m/n/10 者
 []


Overfull \hbox (9.6222pt too wide) in paragraph at lines 5--6
\JY2/mc/m/n/10 を
 []


Overfull \hbox (9.6222pt too wide) in paragraph at lines 5--6
\JY2/mc/m/n/10 機
 []


Overfull \hbox (9.6222pt too wide) in paragraph at lines 5--6
\JY2/mc/m/n/10 体
 []


Overfull \hbox (9.6222pt too wide) in paragraph at lines 5--6
\JY2/mc/m/n/10 に
 []


Overfull \hbox (9.6222pt too wide) in paragraph at lines 5--6
\JY2/mc/m/n/10 搭
 []


Overfull \hbox (9.6222pt too wide) in paragraph at lines 5--6
\JY2/mc/m/n/10 乗
 []


Overfull \hbox (9.6222pt too wide) in paragraph at lines 5--6
\JY2/mc/m/n/10 し
 []


Overfull \hbox (9.6222pt too wide) in paragraph at lines 5--6
\JY2/mc/m/n/10 な
 []


Overfull \hbox (9.6222pt too wide) in paragraph at lines 5--6
\JY2/mc/m/n/10 い
 []


Overfull \hbox (9.6222pt too wide) in paragraph at lines 5--6
\JY2/mc/m/n/10 航
 []


Overfull \hbox (9.6222pt too wide) in paragraph at lines 5--6
\JY2/mc/m/n/10 空
 []


Overfull \hbox (9.6222pt too wide) in paragraph at lines 5--6
\JY2/mc/m/n/10 機
 []


Overfull \hbox (9.6222pt too wide) in paragraph at lines 5--6
\JY2/mc/m/n/10 で
 []


Overfull \hbox (9.6222pt too wide) in paragraph at lines 5--6
\JY2/mc/m/n/10 あ
 []


Overfull \hbox (13.93329pt too wide) in paragraph at lines 5--6
\JY2/mc/m/n/10 り ，
 []


Overfull \hbox (9.6222pt too wide) in paragraph at lines 5--6
\JY2/mc/m/n/10 大
 []


Overfull \hbox (9.6222pt too wide) in paragraph at lines 5--6
\JY2/mc/m/n/10 規
 []


Overfull \hbox (9.6222pt too wide) in paragraph at lines 5--6
\JY2/mc/m/n/10 模
 []


Overfull \hbox (9.6222pt too wide) in paragraph at lines 5--6
\JY2/mc/m/n/10 災
 []


Overfull \hbox (9.6222pt too wide) in paragraph at lines 5--6
\JY2/mc/m/n/10 害
 []


Overfull \hbox (9.6222pt too wide) in paragraph at lines 5--6
\JY2/mc/m/n/10 時
 []


Overfull \hbox (9.6222pt too wide) in paragraph at lines 5--6
\JY2/mc/m/n/10 に
 []


Overfull \hbox (9.6222pt too wide) in paragraph at lines 5--6
\JY2/mc/m/n/10 有
 []


Overfull \hbox (9.6222pt too wide) in paragraph at lines 5--6
\JY2/mc/m/n/10 人
 []


Overfull \hbox (9.6222pt too wide) in paragraph at lines 5--6
\JY2/mc/m/n/10 操
 []


Overfull \hbox (9.6222pt too wide) in paragraph at lines 5--6
\JY2/mc/m/n/10 縦
 []


Overfull \hbox (9.6222pt too wide) in paragraph at lines 5--6
\JY2/mc/m/n/10 者
 []


Overfull \hbox (9.6222pt too wide) in paragraph at lines 5--6
\JY2/mc/m/n/10 が
 []


Overfull \hbox (9.6222pt too wide) in paragraph at lines 5--6
\JY2/mc/m/n/10 行
 []


Overfull \hbox (9.6222pt too wide) in paragraph at lines 5--6
\JY2/mc/m/n/10 な
 []


Overfull \hbox (9.6222pt too wide) in paragraph at lines 5--6
\JY2/mc/m/n/10 う
 []


Overfull \hbox (9.6222pt too wide) in paragraph at lines 5--6
\JY2/mc/m/n/10 に
 []


Overfull \hbox (9.6222pt too wide) in paragraph at lines 5--6
\JY2/mc/m/n/10 は
 []


Overfull \hbox (9.6222pt too wide) in paragraph at lines 5--6
\JY2/mc/m/n/10 危
 []


Overfull \hbox (9.6222pt too wide) in paragraph at lines 5--6
\JY2/mc/m/n/10 険
 []


Overfull \hbox (9.6222pt too wide) in paragraph at lines 5--6
\JY2/mc/m/n/10 な
 []


Overfull \hbox (9.6222pt too wide) in paragraph at lines 5--6
\JY2/mc/m/n/10 任
 []


Overfull \hbox (9.6222pt too wide) in paragraph at lines 5--6
\JY2/mc/m/n/10 務
 []


Overfull \hbox (9.6222pt too wide) in paragraph at lines 5--6
\JY2/mc/m/n/10 を
 []


Overfull \hbox (9.6222pt too wide) in paragraph at lines 5--6
\JY2/mc/m/n/10 遂
 []


Overfull \hbox (9.6222pt too wide) in paragraph at lines 5--6
\JY2/mc/m/n/10 行
 []


Overfull \hbox (9.6222pt too wide) in paragraph at lines 5--6
\JY2/mc/m/n/10 す
 []


Overfull \hbox (9.6222pt too wide) in paragraph at lines 5--6
\JY2/mc/m/n/10 る
 []


Overfull \hbox (9.6222pt too wide) in paragraph at lines 5--6
\JY2/mc/m/n/10 こ
 []


Overfull \hbox (9.6222pt too wide) in paragraph at lines 5--6
\JY2/mc/m/n/10 と
 []


Overfull \hbox (9.6222pt too wide) in paragraph at lines 5--6
\JY2/mc/m/n/10 が
 []


Overfull \hbox (9.6222pt too wide) in paragraph at lines 5--6
\JY2/mc/m/n/10 可
 []


Overfull \hbox (9.6222pt too wide) in paragraph at lines 5--6
\JY2/mc/m/n/10 能
 []


Overfull \hbox (9.6222pt too wide) in paragraph at lines 5--6
\JY2/mc/m/n/10 で
 []


Overfull \hbox (9.6222pt too wide) in paragraph at lines 5--6
\JY2/mc/m/n/10 あ
 []


Overfull \hbox (13.93329pt too wide) in paragraph at lines 5--6
\JY2/mc/m/n/10 る ．
 []


Overfull \hbox (9.6222pt too wide) in paragraph at lines 5--6
\JY2/mc/m/n/10 災
 []


Overfull \hbox (9.6222pt too wide) in paragraph at lines 5--6
\JY2/mc/m/n/10 害
 []


Overfull \hbox (9.6222pt too wide) in paragraph at lines 5--6
\JY2/mc/m/n/10 調
 []


Overfull \hbox (9.6222pt too wide) in paragraph at lines 5--6
\JY2/mc/m/n/10 査
 []


Overfull \hbox (9.6222pt too wide) in paragraph at lines 5--6
\JY2/mc/m/n/10 や
 []


Overfull \hbox (9.6222pt too wide) in paragraph at lines 5--6
\JY2/mc/m/n/10 空
 []


Overfull \hbox (9.6222pt too wide) in paragraph at lines 5--6
\JY2/mc/m/n/10 撮
 []


Overfull \hbox (9.6222pt too wide) in paragraph at lines 5--6
\JY2/mc/m/n/10 を
 []


Overfull \hbox (9.6222pt too wide) in paragraph at lines 5--6
\JY2/mc/m/n/10 行
 []


Overfull \hbox (9.6222pt too wide) in paragraph at lines 5--6
\JY2/mc/m/n/10 な
 []


Overfull \hbox (13.93329pt too wide) in paragraph at lines 5--6
\JY2/mc/m/n/10 い ，
 []


Overfull \hbox (9.6222pt too wide) in paragraph at lines 5--6
\JY2/mc/m/n/10 荷
 []


Overfull \hbox (9.6222pt too wide) in paragraph at lines 5--6
\JY2/mc/m/n/10 物
 []


Overfull \hbox (9.6222pt too wide) in paragraph at lines 5--6
\JY2/mc/m/n/10 の
 []


Overfull \hbox (9.6222pt too wide) in paragraph at lines 5--6
\JY2/mc/m/n/10 積
 []


Overfull \hbox (9.6222pt too wide) in paragraph at lines 5--6
\JY2/mc/m/n/10 載
 []


Overfull \hbox (9.6222pt too wide) in paragraph at lines 5--6
\JY2/mc/m/n/10 能
 []


Overfull \hbox (9.6222pt too wide) in paragraph at lines 5--6
\JY2/mc/m/n/10 力
 []


Overfull \hbox (9.6222pt too wide) in paragraph at lines 5--6
\JY2/mc/m/n/10 や
 []


Overfull \hbox (9.6222pt too wide) in paragraph at lines 5--6
\JY2/mc/m/n/10 離
 []


Overfull \hbox (9.6222pt too wide) in paragraph at lines 5--6
\JY2/mc/m/n/10 着
 []


Overfull \hbox (9.6222pt too wide) in paragraph at lines 5--6
\JY2/mc/m/n/10 陸
 []


Overfull \hbox (9.6222pt too wide) in paragraph at lines 5--6
\JY2/mc/m/n/10 能
 []


Overfull \hbox (9.6222pt too wide) in paragraph at lines 5--6
\JY2/mc/m/n/10 力
 []


Overfull \hbox (9.6222pt too wide) in paragraph at lines 5--6
\JY2/mc/m/n/10 に
 []


Overfull \hbox (9.6222pt too wide) in paragraph at lines 5--6
\JY2/mc/m/n/10 よ
 []


Overfull \hbox (9.6222pt too wide) in paragraph at lines 5--6
\JY2/mc/m/n/10 っ
 []


Overfull \hbox (9.6222pt too wide) in paragraph at lines 5--6
\JY2/mc/m/n/10 て
 []


Overfull \hbox (13.93329pt too wide) in paragraph at lines 5--6
\JY2/mc/m/n/10 は ，
 []


Overfull \hbox (9.6222pt too wide) in paragraph at lines 5--6
\JY2/mc/m/n/10 運
 []


Overfull \hbox (9.6222pt too wide) in paragraph at lines 5--6
\JY2/mc/m/n/10 搬
 []


Overfull \hbox (9.6222pt too wide) in paragraph at lines 5--6
\JY2/mc/m/n/10 利
 []


Overfull \hbox (9.6222pt too wide) in paragraph at lines 5--6
\JY2/mc/m/n/10 用
 []


Overfull \hbox (9.6222pt too wide) in paragraph at lines 5--6
\JY2/mc/m/n/10 も
 []


Overfull \hbox (9.6222pt too wide) in paragraph at lines 5--6
\JY2/mc/m/n/10 可
 []


Overfull \hbox (9.6222pt too wide) in paragraph at lines 5--6
\JY2/mc/m/n/10 能
 []


Overfull \hbox (9.6222pt too wide) in paragraph at lines 5--6
\JY2/mc/m/n/10 で
 []


Overfull \hbox (9.6222pt too wide) in paragraph at lines 5--6
\JY2/mc/m/n/10 あ
 []


Overfull \hbox (13.93329pt too wide) in paragraph at lines 5--6
\JY2/mc/m/n/10 る ．
 []


Overfull \hbox (9.6222pt too wide) in paragraph at lines 5--6
\JY2/mc/m/n/10 た
 []


Overfull \hbox (9.6222pt too wide) in paragraph at lines 5--6
\JY2/mc/m/n/10 だ
 []


Overfull \hbox (9.6222pt too wide) in paragraph at lines 5--6
\JY2/mc/m/n/10 し
 []


Overfull \hbox (9.6222pt too wide) in paragraph at lines 5--6
\JY2/mc/m/n/10 物
 []


Overfull \hbox (9.6222pt too wide) in paragraph at lines 5--6
\JY2/mc/m/n/10 資
 []


Overfull \hbox (9.6222pt too wide) in paragraph at lines 5--6
\JY2/mc/m/n/10 運
 []


Overfull \hbox (9.6222pt too wide) in paragraph at lines 5--6
\JY2/mc/m/n/10 搬
 []


Overfull \hbox (9.6222pt too wide) in paragraph at lines 5--6
\JY2/mc/m/n/10 で
 []


Overfull \hbox (9.6222pt too wide) in paragraph at lines 5--6
\JY2/mc/m/n/10 利
 []


Overfull \hbox (9.6222pt too wide) in paragraph at lines 5--6
\JY2/mc/m/n/10 用
 []


Overfull \hbox (9.6222pt too wide) in paragraph at lines 5--6
\JY2/mc/m/n/10 す
 []


Overfull \hbox (9.6222pt too wide) in paragraph at lines 5--6
\JY2/mc/m/n/10 る
 []


Overfull \hbox (9.6222pt too wide) in paragraph at lines 5--6
\JY2/mc/m/n/10 場
 []


Overfull \hbox (9.6222pt too wide) in paragraph at lines 5--6
\JY2/mc/m/n/10 合
 []


Overfull \hbox (13.93329pt too wide) in paragraph at lines 5--6
\JY2/mc/m/n/10 は ，
 []


Overfull \hbox (9.6222pt too wide) in paragraph at lines 5--6
\JY2/mc/m/n/10 救
 []


Overfull \hbox (9.6222pt too wide) in paragraph at lines 5--6
\JY2/mc/m/n/10 助
 []


Overfull \hbox (9.6222pt too wide) in paragraph at lines 5--6
\JY2/mc/m/n/10 者
 []


Overfull \hbox (9.6222pt too wide) in paragraph at lines 5--6
\JY2/mc/m/n/10 の
 []


Overfull \hbox (9.6222pt too wide) in paragraph at lines 5--6
\JY2/mc/m/n/10 近
 []


Overfull \hbox (9.6222pt too wide) in paragraph at lines 5--6
\JY2/mc/m/n/10 く
 []


Overfull \hbox (9.6222pt too wide) in paragraph at lines 5--6
\JY2/mc/m/n/10 を
 []


Overfull \hbox (9.6222pt too wide) in paragraph at lines 5--6
\JY2/mc/m/n/10 飛
 []


Overfull \hbox (9.6222pt too wide) in paragraph at lines 5--6
\JY2/mc/m/n/10 行
 []


Overfull \hbox (9.6222pt too wide) in paragraph at lines 5--6
\JY2/mc/m/n/10 す
 []


Overfull \hbox (9.6222pt too wide) in paragraph at lines 5--6
\JY2/mc/m/n/10 る
 []


Overfull \hbox (9.6222pt too wide) in paragraph at lines 5--6
\JY2/mc/m/n/10 た
 []


Overfull \hbox (9.6222pt too wide) in paragraph at lines 5--6
\JY2/mc/m/n/10 め
 []


Overfull \hbox (9.6222pt too wide) in paragraph at lines 5--6
\JY2/mc/m/n/10 対
 []


Overfull \hbox (9.6222pt too wide) in paragraph at lines 5--6
\JY2/mc/m/n/10 人
 []


Overfull \hbox (9.6222pt too wide) in paragraph at lines 5--6
\JY2/mc/m/n/10 安
 []


Overfull \hbox (9.6222pt too wide) in paragraph at lines 5--6
\JY2/mc/m/n/10 全
 []


Overfull \hbox (9.6222pt too wide) in paragraph at lines 5--6
\JY2/mc/m/n/10 性
 []


Overfull \hbox (9.6222pt too wide) in paragraph at lines 5--6
\JY2/mc/m/n/10 も
 []


Overfull \hbox (9.6222pt too wide) in paragraph at lines 5--6
\JY2/mc/m/n/10 考
 []


Overfull \hbox (9.6222pt too wide) in paragraph at lines 5--6
\JY2/mc/m/n/10 慮
 []


Overfull \hbox (9.6222pt too wide) in paragraph at lines 5--6
\JY2/mc/m/n/10 し
 []


Overfull \hbox (9.6222pt too wide) in paragraph at lines 5--6
\JY2/mc/m/n/10 な
 []


Overfull \hbox (9.6222pt too wide) in paragraph at lines 5--6
\JY2/mc/m/n/10 け
 []


Overfull \hbox (9.6222pt too wide) in paragraph at lines 5--6
\JY2/mc/m/n/10 れ
 []


Overfull \hbox (9.6222pt too wide) in paragraph at lines 5--6
\JY2/mc/m/n/10 ば
 []


Overfull \hbox (9.6222pt too wide) in paragraph at lines 5--6
\JY2/mc/m/n/10 な
 []


Overfull \hbox (9.6222pt too wide) in paragraph at lines 5--6
\JY2/mc/m/n/10 ら
 []


Overfull \hbox (9.6222pt too wide) in paragraph at lines 5--6
\JY2/mc/m/n/10 な
 []


Overfull \hbox (13.93329pt too wide) in paragraph at lines 5--6
\JY2/mc/m/n/10 い ． 
 []


./1.tex:7: LaTeX Error: Missing \begin{document}.

See the LaTeX manual or LaTeX Companion for explanation.
Type  H <return>  for immediate help.
 ...                                              
                                                  
l.7 U
     AVは，飛行機のような形状の固定翼機と，ヘリコプタ...
You're in trouble here.  Try typing  <return>  to proceed.
If that doesn't work, type  X <return>  to quit.


Overfull \hbox (41.38892pt too wide) in paragraph at lines 7--8
[]\OT1/cmr/m/n/10 UAV
 []


Overfull \hbox (13.93329pt too wide) in paragraph at lines 7--8
\JY2/mc/m/n/10 は ，
 []


Overfull \hbox (9.6222pt too wide) in paragraph at lines 7--8
\JY2/mc/m/n/10 飛
 []


Overfull \hbox (9.6222pt too wide) in paragraph at lines 7--8
\JY2/mc/m/n/10 行
 []


Overfull \hbox (9.6222pt too wide) in paragraph at lines 7--8
\JY2/mc/m/n/10 機
 []


Overfull \hbox (9.6222pt too wide) in paragraph at lines 7--8
\JY2/mc/m/n/10 の
 []


Overfull \hbox (9.6222pt too wide) in paragraph at lines 7--8
\JY2/mc/m/n/10 よ
 []


Overfull \hbox (9.6222pt too wide) in paragraph at lines 7--8
\JY2/mc/m/n/10 う
 []


Overfull \hbox (9.6222pt too wide) in paragraph at lines 7--8
\JY2/mc/m/n/10 な
 []


Overfull \hbox (9.6222pt too wide) in paragraph at lines 7--8
\JY2/mc/m/n/10 形
 []


Overfull \hbox (9.6222pt too wide) in paragraph at lines 7--8
\JY2/mc/m/n/10 状
 []


Overfull \hbox (9.6222pt too wide) in paragraph at lines 7--8
\JY2/mc/m/n/10 の
 []


Overfull \hbox (9.6222pt too wide) in paragraph at lines 7--8
\JY2/mc/m/n/10 固
 []


Overfull \hbox (9.6222pt too wide) in paragraph at lines 7--8
\JY2/mc/m/n/10 定
 []


Overfull \hbox (9.6222pt too wide) in paragraph at lines 7--8
\JY2/mc/m/n/10 翼
 []


Overfull \hbox (9.6222pt too wide) in paragraph at lines 7--8
\JY2/mc/m/n/10 機
 []


Overfull \hbox (13.93329pt too wide) in paragraph at lines 7--8
\JY2/mc/m/n/10 と ，
 []


Overfull \hbox (9.6222pt too wide) in paragraph at lines 7--8
\JY2/mc/m/n/10 ヘ
 []


Overfull \hbox (9.6222pt too wide) in paragraph at lines 7--8
\JY2/mc/m/n/10 リ
 []


Overfull \hbox (9.6222pt too wide) in paragraph at lines 7--8
\JY2/mc/m/n/10 コ
 []


Overfull \hbox (9.6222pt too wide) in paragraph at lines 7--8
\JY2/mc/m/n/10 プ
 []


Overfull \hbox (9.6222pt too wide) in paragraph at lines 7--8
\JY2/mc/m/n/10 タ
 []


Overfull \hbox (9.6222pt too wide) in paragraph at lines 7--8
\JY2/mc/m/n/10 の
 []


Overfull \hbox (9.6222pt too wide) in paragraph at lines 7--8
\JY2/mc/m/n/10 よ
 []


Overfull \hbox (9.6222pt too wide) in paragraph at lines 7--8
\JY2/mc/m/n/10 う
 []


Overfull \hbox (9.6222pt too wide) in paragraph at lines 7--8
\JY2/mc/m/n/10 な
 []


Overfull \hbox (18.74438pt too wide) in paragraph at lines 7--8
\JY2/mc/m/n/10 ロ ー
 []


Overfull \hbox (9.6222pt too wide) in paragraph at lines 7--8
\JY2/mc/m/n/10 タ
 []


Overfull \hbox (13.5111pt too wide) in paragraph at lines 7--8
\OT1/cmr/m/n/10 (\JY2/mc/m/n/10 回
 []


Overfull \hbox (9.6222pt too wide) in paragraph at lines 7--8
\JY2/mc/m/n/10 転
 []


Overfull \hbox (13.5111pt too wide) in paragraph at lines 7--8
\JY2/mc/m/n/10 翼\OT1/cmr/m/n/10 )
 []


Overfull \hbox (9.6222pt too wide) in paragraph at lines 7--8
\JY2/mc/m/n/10 を
 []


Overfull \hbox (9.6222pt too wide) in paragraph at lines 7--8
\JY2/mc/m/n/10 持
 []


Overfull \hbox (9.6222pt too wide) in paragraph at lines 7--8
\JY2/mc/m/n/10 つ
 []


Overfull \hbox (9.6222pt too wide) in paragraph at lines 7--8
\JY2/mc/m/n/10 回
 []


Overfull \hbox (9.6222pt too wide) in paragraph at lines 7--8
\JY2/mc/m/n/10 転
 []


Overfull \hbox (9.6222pt too wide) in paragraph at lines 7--8
\JY2/mc/m/n/10 翼
 []


Overfull \hbox (9.6222pt too wide) in paragraph at lines 7--8
\JY2/mc/m/n/10 機
 []


Overfull \hbox (9.6222pt too wide) in paragraph at lines 7--8
\JY2/mc/m/n/10 に
 []


Overfull \hbox (9.6222pt too wide) in paragraph at lines 7--8
\JY2/mc/m/n/10 大
 []


Overfull \hbox (9.6222pt too wide) in paragraph at lines 7--8
\JY2/mc/m/n/10 き
 []


Overfull \hbox (9.6222pt too wide) in paragraph at lines 7--8
\JY2/mc/m/n/10 く
 []


Overfull \hbox (9.6222pt too wide) in paragraph at lines 7--8
\JY2/mc/m/n/10 分
 []


Overfull \hbox (9.6222pt too wide) in paragraph at lines 7--8
\JY2/mc/m/n/10 け
 []


Overfull \hbox (9.6222pt too wide) in paragraph at lines 7--8
\JY2/mc/m/n/10 ら
 []


Overfull \hbox (13.93329pt too wide) in paragraph at lines 7--8
\JY2/mc/m/n/10 れ ，
 []


Overfull \hbox (9.6222pt too wide) in paragraph at lines 7--8
\JY2/mc/m/n/10 そ
 []


Overfull \hbox (9.6222pt too wide) in paragraph at lines 7--8
\JY2/mc/m/n/10 れ
 []


Overfull \hbox (9.6222pt too wide) in paragraph at lines 7--8
\JY2/mc/m/n/10 ぞ
 []


Overfull \hbox (9.6222pt too wide) in paragraph at lines 7--8
\JY2/mc/m/n/10 れ
 []


Overfull \hbox (9.6222pt too wide) in paragraph at lines 7--8
\JY2/mc/m/n/10 異
 []


Overfull \hbox (9.6222pt too wide) in paragraph at lines 7--8
\JY2/mc/m/n/10 な
 []


Overfull \hbox (9.6222pt too wide) in paragraph at lines 7--8
\JY2/mc/m/n/10 る
 []


Overfull \hbox (9.6222pt too wide) in paragraph at lines 7--8
\JY2/mc/m/n/10 特
 []


Overfull \hbox (9.6222pt too wide) in paragraph at lines 7--8
\JY2/mc/m/n/10 徴
 []


Overfull \hbox (9.6222pt too wide) in paragraph at lines 7--8
\JY2/mc/m/n/10 を
 []


Overfull \hbox (9.6222pt too wide) in paragraph at lines 7--8
\JY2/mc/m/n/10 持
 []


Overfull \hbox (13.93329pt too wide) in paragraph at lines 7--8
\JY2/mc/m/n/10 つ ．
 []


Overfull \hbox (9.6222pt too wide) in paragraph at lines 7--8
\JY2/mc/m/n/10 固
 []


Overfull \hbox (9.6222pt too wide) in paragraph at lines 7--8
\JY2/mc/m/n/10 定
 []


Overfull \hbox (9.6222pt too wide) in paragraph at lines 7--8
\JY2/mc/m/n/10 翼
 []


Overfull \hbox (9.6222pt too wide) in paragraph at lines 7--8
\JY2/mc/m/n/10 機
 []


Overfull \hbox (13.93329pt too wide) in paragraph at lines 7--8
\JY2/mc/m/n/10 は ，
 []


Overfull \hbox (9.6222pt too wide) in paragraph at lines 7--8
\JY2/mc/m/n/10 速
 []


Overfull \hbox (9.6222pt too wide) in paragraph at lines 7--8
\JY2/mc/m/n/10 い
 []


Overfull \hbox (9.6222pt too wide) in paragraph at lines 7--8
\JY2/mc/m/n/10 巡
 []


Overfull \hbox (9.6222pt too wide) in paragraph at lines 7--8
\JY2/mc/m/n/10 航
 []


Overfull \hbox (9.6222pt too wide) in paragraph at lines 7--8
\JY2/mc/m/n/10 速
 []


Overfull \hbox (9.6222pt too wide) in paragraph at lines 7--8
\JY2/mc/m/n/10 度
 []


Overfull \hbox (9.6222pt too wide) in paragraph at lines 7--8
\JY2/mc/m/n/10 で
 []


Overfull \hbox (9.6222pt too wide) in paragraph at lines 7--8
\JY2/mc/m/n/10 飛
 []


Overfull \hbox (9.6222pt too wide) in paragraph at lines 7--8
\JY2/mc/m/n/10 行
 []


Overfull \hbox (9.6222pt too wide) in paragraph at lines 7--8
\JY2/mc/m/n/10 で
 []


Overfull \hbox (13.93329pt too wide) in paragraph at lines 7--8
\JY2/mc/m/n/10 き ，
 []


Overfull \hbox (9.6222pt too wide) in paragraph at lines 7--8
\JY2/mc/m/n/10 推
 []


Overfull \hbox (9.6222pt too wide) in paragraph at lines 7--8
\JY2/mc/m/n/10 進
 []


Overfull \hbox (9.6222pt too wide) in paragraph at lines 7--8
\JY2/mc/m/n/10 効
 []


Overfull \hbox (9.6222pt too wide) in paragraph at lines 7--8
\JY2/mc/m/n/10 率
 []


Overfull \hbox (9.6222pt too wide) in paragraph at lines 7--8
\JY2/mc/m/n/10 も
 []


Overfull \hbox (9.6222pt too wide) in paragraph at lines 7--8
\JY2/mc/m/n/10 良
 []


Overfull \hbox (9.6222pt too wide) in paragraph at lines 7--8
\JY2/mc/m/n/10 い
 []


Overfull \hbox (9.6222pt too wide) in paragraph at lines 7--8
\JY2/mc/m/n/10 た
 []


Overfull \hbox (9.6222pt too wide) in paragraph at lines 7--8
\JY2/mc/m/n/10 め
 []


Overfull \hbox (9.6222pt too wide) in paragraph at lines 7--8
\JY2/mc/m/n/10 長
 []


Overfull \hbox (9.6222pt too wide) in paragraph at lines 7--8
\JY2/mc/m/n/10 距
 []


Overfull \hbox (9.6222pt too wide) in paragraph at lines 7--8
\JY2/mc/m/n/10 離
 []


Overfull \hbox (9.6222pt too wide) in paragraph at lines 7--8
\JY2/mc/m/n/10 の
 []


Overfull \hbox (9.6222pt too wide) in paragraph at lines 7--8
\JY2/mc/m/n/10 飛
 []


Overfull \hbox (9.6222pt too wide) in paragraph at lines 7--8
\JY2/mc/m/n/10 行
 []


Overfull \hbox (9.6222pt too wide) in paragraph at lines 7--8
\JY2/mc/m/n/10 が
 []


Overfull \hbox (9.6222pt too wide) in paragraph at lines 7--8
\JY2/mc/m/n/10 可
 []


Overfull \hbox (9.6222pt too wide) in paragraph at lines 7--8
\JY2/mc/m/n/10 能
 []


Overfull \hbox (9.6222pt too wide) in paragraph at lines 7--8
\JY2/mc/m/n/10 で
 []


Overfull \hbox (9.6222pt too wide) in paragraph at lines 7--8
\JY2/mc/m/n/10 あ
 []


Overfull \hbox (9.6222pt too wide) in paragraph at lines 7--8
\JY2/mc/m/n/10 る
 []


Overfull \hbox (13.93329pt too wide) in paragraph at lines 7--8
\JY2/mc/m/n/10 が ，
 []


Overfull \hbox (9.6222pt too wide) in paragraph at lines 7--8
\JY2/mc/m/n/10 一
 []


Overfull \hbox (9.6222pt too wide) in paragraph at lines 7--8
\JY2/mc/m/n/10 方
 []


Overfull \hbox (9.6222pt too wide) in paragraph at lines 7--8
\JY2/mc/m/n/10 で
 []


Overfull \hbox (9.6222pt too wide) in paragraph at lines 7--8
\JY2/mc/m/n/10 離
 []


Overfull \hbox (9.6222pt too wide) in paragraph at lines 7--8
\JY2/mc/m/n/10 着
 []


Overfull \hbox (9.6222pt too wide) in paragraph at lines 7--8
\JY2/mc/m/n/10 陸
 []


Overfull \hbox (9.6222pt too wide) in paragraph at lines 7--8
\JY2/mc/m/n/10 に
 []


Overfull \hbox (9.6222pt too wide) in paragraph at lines 7--8
\JY2/mc/m/n/10 滑
 []


Overfull \hbox (9.6222pt too wide) in paragraph at lines 7--8
\JY2/mc/m/n/10 走
 []


Overfull \hbox (9.6222pt too wide) in paragraph at lines 7--8
\JY2/mc/m/n/10 路
 []


Overfull \hbox (9.6222pt too wide) in paragraph at lines 7--8
\JY2/mc/m/n/10 が
 []


Overfull \hbox (9.6222pt too wide) in paragraph at lines 7--8
\JY2/mc/m/n/10 必
 []


Overfull \hbox (9.6222pt too wide) in paragraph at lines 7--8
\JY2/mc/m/n/10 要
 []


Overfull \hbox (9.6222pt too wide) in paragraph at lines 7--8
\JY2/mc/m/n/10 で
 []


Overfull \hbox (9.6222pt too wide) in paragraph at lines 7--8
\JY2/mc/m/n/10 あ
 []


Overfull \hbox (13.93329pt too wide) in paragraph at lines 7--8
\JY2/mc/m/n/10 る ．
 []


Overfull \hbox (9.6222pt too wide) in paragraph at lines 7--8
\JY2/mc/m/n/10 回
 []


Overfull \hbox (9.6222pt too wide) in paragraph at lines 7--8
\JY2/mc/m/n/10 転
 []


Overfull \hbox (9.6222pt too wide) in paragraph at lines 7--8
\JY2/mc/m/n/10 翼
 []


Overfull \hbox (9.6222pt too wide) in paragraph at lines 7--8
\JY2/mc/m/n/10 機
 []


Overfull \hbox (13.93329pt too wide) in paragraph at lines 7--8
\JY2/mc/m/n/10 は ，
 []


Overfull \hbox (9.6222pt too wide) in paragraph at lines 7--8
\JY2/mc/m/n/10 垂
 []


Overfull \hbox (9.6222pt too wide) in paragraph at lines 7--8
\JY2/mc/m/n/10 直
 []


Overfull \hbox (9.6222pt too wide) in paragraph at lines 7--8
\JY2/mc/m/n/10 離
 []


Overfull \hbox (9.6222pt too wide) in paragraph at lines 7--8
\JY2/mc/m/n/10 着
 []


Overfull \hbox (9.6222pt too wide) in paragraph at lines 7--8
\JY2/mc/m/n/10 陸
 []


Overfull \hbox (13.93329pt too wide) in paragraph at lines 7--8
\JY2/mc/m/n/10 で ，
 []


Overfull \hbox (9.6222pt too wide) in paragraph at lines 7--8
\JY2/mc/m/n/10 ホ
 []


Overfull \hbox (9.6222pt too wide) in paragraph at lines 7--8
\JY2/mc/m/n/10 バ
 []


Overfull \hbox (9.6222pt too wide) in paragraph at lines 7--8
\JY2/mc/m/n/10 リ
 []


Overfull \hbox (9.6222pt too wide) in paragraph at lines 7--8
\JY2/mc/m/n/10 ン
 []


Overfull \hbox (9.6222pt too wide) in paragraph at lines 7--8
\JY2/mc/m/n/10 グ
 []


Overfull \hbox (9.6222pt too wide) in paragraph at lines 7--8
\JY2/mc/m/n/10 も
 []


Overfull \hbox (9.6222pt too wide) in paragraph at lines 7--8
\JY2/mc/m/n/10 可
 []


Overfull \hbox (9.6222pt too wide) in paragraph at lines 7--8
\JY2/mc/m/n/10 能
 []


Overfull \hbox (9.6222pt too wide) in paragraph at lines 7--8
\JY2/mc/m/n/10 で
 []


Overfull \hbox (9.6222pt too wide) in paragraph at lines 7--8
\JY2/mc/m/n/10 あ
 []


Overfull \hbox (9.6222pt too wide) in paragraph at lines 7--8
\JY2/mc/m/n/10 る
 []


Overfull \hbox (13.93329pt too wide) in paragraph at lines 7--8
\JY2/mc/m/n/10 が ，
 []


Overfull \hbox (9.6222pt too wide) in paragraph at lines 7--8
\JY2/mc/m/n/10 一
 []


Overfull \hbox (9.6222pt too wide) in paragraph at lines 7--8
\JY2/mc/m/n/10 方
 []


Overfull \hbox (9.6222pt too wide) in paragraph at lines 7--8
\JY2/mc/m/n/10 で
 []


Overfull \hbox (9.6222pt too wide) in paragraph at lines 7--8
\JY2/mc/m/n/10 固
 []


Overfull \hbox (9.6222pt too wide) in paragraph at lines 7--8
\JY2/mc/m/n/10 定
 []


Overfull \hbox (9.6222pt too wide) in paragraph at lines 7--8
\JY2/mc/m/n/10 翼
 []


Overfull \hbox (9.6222pt too wide) in paragraph at lines 7--8
\JY2/mc/m/n/10 機
 []


Overfull \hbox (9.6222pt too wide) in paragraph at lines 7--8
\JY2/mc/m/n/10 に
 []


Overfull \hbox (9.6222pt too wide) in paragraph at lines 7--8
\JY2/mc/m/n/10 比
 []


Overfull \hbox (9.6222pt too wide) in paragraph at lines 7--8
\JY2/mc/m/n/10 べ
 []


Overfull \hbox (9.6222pt too wide) in paragraph at lines 7--8
\JY2/mc/m/n/10 て
 []


Overfull \hbox (9.6222pt too wide) in paragraph at lines 7--8
\JY2/mc/m/n/10 巡
 []


Overfull \hbox (9.6222pt too wide) in paragraph at lines 7--8
\JY2/mc/m/n/10 航
 []


Overfull \hbox (9.6222pt too wide) in paragraph at lines 7--8
\JY2/mc/m/n/10 速
 []


Overfull \hbox (9.6222pt too wide) in paragraph at lines 7--8
\JY2/mc/m/n/10 度
 []


Overfull \hbox (9.6222pt too wide) in paragraph at lines 7--8
\JY2/mc/m/n/10 が
 []


Overfull \hbox (9.6222pt too wide) in paragraph at lines 7--8
\JY2/mc/m/n/10 遅
 []


Overfull \hbox (13.93329pt too wide) in paragraph at lines 7--8
\JY2/mc/m/n/10 く ，
 []


Overfull \hbox (9.6222pt too wide) in paragraph at lines 7--8
\JY2/mc/m/n/10 推
 []


Overfull \hbox (9.6222pt too wide) in paragraph at lines 7--8
\JY2/mc/m/n/10 進
 []


Overfull \hbox (9.6222pt too wide) in paragraph at lines 7--8
\JY2/mc/m/n/10 効
 []


Overfull \hbox (9.6222pt too wide) in paragraph at lines 7--8
\JY2/mc/m/n/10 率
 []


Overfull \hbox (9.6222pt too wide) in paragraph at lines 7--8
\JY2/mc/m/n/10 が
 []


Overfull \hbox (9.6222pt too wide) in paragraph at lines 7--8
\JY2/mc/m/n/10 悪
 []


Overfull \hbox (13.93329pt too wide) in paragraph at lines 7--8
\JY2/mc/m/n/10 い ． 
 []


./1.tex:9: LaTeX Error: Missing \begin{document}.

See the LaTeX manual or LaTeX Companion for explanation.
Type  H <return>  for immediate help.
 ...                                              
                                                  
l.9 現
       在，災害発生時にUAVが利用される場合，それぞれの...
You're in trouble here.  Try typing  <return>  to proceed.
If that doesn't work, type  X <return>  to quit.


Overfull \hbox (29.6222pt too wide) in paragraph at lines 9--10
[]\JY2/mc/m/n/10 現
 []


Overfull \hbox (13.93329pt too wide) in paragraph at lines 9--10
\JY2/mc/m/n/10 在 ，
 []


Overfull \hbox (9.6222pt too wide) in paragraph at lines 9--10
\JY2/mc/m/n/10 災
 []


Overfull \hbox (9.6222pt too wide) in paragraph at lines 9--10
\JY2/mc/m/n/10 害
 []


Overfull \hbox (9.6222pt too wide) in paragraph at lines 9--10
\JY2/mc/m/n/10 発
 []


Overfull \hbox (9.6222pt too wide) in paragraph at lines 9--10
\JY2/mc/m/n/10 生
 []


Overfull \hbox (9.6222pt too wide) in paragraph at lines 9--10
\JY2/mc/m/n/10 時
 []


Overfull \hbox (9.6222pt too wide) in paragraph at lines 9--10
\JY2/mc/m/n/10 に
 []


Overfull \hbox (21.38892pt too wide) in paragraph at lines 9--10
\OT1/cmr/m/n/10 UAV
 []


Overfull \hbox (9.6222pt too wide) in paragraph at lines 9--10
\JY2/mc/m/n/10 が
 []


Overfull \hbox (9.6222pt too wide) in paragraph at lines 9--10
\JY2/mc/m/n/10 利
 []


Overfull \hbox (9.6222pt too wide) in paragraph at lines 9--10
\JY2/mc/m/n/10 用
 []


Overfull \hbox (9.6222pt too wide) in paragraph at lines 9--10
\JY2/mc/m/n/10 さ
 []


Overfull \hbox (9.6222pt too wide) in paragraph at lines 9--10
\JY2/mc/m/n/10 れ
 []


Overfull \hbox (9.6222pt too wide) in paragraph at lines 9--10
\JY2/mc/m/n/10 る
 []


Overfull \hbox (9.6222pt too wide) in paragraph at lines 9--10
\JY2/mc/m/n/10 場
 []


Overfull \hbox (13.93329pt too wide) in paragraph at lines 9--10
\JY2/mc/m/n/10 合 ，
 []


Overfull \hbox (9.6222pt too wide) in paragraph at lines 9--10
\JY2/mc/m/n/10 そ
 []


Overfull \hbox (9.6222pt too wide) in paragraph at lines 9--10
\JY2/mc/m/n/10 れ
 []


Overfull \hbox (9.6222pt too wide) in paragraph at lines 9--10
\JY2/mc/m/n/10 ぞ
 []


Overfull \hbox (9.6222pt too wide) in paragraph at lines 9--10
\JY2/mc/m/n/10 れ
 []


Overfull \hbox (9.6222pt too wide) in paragraph at lines 9--10
\JY2/mc/m/n/10 の
 []


Overfull \hbox (9.6222pt too wide) in paragraph at lines 9--10
\JY2/mc/m/n/10 長
 []


Overfull \hbox (9.6222pt too wide) in paragraph at lines 9--10
\JY2/mc/m/n/10 所
 []


Overfull \hbox (9.6222pt too wide) in paragraph at lines 9--10
\JY2/mc/m/n/10 と
 []


Overfull \hbox (9.6222pt too wide) in paragraph at lines 9--10
\JY2/mc/m/n/10 短
 []


Overfull \hbox (9.6222pt too wide) in paragraph at lines 9--10
\JY2/mc/m/n/10 所
 []


Overfull \hbox (9.6222pt too wide) in paragraph at lines 9--10
\JY2/mc/m/n/10 を
 []


Overfull \hbox (9.6222pt too wide) in paragraph at lines 9--10
\JY2/mc/m/n/10 考
 []


Overfull \hbox (9.6222pt too wide) in paragraph at lines 9--10
\JY2/mc/m/n/10 慮
 []


Overfull \hbox (13.93329pt too wide) in paragraph at lines 9--10
\JY2/mc/m/n/10 し ，
 []


Overfull \hbox (9.6222pt too wide) in paragraph at lines 9--10
\JY2/mc/m/n/10 災
 []


Overfull \hbox (9.6222pt too wide) in paragraph at lines 9--10
\JY2/mc/m/n/10 害
 []


Overfull \hbox (9.6222pt too wide) in paragraph at lines 9--10
\JY2/mc/m/n/10 状
 []


Overfull \hbox (9.6222pt too wide) in paragraph at lines 9--10
\JY2/mc/m/n/10 況
 []


Overfull \hbox (9.6222pt too wide) in paragraph at lines 9--10
\JY2/mc/m/n/10 や
 []


Overfull \hbox (9.6222pt too wide) in paragraph at lines 9--10
\JY2/mc/m/n/10 用
 []


Overfull \hbox (9.6222pt too wide) in paragraph at lines 9--10
\JY2/mc/m/n/10 途
 []


Overfull \hbox (9.6222pt too wide) in paragraph at lines 9--10
\JY2/mc/m/n/10 に
 []


Overfull \hbox (9.6222pt too wide) in paragraph at lines 9--10
\JY2/mc/m/n/10 よ
 []


Overfull \hbox (9.6222pt too wide) in paragraph at lines 9--10
\JY2/mc/m/n/10 っ
 []


Overfull \hbox (9.6222pt too wide) in paragraph at lines 9--10
\JY2/mc/m/n/10 て
 []


Overfull \hbox (9.6222pt too wide) in paragraph at lines 9--10
\JY2/mc/m/n/10 使
 []


Overfull \hbox (9.6222pt too wide) in paragraph at lines 9--10
\JY2/mc/m/n/10 い
 []


Overfull \hbox (9.6222pt too wide) in paragraph at lines 9--10
\JY2/mc/m/n/10 分
 []


Overfull \hbox (9.6222pt too wide) in paragraph at lines 9--10
\JY2/mc/m/n/10 け
 []


Overfull \hbox (9.6222pt too wide) in paragraph at lines 9--10
\JY2/mc/m/n/10 ら
 []


Overfull \hbox (9.6222pt too wide) in paragraph at lines 9--10
\JY2/mc/m/n/10 れ
 []


Overfull \hbox (9.6222pt too wide) in paragraph at lines 9--10
\JY2/mc/m/n/10 て
 []


Overfull \hbox (9.6222pt too wide) in paragraph at lines 9--10
\JY2/mc/m/n/10 い
 []


Overfull \hbox (13.93329pt too wide) in paragraph at lines 9--10
\JY2/mc/m/n/10 る ．
 []


Overfull \hbox (9.6222pt too wide) in paragraph at lines 9--10
\JY2/mc/m/n/10 し
 []


Overfull \hbox (9.6222pt too wide) in paragraph at lines 9--10
\JY2/mc/m/n/10 か
 []


Overfull \hbox (13.93329pt too wide) in paragraph at lines 9--10
\JY2/mc/m/n/10 し ，
 []


Overfull \hbox (9.6222pt too wide) in paragraph at lines 9--10
\JY2/mc/m/n/10 大
 []


Overfull \hbox (9.6222pt too wide) in paragraph at lines 9--10
\JY2/mc/m/n/10 規
 []


Overfull \hbox (9.6222pt too wide) in paragraph at lines 9--10
\JY2/mc/m/n/10 模
 []


Overfull \hbox (9.6222pt too wide) in paragraph at lines 9--10
\JY2/mc/m/n/10 災
 []


Overfull \hbox (9.6222pt too wide) in paragraph at lines 9--10
\JY2/mc/m/n/10 害
 []


Overfull \hbox (9.6222pt too wide) in paragraph at lines 9--10
\JY2/mc/m/n/10 発
 []


Overfull \hbox (9.6222pt too wide) in paragraph at lines 9--10
\JY2/mc/m/n/10 生
 []


Overfull \hbox (9.6222pt too wide) in paragraph at lines 9--10
\JY2/mc/m/n/10 時
 []


Overfull \hbox (9.6222pt too wide) in paragraph at lines 9--10
\JY2/mc/m/n/10 に
 []


Overfull \hbox (9.6222pt too wide) in paragraph at lines 9--10
\JY2/mc/m/n/10 お
 []


Overfull \hbox (9.6222pt too wide) in paragraph at lines 9--10
\JY2/mc/m/n/10 い
 []


Overfull \hbox (9.6222pt too wide) in paragraph at lines 9--10
\JY2/mc/m/n/10 て
 []


Overfull \hbox (13.93329pt too wide) in paragraph at lines 9--10
\JY2/mc/m/n/10 は ，
 []


Overfull \hbox (9.6222pt too wide) in paragraph at lines 9--10
\JY2/mc/m/n/10 従
 []


Overfull \hbox (9.6222pt too wide) in paragraph at lines 9--10
\JY2/mc/m/n/10 来
 []


Overfull \hbox (9.6222pt too wide) in paragraph at lines 9--10
\JY2/mc/m/n/10 の
 []


Overfull \hbox (21.38892pt too wide) in paragraph at lines 9--10
\OT1/cmr/m/n/10 UAV
 []


Overfull \hbox (9.6222pt too wide) in paragraph at lines 9--10
\JY2/mc/m/n/10 で
 []


Overfull \hbox (9.6222pt too wide) in paragraph at lines 9--10
\JY2/mc/m/n/10 は
 []


Overfull \hbox (9.6222pt too wide) in paragraph at lines 9--10
\JY2/mc/m/n/10 任
 []


Overfull \hbox (9.6222pt too wide) in paragraph at lines 9--10
\JY2/mc/m/n/10 務
 []


Overfull \hbox (9.6222pt too wide) in paragraph at lines 9--10
\JY2/mc/m/n/10 を
 []


Overfull \hbox (9.6222pt too wide) in paragraph at lines 9--10
\JY2/mc/m/n/10 効
 []


Overfull \hbox (9.6222pt too wide) in paragraph at lines 9--10
\JY2/mc/m/n/10 率
 []


Overfull \hbox (9.6222pt too wide) in paragraph at lines 9--10
\JY2/mc/m/n/10 的
 []


Overfull \hbox (9.6222pt too wide) in paragraph at lines 9--10
\JY2/mc/m/n/10 に
 []


Overfull \hbox (9.6222pt too wide) in paragraph at lines 9--10
\JY2/mc/m/n/10 遂
 []


Overfull \hbox (9.6222pt too wide) in paragraph at lines 9--10
\JY2/mc/m/n/10 行
 []


Overfull \hbox (9.6222pt too wide) in paragraph at lines 9--10
\JY2/mc/m/n/10 す
 []


Overfull \hbox (9.6222pt too wide) in paragraph at lines 9--10
\JY2/mc/m/n/10 る
 []


Overfull \hbox (9.6222pt too wide) in paragraph at lines 9--10
\JY2/mc/m/n/10 こ
 []


Overfull \hbox (9.6222pt too wide) in paragraph at lines 9--10
\JY2/mc/m/n/10 と
 []


Overfull \hbox (9.6222pt too wide) in paragraph at lines 9--10
\JY2/mc/m/n/10 が
 []


Overfull \hbox (9.6222pt too wide) in paragraph at lines 9--10
\JY2/mc/m/n/10 で
 []


Overfull \hbox (9.6222pt too wide) in paragraph at lines 9--10
\JY2/mc/m/n/10 き
 []


Overfull \hbox (9.6222pt too wide) in paragraph at lines 9--10
\JY2/mc/m/n/10 な
 []


Overfull \hbox (9.6222pt too wide) in paragraph at lines 9--10
\JY2/mc/m/n/10 い
 []


Overfull \hbox (9.6222pt too wide) in paragraph at lines 9--10
\JY2/mc/m/n/10 た
 []


Overfull \hbox (13.93329pt too wide) in paragraph at lines 9--10
\JY2/mc/m/n/10 め ，
 []


Overfull \hbox (9.6222pt too wide) in paragraph at lines 9--10
\JY2/mc/m/n/10 よ
 []


Overfull \hbox (9.6222pt too wide) in paragraph at lines 9--10
\JY2/mc/m/n/10 り
 []


Overfull \hbox (9.6222pt too wide) in paragraph at lines 9--10
\JY2/mc/m/n/10 高
 []


Overfull \hbox (9.6222pt too wide) in paragraph at lines 9--10
\JY2/mc/m/n/10 い
 []


Overfull \hbox (9.6222pt too wide) in paragraph at lines 9--10
\JY2/mc/m/n/10 性
 []


Overfull \hbox (9.6222pt too wide) in paragraph at lines 9--10
\JY2/mc/m/n/10 能
 []


Overfull \hbox (9.6222pt too wide) in paragraph at lines 9--10
\JY2/mc/m/n/10 を
 []


Overfull \hbox (9.6222pt too wide) in paragraph at lines 9--10
\JY2/mc/m/n/10 持
 []


Overfull \hbox (9.6222pt too wide) in paragraph at lines 9--10
\JY2/mc/m/n/10 つ
 []


Overfull \hbox (21.38892pt too wide) in paragraph at lines 9--10
\OT1/cmr/m/n/10 UAV
 []


Overfull \hbox (9.6222pt too wide) in paragraph at lines 9--10
\JY2/mc/m/n/10 の
 []


Overfull \hbox (9.6222pt too wide) in paragraph at lines 9--10
\JY2/mc/m/n/10 開
 []


Overfull \hbox (9.6222pt too wide) in paragraph at lines 9--10
\JY2/mc/m/n/10 発
 []


Overfull \hbox (9.6222pt too wide) in paragraph at lines 9--10
\JY2/mc/m/n/10 が
 []


Overfull \hbox (9.6222pt too wide) in paragraph at lines 9--10
\JY2/mc/m/n/10 望
 []


Overfull \hbox (9.6222pt too wide) in paragraph at lines 9--10
\JY2/mc/m/n/10 ま
 []


Overfull \hbox (9.6222pt too wide) in paragraph at lines 9--10
\JY2/mc/m/n/10 れ
 []


Overfull \hbox (13.93329pt too wide) in paragraph at lines 9--10
\JY2/mc/m/n/10 る ． 
 []


./1.tex:11: LaTeX Error: Missing \begin{document}.

See the LaTeX manual or LaTeX Companion for explanation.
Type  H <return>  for immediate help.
 ...                                              
                                                  
l.11 そ
        こで我々は，固定翼機と回転翼機のそれぞれの長...
You're in trouble here.  Try typing  <return>  to proceed.
If that doesn't work, type  X <return>  to quit.


Overfull \hbox (29.6222pt too wide) in paragraph at lines 11--12
[]\JY2/mc/m/n/10 そ
 []


Overfull \hbox (9.6222pt too wide) in paragraph at lines 11--12
\JY2/mc/m/n/10 こ
 []


Overfull \hbox (9.6222pt too wide) in paragraph at lines 11--12
\JY2/mc/m/n/10 で
 []


Overfull \hbox (18.74438pt too wide) in paragraph at lines 11--12
\JY2/mc/m/n/10 我 々
 []


Overfull \hbox (13.93329pt too wide) in paragraph at lines 11--12
\JY2/mc/m/n/10 は ，
 []


Overfull \hbox (9.6222pt too wide) in paragraph at lines 11--12
\JY2/mc/m/n/10 固
 []


Overfull \hbox (9.6222pt too wide) in paragraph at lines 11--12
\JY2/mc/m/n/10 定
 []


Overfull \hbox (9.6222pt too wide) in paragraph at lines 11--12
\JY2/mc/m/n/10 翼
 []


Overfull \hbox (9.6222pt too wide) in paragraph at lines 11--12
\JY2/mc/m/n/10 機
 []


Overfull \hbox (9.6222pt too wide) in paragraph at lines 11--12
\JY2/mc/m/n/10 と
 []


Overfull \hbox (9.6222pt too wide) in paragraph at lines 11--12
\JY2/mc/m/n/10 回
 []


Overfull \hbox (9.6222pt too wide) in paragraph at lines 11--12
\JY2/mc/m/n/10 転
 []


Overfull \hbox (9.6222pt too wide) in paragraph at lines 11--12
\JY2/mc/m/n/10 翼
 []


Overfull \hbox (9.6222pt too wide) in paragraph at lines 11--12
\JY2/mc/m/n/10 機
 []


Overfull \hbox (9.6222pt too wide) in paragraph at lines 11--12
\JY2/mc/m/n/10 の
 []


Overfull \hbox (9.6222pt too wide) in paragraph at lines 11--12
\JY2/mc/m/n/10 そ
 []


Overfull \hbox (9.6222pt too wide) in paragraph at lines 11--12
\JY2/mc/m/n/10 れ
 []


Overfull \hbox (9.6222pt too wide) in paragraph at lines 11--12
\JY2/mc/m/n/10 ぞ
 []


Overfull \hbox (9.6222pt too wide) in paragraph at lines 11--12
\JY2/mc/m/n/10 れ
 []


Overfull \hbox (9.6222pt too wide) in paragraph at lines 11--12
\JY2/mc/m/n/10 の
 []


Overfull \hbox (9.6222pt too wide) in paragraph at lines 11--12
\JY2/mc/m/n/10 長
 []


Overfull \hbox (9.6222pt too wide) in paragraph at lines 11--12
\JY2/mc/m/n/10 所
 []


Overfull \hbox (9.6222pt too wide) in paragraph at lines 11--12
\JY2/mc/m/n/10 を
 []


Overfull \hbox (9.6222pt too wide) in paragraph at lines 11--12
\JY2/mc/m/n/10 あ
 []


Overfull \hbox (9.6222pt too wide) in paragraph at lines 11--12
\JY2/mc/m/n/10 わ
 []


Overfull \hbox (9.6222pt too wide) in paragraph at lines 11--12
\JY2/mc/m/n/10 せ
 []


Overfull \hbox (9.6222pt too wide) in paragraph at lines 11--12
\JY2/mc/m/n/10 持
 []


Overfull \hbox (13.93329pt too wide) in paragraph at lines 11--12
\JY2/mc/m/n/10 つ ，
 []


Overfull \hbox (9.6222pt too wide) in paragraph at lines 11--12
\JY2/mc/m/n/10 テ
 []


Overfull \hbox (9.6222pt too wide) in paragraph at lines 11--12
\JY2/mc/m/n/10 ィ
 []


Overfull \hbox (9.6222pt too wide) in paragraph at lines 11--12
\JY2/mc/m/n/10 ル
 []


Overfull \hbox (9.6222pt too wide) in paragraph at lines 11--12
\JY2/mc/m/n/10 ト
 []


Overfull \hbox (18.74438pt too wide) in paragraph at lines 11--12
\JY2/mc/m/n/10 ロ ー
 []


Overfull \hbox (9.6222pt too wide) in paragraph at lines 11--12
\JY2/mc/m/n/10 タ
 []


Overfull \hbox (9.6222pt too wide) in paragraph at lines 11--12
\JY2/mc/m/n/10 機
 []


Overfull \hbox (9.6222pt too wide) in paragraph at lines 11--12
\JY2/mc/m/n/10 に
 []


Overfull \hbox (9.6222pt too wide) in paragraph at lines 11--12
\JY2/mc/m/n/10 着
 []


Overfull \hbox (9.6222pt too wide) in paragraph at lines 11--12
\JY2/mc/m/n/10 目
 []


Overfull \hbox (9.6222pt too wide) in paragraph at lines 11--12
\JY2/mc/m/n/10 し
 []


Overfull \hbox (13.93329pt too wide) in paragraph at lines 11--12
\JY2/mc/m/n/10 た ．
 []


Overfull \hbox (9.6222pt too wide) in paragraph at lines 11--12
\JY2/mc/m/n/10 テ
 []


Overfull \hbox (9.6222pt too wide) in paragraph at lines 11--12
\JY2/mc/m/n/10 ィ
 []


Overfull \hbox (9.6222pt too wide) in paragraph at lines 11--12
\JY2/mc/m/n/10 ル
 []


Overfull \hbox (9.6222pt too wide) in paragraph at lines 11--12
\JY2/mc/m/n/10 ト
 []


Overfull \hbox (18.74438pt too wide) in paragraph at lines 11--12
\JY2/mc/m/n/10 ロ ー
 []


Overfull \hbox (9.6222pt too wide) in paragraph at lines 11--12
\JY2/mc/m/n/10 タ
 []


Overfull \hbox (9.6222pt too wide) in paragraph at lines 11--12
\JY2/mc/m/n/10 機
 []


Overfull \hbox (9.6222pt too wide) in paragraph at lines 11--12
\JY2/mc/m/n/10 と
 []


Overfull \hbox (13.93329pt too wide) in paragraph at lines 11--12
\JY2/mc/m/n/10 は ，
 []


Overfull \hbox (9.6222pt too wide) in paragraph at lines 11--12
\JY2/mc/m/n/10 推
 []


Overfull \hbox (9.6222pt too wide) in paragraph at lines 11--12
\JY2/mc/m/n/10 力
 []


Overfull \hbox (9.6222pt too wide) in paragraph at lines 11--12
\JY2/mc/m/n/10 を
 []


Overfull \hbox (9.6222pt too wide) in paragraph at lines 11--12
\JY2/mc/m/n/10 発
 []


Overfull \hbox (9.6222pt too wide) in paragraph at lines 11--12
\JY2/mc/m/n/10 生
 []


Overfull \hbox (9.6222pt too wide) in paragraph at lines 11--12
\JY2/mc/m/n/10 さ
 []


Overfull \hbox (9.6222pt too wide) in paragraph at lines 11--12
\JY2/mc/m/n/10 せ
 []


Overfull \hbox (9.6222pt too wide) in paragraph at lines 11--12
\JY2/mc/m/n/10 る
 []


Overfull \hbox (9.6222pt too wide) in paragraph at lines 11--12
\JY2/mc/m/n/10 メ
 []


Overfull \hbox (9.6222pt too wide) in paragraph at lines 11--12
\JY2/mc/m/n/10 イ
 []


Overfull \hbox (9.6222pt too wide) in paragraph at lines 11--12
\JY2/mc/m/n/10 ン
 []


Overfull \hbox (18.74438pt too wide) in paragraph at lines 11--12
\JY2/mc/m/n/10 ロ ー
 []


Overfull \hbox (9.6222pt too wide) in paragraph at lines 11--12
\JY2/mc/m/n/10 タ
 []


Overfull \hbox (9.6222pt too wide) in paragraph at lines 11--12
\JY2/mc/m/n/10 を
 []


Overfull \hbox (9.6222pt too wide) in paragraph at lines 11--12
\JY2/mc/m/n/10 機
 []


Overfull \hbox (9.6222pt too wide) in paragraph at lines 11--12
\JY2/mc/m/n/10 体
 []


Overfull \hbox (9.6222pt too wide) in paragraph at lines 11--12
\JY2/mc/m/n/10 に
 []


Overfull \hbox (9.6222pt too wide) in paragraph at lines 11--12
\JY2/mc/m/n/10 対
 []


Overfull \hbox (9.6222pt too wide) in paragraph at lines 11--12
\JY2/mc/m/n/10 し
 []


Overfull \hbox (9.6222pt too wide) in paragraph at lines 11--12
\JY2/mc/m/n/10 て
 []


Overfull \hbox (9.6222pt too wide) in paragraph at lines 11--12
\JY2/mc/m/n/10 鉛
 []


Overfull \hbox (9.6222pt too wide) in paragraph at lines 11--12
\JY2/mc/m/n/10 直
 []


Overfull \hbox (9.6222pt too wide) in paragraph at lines 11--12
\JY2/mc/m/n/10 方
 []


Overfull \hbox (9.6222pt too wide) in paragraph at lines 11--12
\JY2/mc/m/n/10 向
 []


Overfull \hbox (9.6222pt too wide) in paragraph at lines 11--12
\JY2/mc/m/n/10 か
 []


Overfull \hbox (9.6222pt too wide) in paragraph at lines 11--12
\JY2/mc/m/n/10 ら
 []


Overfull \hbox (9.6222pt too wide) in paragraph at lines 11--12
\JY2/mc/m/n/10 水
 []


Overfull \hbox (9.6222pt too wide) in paragraph at lines 11--12
\JY2/mc/m/n/10 平
 []


Overfull \hbox (9.6222pt too wide) in paragraph at lines 11--12
\JY2/mc/m/n/10 方
 []


Overfull \hbox (9.6222pt too wide) in paragraph at lines 11--12
\JY2/mc/m/n/10 向
 []


Overfull \hbox (9.6222pt too wide) in paragraph at lines 11--12
\JY2/mc/m/n/10 ま
 []


Overfull \hbox (9.6222pt too wide) in paragraph at lines 11--12
\JY2/mc/m/n/10 で
 []


Overfull \hbox (9.6222pt too wide) in paragraph at lines 11--12
\JY2/mc/m/n/10 可
 []


Overfull \hbox (9.6222pt too wide) in paragraph at lines 11--12
\JY2/mc/m/n/10 動
 []


Overfull \hbox (9.6222pt too wide) in paragraph at lines 11--12
\JY2/mc/m/n/10 さ
 []


Overfull \hbox (9.6222pt too wide) in paragraph at lines 11--12
\JY2/mc/m/n/10 せ
 []


Overfull \hbox (9.6222pt too wide) in paragraph at lines 11--12
\JY2/mc/m/n/10 る
 []


Overfull \hbox (9.6222pt too wide) in paragraph at lines 11--12
\JY2/mc/m/n/10 こ
 []


Overfull \hbox (9.6222pt too wide) in paragraph at lines 11--12
\JY2/mc/m/n/10 と
 []


Overfull \hbox (13.93329pt too wide) in paragraph at lines 11--12
\JY2/mc/m/n/10 で ，
 []


Overfull \hbox (9.6222pt too wide) in paragraph at lines 11--12
\JY2/mc/m/n/10 固
 []


Overfull \hbox (9.6222pt too wide) in paragraph at lines 11--12
\JY2/mc/m/n/10 定
 []


Overfull \hbox (9.6222pt too wide) in paragraph at lines 11--12
\JY2/mc/m/n/10 翼
 []


Overfull \hbox (9.6222pt too wide) in paragraph at lines 11--12
\JY2/mc/m/n/10 機
 []


Overfull \hbox (18.74438pt too wide) in paragraph at lines 11--12
\JY2/mc/m/n/10 モ ー
 []


Overfull \hbox (9.6222pt too wide) in paragraph at lines 11--12
\JY2/mc/m/n/10 ド
 []


Overfull \hbox (9.6222pt too wide) in paragraph at lines 11--12
\JY2/mc/m/n/10 と
 []


Overfull \hbox (9.6222pt too wide) in paragraph at lines 11--12
\JY2/mc/m/n/10 回
 []


Overfull \hbox (9.6222pt too wide) in paragraph at lines 11--12
\JY2/mc/m/n/10 転
 []


Overfull \hbox (9.6222pt too wide) in paragraph at lines 11--12
\JY2/mc/m/n/10 翼
 []


Overfull \hbox (9.6222pt too wide) in paragraph at lines 11--12
\JY2/mc/m/n/10 機
 []


Overfull \hbox (18.74438pt too wide) in paragraph at lines 11--12
\JY2/mc/m/n/10 モ ー
 []


Overfull \hbox (9.6222pt too wide) in paragraph at lines 11--12
\JY2/mc/m/n/10 ド
 []


Overfull \hbox (9.6222pt too wide) in paragraph at lines 11--12
\JY2/mc/m/n/10 を
 []


Overfull \hbox (9.6222pt too wide) in paragraph at lines 11--12
\JY2/mc/m/n/10 切
 []


Overfull \hbox (9.6222pt too wide) in paragraph at lines 11--12
\JY2/mc/m/n/10 り
 []


Overfull \hbox (9.6222pt too wide) in paragraph at lines 11--12
\JY2/mc/m/n/10 替
 []


Overfull \hbox (9.6222pt too wide) in paragraph at lines 11--12
\JY2/mc/m/n/10 え
 []


Overfull \hbox (9.6222pt too wide) in paragraph at lines 11--12
\JY2/mc/m/n/10 る
 []


Overfull \hbox (9.6222pt too wide) in paragraph at lines 11--12
\JY2/mc/m/n/10 こ
 []


Overfull \hbox (9.6222pt too wide) in paragraph at lines 11--12
\JY2/mc/m/n/10 と
 []


Overfull \hbox (9.6222pt too wide) in paragraph at lines 11--12
\JY2/mc/m/n/10 が
 []


Overfull \hbox (9.6222pt too wide) in paragraph at lines 11--12
\JY2/mc/m/n/10 で
 []


Overfull \hbox (9.6222pt too wide) in paragraph at lines 11--12
\JY2/mc/m/n/10 き
 []


Overfull \hbox (9.6222pt too wide) in paragraph at lines 11--12
\JY2/mc/m/n/10 る
 []


Overfull \hbox (9.6222pt too wide) in paragraph at lines 11--12
\JY2/mc/m/n/10 航
 []


Overfull \hbox (9.6222pt too wide) in paragraph at lines 11--12
\JY2/mc/m/n/10 空
 []


Overfull \hbox (9.6222pt too wide) in paragraph at lines 11--12
\JY2/mc/m/n/10 機
 []


Overfull \hbox (9.6222pt too wide) in paragraph at lines 11--12
\JY2/mc/m/n/10 で
 []


Overfull \hbox (9.6222pt too wide) in paragraph at lines 11--12
\JY2/mc/m/n/10 あ
 []


Overfull \hbox (13.93329pt too wide) in paragraph at lines 11--12
\JY2/mc/m/n/10 る ．
 []


Overfull \hbox (9.6222pt too wide) in paragraph at lines 11--12
\JY2/mc/m/n/10 こ
 []


Overfull \hbox (9.6222pt too wide) in paragraph at lines 11--12
\JY2/mc/m/n/10 の
 []


Overfull \hbox (9.6222pt too wide) in paragraph at lines 11--12
\JY2/mc/m/n/10 よ
 []


Overfull \hbox (9.6222pt too wide) in paragraph at lines 11--12
\JY2/mc/m/n/10 う
 []


Overfull \hbox (9.6222pt too wide) in paragraph at lines 11--12
\JY2/mc/m/n/10 な
 []


Overfull \hbox (9.6222pt too wide) in paragraph at lines 11--12
\JY2/mc/m/n/10 テ
 []


Overfull \hbox (9.6222pt too wide) in paragraph at lines 11--12
\JY2/mc/m/n/10 ィ
 []


Overfull \hbox (9.6222pt too wide) in paragraph at lines 11--12
\JY2/mc/m/n/10 ル
 []


Overfull \hbox (9.6222pt too wide) in paragraph at lines 11--12
\JY2/mc/m/n/10 ト
 []


Overfull \hbox (18.74438pt too wide) in paragraph at lines 11--12
\JY2/mc/m/n/10 ロ ー
 []


Overfull \hbox (9.6222pt too wide) in paragraph at lines 11--12
\JY2/mc/m/n/10 タ
 []


Overfull \hbox (9.6222pt too wide) in paragraph at lines 11--12
\JY2/mc/m/n/10 を
 []


Overfull \hbox (9.6222pt too wide) in paragraph at lines 11--12
\JY2/mc/m/n/10 有
 []


Overfull \hbox (9.6222pt too wide) in paragraph at lines 11--12
\JY2/mc/m/n/10 し
 []


Overfull \hbox (9.6222pt too wide) in paragraph at lines 11--12
\JY2/mc/m/n/10 た
 []


Overfull \hbox (21.38892pt too wide) in paragraph at lines 11--12
\OT1/cmr/m/n/10 UAV
 []


Overfull \hbox (13.93329pt too wide) in paragraph at lines 11--12
\JY2/mc/m/n/10 は ，
 []


Overfull \hbox (9.6222pt too wide) in paragraph at lines 11--12
\JY2/mc/m/n/10 大
 []


Overfull \hbox (9.6222pt too wide) in paragraph at lines 11--12
\JY2/mc/m/n/10 規
 []


Overfull \hbox (9.6222pt too wide) in paragraph at lines 11--12
\JY2/mc/m/n/10 模
 []


Overfull \hbox (9.6222pt too wide) in paragraph at lines 11--12
\JY2/mc/m/n/10 災
 []


Overfull \hbox (9.6222pt too wide) in paragraph at lines 11--12
\JY2/mc/m/n/10 害
 []


Overfull \hbox (9.6222pt too wide) in paragraph at lines 11--12
\JY2/mc/m/n/10 発
 []


Overfull \hbox (9.6222pt too wide) in paragraph at lines 11--12
\JY2/mc/m/n/10 生
 []


Overfull \hbox (9.6222pt too wide) in paragraph at lines 11--12
\JY2/mc/m/n/10 時
 []


Overfull \hbox (9.6222pt too wide) in paragraph at lines 11--12
\JY2/mc/m/n/10 の
 []


Overfull \hbox (9.6222pt too wide) in paragraph at lines 11--12
\JY2/mc/m/n/10 情
 []


Overfull \hbox (9.6222pt too wide) in paragraph at lines 11--12
\JY2/mc/m/n/10 報
 []


Overfull \hbox (9.6222pt too wide) in paragraph at lines 11--12
\JY2/mc/m/n/10 収
 []


Overfull \hbox (9.6222pt too wide) in paragraph at lines 11--12
\JY2/mc/m/n/10 集
 []


Overfull \hbox (9.6222pt too wide) in paragraph at lines 11--12
\JY2/mc/m/n/10 に
 []


Overfull \hbox (9.6222pt too wide) in paragraph at lines 11--12
\JY2/mc/m/n/10 適
 []


Overfull \hbox (9.6222pt too wide) in paragraph at lines 11--12
\JY2/mc/m/n/10 し
 []


Overfull \hbox (9.6222pt too wide) in paragraph at lines 11--12
\JY2/mc/m/n/10 た
 []


Overfull \hbox (9.6222pt too wide) in paragraph at lines 11--12
\JY2/mc/m/n/10 機
 []


Overfull \hbox (9.6222pt too wide) in paragraph at lines 11--12
\JY2/mc/m/n/10 体
 []


Overfull \hbox (9.6222pt too wide) in paragraph at lines 11--12
\JY2/mc/m/n/10 で
 []


Overfull \hbox (9.6222pt too wide) in paragraph at lines 11--12
\JY2/mc/m/n/10 あ
 []


Overfull \hbox (9.6222pt too wide) in paragraph at lines 11--12
\JY2/mc/m/n/10 る
 []


Overfull \hbox (9.6222pt too wide) in paragraph at lines 11--12
\JY2/mc/m/n/10 と
 []


Overfull \hbox (9.6222pt too wide) in paragraph at lines 11--12
\JY2/mc/m/n/10 考
 []


Overfull \hbox (9.6222pt too wide) in paragraph at lines 11--12
\JY2/mc/m/n/10 え
 []


Overfull \hbox (9.6222pt too wide) in paragraph at lines 11--12
\JY2/mc/m/n/10 ら
 []


Overfull \hbox (9.6222pt too wide) in paragraph at lines 11--12
\JY2/mc/m/n/10 れ
 []


Overfull \hbox (13.93329pt too wide) in paragraph at lines 11--12
\JY2/mc/m/n/10 る ．
 []


Overfull \hbox (9.6222pt too wide) in paragraph at lines 11--12
\JY2/mc/m/n/10 本
 []


Overfull \hbox (9.6222pt too wide) in paragraph at lines 11--12
\JY2/mc/m/n/10 研
 []


Overfull \hbox (9.6222pt too wide) in paragraph at lines 11--12
\JY2/mc/m/n/10 究
 []


Overfull \hbox (9.6222pt too wide) in paragraph at lines 11--12
\JY2/mc/m/n/10 で
 []


Overfull \hbox (9.6222pt too wide) in paragraph at lines 11--12
\JY2/mc/m/n/10 使
 []


Overfull \hbox (9.6222pt too wide) in paragraph at lines 11--12
\JY2/mc/m/n/10 用
 []


Overfull \hbox (9.6222pt too wide) in paragraph at lines 11--12
\JY2/mc/m/n/10 す
 []


Overfull \hbox (9.6222pt too wide) in paragraph at lines 11--12
\JY2/mc/m/n/10 る
 []


Overfull \hbox (34.90001pt too wide) in paragraph at lines 11--12
\OT1/cmr/m/n/10 UAV(\JY2/mc/m/n/10 以
 []


Overfull \hbox (9.6222pt too wide) in paragraph at lines 11--12
\JY2/mc/m/n/10 下
 []


Overfull \hbox (9.6222pt too wide) in paragraph at lines 11--12
\JY2/mc/m/n/10 開
 []


Overfull \hbox (9.6222pt too wide) in paragraph at lines 11--12
\JY2/mc/m/n/10 発
 []


Overfull \hbox (9.6222pt too wide) in paragraph at lines 11--12
\JY2/mc/m/n/10 機
 []


Overfull \hbox (9.6222pt too wide) in paragraph at lines 11--12
\JY2/mc/m/n/10 体
 []


Overfull \hbox (9.6222pt too wide) in paragraph at lines 11--12
\JY2/mc/m/n/10 と
 []


Overfull \hbox (9.6222pt too wide) in paragraph at lines 11--12
\JY2/mc/m/n/10 表
 []


Overfull \hbox (13.5111pt too wide) in paragraph at lines 11--12
\JY2/mc/m/n/10 記\OT1/cmr/m/n/10 )
 []


Overfull \hbox (13.93329pt too wide) in paragraph at lines 11--12
\JY2/mc/m/n/10 は ，
 []


Overfull \hbox (9.6222pt too wide) in paragraph at lines 11--12
\JY2/mc/m/n/10 エ
 []


Overfull \hbox (9.6222pt too wide) in paragraph at lines 11--12
\JY2/mc/m/n/10 ア
 []


Overfull \hbox (9.6222pt too wide) in paragraph at lines 11--12
\JY2/mc/m/n/10 ロ
 []


Overfull \hbox (9.6222pt too wide) in paragraph at lines 11--12
\JY2/mc/m/n/10 セ
 []


Overfull \hbox (9.6222pt too wide) in paragraph at lines 11--12
\JY2/mc/m/n/10 ン
 []


Overfull \hbox (9.6222pt too wide) in paragraph at lines 11--12
\JY2/mc/m/n/10 ス
 []


Overfull \hbox (9.6222pt too wide) in paragraph at lines 11--12
\JY2/mc/m/n/10 株
 []


Overfull \hbox (9.6222pt too wide) in paragraph at lines 11--12
\JY2/mc/m/n/10 式
 []


Overfull \hbox (9.6222pt too wide) in paragraph at lines 11--12
\JY2/mc/m/n/10 会
 []


Overfull \hbox (9.6222pt too wide) in paragraph at lines 11--12
\JY2/mc/m/n/10 社
 []


Overfull \hbox (9.6222pt too wide) in paragraph at lines 11--12
\JY2/mc/m/n/10 と
 []


Overfull \hbox (9.6222pt too wide) in paragraph at lines 11--12
\JY2/mc/m/n/10 共
 []


Overfull \hbox (9.6222pt too wide) in paragraph at lines 11--12
\JY2/mc/m/n/10 同
 []


Overfull \hbox (9.6222pt too wide) in paragraph at lines 11--12
\JY2/mc/m/n/10 で
 []


Overfull \hbox (9.6222pt too wide) in paragraph at lines 11--12
\JY2/mc/m/n/10 開
 []


Overfull \hbox (9.6222pt too wide) in paragraph at lines 11--12
\JY2/mc/m/n/10 発
 []


Overfull \hbox (9.6222pt too wide) in paragraph at lines 11--12
\JY2/mc/m/n/10 を
 []


Overfull \hbox (9.6222pt too wide) in paragraph at lines 11--12
\JY2/mc/m/n/10 行
 []


Overfull \hbox (9.6222pt too wide) in paragraph at lines 11--12
\JY2/mc/m/n/10 な
 []


Overfull \hbox (9.6222pt too wide) in paragraph at lines 11--12
\JY2/mc/m/n/10 っ
 []


Overfull \hbox (9.6222pt too wide) in paragraph at lines 11--12
\JY2/mc/m/n/10 た
 []


Overfull \hbox (9.6222pt too wide) in paragraph at lines 11--12
\JY2/mc/m/n/10 も
 []


Overfull \hbox (9.6222pt too wide) in paragraph at lines 11--12
\JY2/mc/m/n/10 の
 []


Overfull \hbox (9.6222pt too wide) in paragraph at lines 11--12
\JY2/mc/m/n/10 で
 []


Overfull \hbox (9.6222pt too wide) in paragraph at lines 11--12
\JY2/mc/m/n/10 あ
 []


Overfull \hbox (13.93329pt too wide) in paragraph at lines 11--12
\JY2/mc/m/n/10 る ．
 []


Overfull \hbox (9.6222pt too wide) in paragraph at lines 11--12
\JY2/mc/m/n/10 軽
 []


Overfull \hbox (9.6222pt too wide) in paragraph at lines 11--12
\JY2/mc/m/n/10 量
 []


Overfull \hbox (9.6222pt too wide) in paragraph at lines 11--12
\JY2/mc/m/n/10 か
 []


Overfull \hbox (9.6222pt too wide) in paragraph at lines 11--12
\JY2/mc/m/n/10 つ
 []


Overfull \hbox (9.6222pt too wide) in paragraph at lines 11--12
\JY2/mc/m/n/10 剛
 []


Overfull \hbox (9.6222pt too wide) in paragraph at lines 11--12
\JY2/mc/m/n/10 性
 []


Overfull \hbox (9.6222pt too wide) in paragraph at lines 11--12
\JY2/mc/m/n/10 の
 []


Overfull \hbox (9.6222pt too wide) in paragraph at lines 11--12
\JY2/mc/m/n/10 高
 []


Overfull \hbox (13.93329pt too wide) in paragraph at lines 11--12
\JY2/mc/m/n/10 い ，
 []


Overfull \hbox (9.6222pt too wide) in paragraph at lines 11--12
\JY2/mc/m/n/10 対
 []


Overfull \hbox (9.6222pt too wide) in paragraph at lines 11--12
\JY2/mc/m/n/10 人
 []


Overfull \hbox (9.6222pt too wide) in paragraph at lines 11--12
\JY2/mc/m/n/10 安
 []


Overfull \hbox (9.6222pt too wide) in paragraph at lines 11--12
\JY2/mc/m/n/10 全
 []


Overfull \hbox (9.6222pt too wide) in paragraph at lines 11--12
\JY2/mc/m/n/10 性
 []


Overfull \hbox (9.6222pt too wide) in paragraph at lines 11--12
\JY2/mc/m/n/10 を
 []


Overfull \hbox (9.6222pt too wide) in paragraph at lines 11--12
\JY2/mc/m/n/10 考
 []


Overfull \hbox (9.6222pt too wide) in paragraph at lines 11--12
\JY2/mc/m/n/10 慮
 []


Overfull \hbox (9.6222pt too wide) in paragraph at lines 11--12
\JY2/mc/m/n/10 し
 []


Overfull \hbox (9.6222pt too wide) in paragraph at lines 11--12
\JY2/mc/m/n/10 た
 []


Overfull \hbox (9.6222pt too wide) in paragraph at lines 11--12
\JY2/mc/m/n/10 独
 []


Overfull \hbox (9.6222pt too wide) in paragraph at lines 11--12
\JY2/mc/m/n/10 自
 []


Overfull \hbox (9.6222pt too wide) in paragraph at lines 11--12
\JY2/mc/m/n/10 形
 []


Overfull \hbox (9.6222pt too wide) in paragraph at lines 11--12
\JY2/mc/m/n/10 状
 []


Overfull \hbox (9.6222pt too wide) in paragraph at lines 11--12
\JY2/mc/m/n/10 機
 []


Overfull \hbox (9.6222pt too wide) in paragraph at lines 11--12
\JY2/mc/m/n/10 構
 []


Overfull \hbox (9.6222pt too wide) in paragraph at lines 11--12
\JY2/mc/m/n/10 を
 []


Overfull \hbox (9.6222pt too wide) in paragraph at lines 11--12
\JY2/mc/m/n/10 持
 []


Overfull \hbox (13.93329pt too wide) in paragraph at lines 11--12
\JY2/mc/m/n/10 つ ，
 []


Overfull \hbox (9.6222pt too wide) in paragraph at lines 11--12
\JY2/mc/m/n/10 テ
 []


Overfull \hbox (9.6222pt too wide) in paragraph at lines 11--12
\JY2/mc/m/n/10 ィ
 []


Overfull \hbox (9.6222pt too wide) in paragraph at lines 11--12
\JY2/mc/m/n/10 ル
 []


Overfull \hbox (9.6222pt too wide) in paragraph at lines 11--12
\JY2/mc/m/n/10 ト
 []


Overfull \hbox (18.74438pt too wide) in paragraph at lines 11--12
\JY2/mc/m/n/10 ロ ー
 []


Overfull \hbox (9.6222pt too wide) in paragraph at lines 11--12
\JY2/mc/m/n/10 タ
 []


Overfull \hbox (9.6222pt too wide) in paragraph at lines 11--12
\JY2/mc/m/n/10 を
 []


Overfull \hbox (9.6222pt too wide) in paragraph at lines 11--12
\JY2/mc/m/n/10 有
 []


Overfull \hbox (9.6222pt too wide) in paragraph at lines 11--12
\JY2/mc/m/n/10 し
 []


Overfull \hbox (9.6222pt too wide) in paragraph at lines 11--12
\JY2/mc/m/n/10 た
 []


Overfull \hbox (9.6222pt too wide) in paragraph at lines 11--12
\JY2/mc/m/n/10 小
 []


Overfull \hbox (9.6222pt too wide) in paragraph at lines 11--12
\JY2/mc/m/n/10 型
 []


Overfull \hbox (21.38892pt too wide) in paragraph at lines 11--12
\OT1/cmr/m/n/10 UAV
 []


Overfull \hbox (9.6222pt too wide) in paragraph at lines 11--12
\JY2/mc/m/n/10 で
 []


Overfull \hbox (9.6222pt too wide) in paragraph at lines 11--12
\JY2/mc/m/n/10 あ
 []


Overfull \hbox (13.93329pt too wide) in paragraph at lines 11--12
\JY2/mc/m/n/10 る ．
 []


Overfull \hbox (9.6222pt too wide) in paragraph at lines 11--12
\JY2/mc/m/n/10 機
 []


Overfull \hbox (9.6222pt too wide) in paragraph at lines 11--12
\JY2/mc/m/n/10 体
 []


Overfull \hbox (9.6222pt too wide) in paragraph at lines 11--12
\JY2/mc/m/n/10 の
 []


Overfull \hbox (9.6222pt too wide) in paragraph at lines 11--12
\JY2/mc/m/n/10 詳
 []


Overfull \hbox (9.6222pt too wide) in paragraph at lines 11--12
\JY2/mc/m/n/10 細
 []


Overfull \hbox (9.6222pt too wide) in paragraph at lines 11--12
\JY2/mc/m/n/10 は
 []


Overfull \hbox (9.6222pt too wide) in paragraph at lines 11--12
\JY2/mc/m/n/10 第
 []


Overfull \hbox (5.00002pt too wide) in paragraph at lines 11--12
\OT1/cmr/m/n/10 2
 []


Overfull \hbox (9.6222pt too wide) in paragraph at lines 11--12
\JY2/mc/m/n/10 章
 []


Overfull \hbox (9.6222pt too wide) in paragraph at lines 11--12
\JY2/mc/m/n/10 で
 []


Overfull \hbox (9.6222pt too wide) in paragraph at lines 11--12
\JY2/mc/m/n/10 述
 []


Overfull \hbox (9.6222pt too wide) in paragraph at lines 11--12
\JY2/mc/m/n/10 べ
 []


Overfull \hbox (13.93329pt too wide) in paragraph at lines 11--12
\JY2/mc/m/n/10 る ． 
 []


./1.tex:13: LaTeX Error: Missing \begin{document}.

See the LaTeX manual or LaTeX Companion for explanation.
Type  H <return>  for immediate help.
 ...                                              
                                                  
l.13 本
        研究では，開発機体を対象とし，特に回転翼機モ...
You're in trouble here.  Try typing  <return>  to proceed.
If that doesn't work, type  X <return>  to quit.

)
! Emergency stop.
<*> 1.tex
         
*** (job aborted, no legal \end found)

 
Here is how much of TeX's memory you used:
 5 strings out of 493270
 23 string characters out of 6145017
 80860 words of memory out of 5000000
 4044 multiletter control sequences out of 15000+600000
 6281 words of font info for 32 fonts, out of 8000000 for 9000
 929 hyphenation exceptions out of 8191
 18i,4n,8p,875b,118s stack positions out of 5000i,500n,10000p,200000b,80000s
Output written on 1.dvi (1 page, 840 bytes).
