This is e-upTeX, Version 3.14159265-p3.8.0-u1.23-180226-2.6 (utf8.uptex) (TeX Live 2018) (preloaded format=uplatex 2019.1.21)  28 JAN 2019 12:00
entering extended mode
 restricted \write18 enabled.
 file:line:error style messages enabled.
 %&-line parsing enabled.
**3.tex
(./3.tex
pLaTeX2e <2018-04-01u02>+1 (based on LaTeX2e <2018-04-01> patch level 2)
Babel <3.18> and hyphenation patterns for 84 language(s) loaded.
./3.tex:3: Undefined control sequence.
l.3 \section
            {座標系}
The control sequence at the end of the top line
of your error message was never \def'ed. If you have
misspelled it (e.g., `\hobx'), type `I' and the correct
spelling (e.g., `I\hbox'). Otherwise just continue,
and I'll forget about whatever was undefined.


./3.tex:3: LaTeX Error: Missing \begin{document}.

See the LaTeX manual or LaTeX Companion for explanation.
Type  H <return>  for immediate help.
 ...                                              
                                                  
l.3 \section{座
                標系}
You're in trouble here.  Try typing  <return>  to proceed.
If that doesn't work, type  X <return>  to quit.


Overfull \hbox (29.6222pt too wide) in paragraph at lines 3--4
[]\JY2/mc/m/n/10 座
 []


Overfull \hbox (9.6222pt too wide) in paragraph at lines 3--4
\JY2/mc/m/n/10 標
 []


Overfull \hbox (9.6222pt too wide) in paragraph at lines 3--4
\JY2/mc/m/n/10 系 
 []

./3.tex:5: Undefined control sequence.
l.5 \section
            {縦運動の非線形モデル}
The control sequence at the end of the top line
of your error message was never \def'ed. If you have
misspelled it (e.g., `\hobx'), type `I' and the correct
spelling (e.g., `I\hbox'). Otherwise just continue,
and I'll forget about whatever was undefined.


./3.tex:5: LaTeX Error: Missing \begin{document}.

See the LaTeX manual or LaTeX Companion for explanation.
Type  H <return>  for immediate help.
 ...                                              
                                                  
l.5 \section{縦
                運動の非線形モデル}
You're in trouble here.  Try typing  <return>  to proceed.
If that doesn't work, type  X <return>  to quit.


Overfull \hbox (29.6222pt too wide) in paragraph at lines 5--6
[]\JY2/mc/m/n/10 縦
 []


Overfull \hbox (9.6222pt too wide) in paragraph at lines 5--6
\JY2/mc/m/n/10 運
 []


Overfull \hbox (9.6222pt too wide) in paragraph at lines 5--6
\JY2/mc/m/n/10 動
 []


Overfull \hbox (9.6222pt too wide) in paragraph at lines 5--6
\JY2/mc/m/n/10 の
 []


Overfull \hbox (9.6222pt too wide) in paragraph at lines 5--6
\JY2/mc/m/n/10 非
 []


Overfull \hbox (9.6222pt too wide) in paragraph at lines 5--6
\JY2/mc/m/n/10 線
 []


Overfull \hbox (9.6222pt too wide) in paragraph at lines 5--6
\JY2/mc/m/n/10 形
 []


Overfull \hbox (9.6222pt too wide) in paragraph at lines 5--6
\JY2/mc/m/n/10 モ
 []


Overfull \hbox (9.6222pt too wide) in paragraph at lines 5--6
\JY2/mc/m/n/10 デ
 []


Overfull \hbox (9.6222pt too wide) in paragraph at lines 5--6
\JY2/mc/m/n/10 ル 
 []

./3.tex:7: Undefined control sequence.
l.7 \section
            {縦運動の線形モデル}
The control sequence at the end of the top line
of your error message was never \def'ed. If you have
misspelled it (e.g., `\hobx'), type `I' and the correct
spelling (e.g., `I\hbox'). Otherwise just continue,
and I'll forget about whatever was undefined.


./3.tex:7: LaTeX Error: Missing \begin{document}.

See the LaTeX manual or LaTeX Companion for explanation.
Type  H <return>  for immediate help.
 ...                                              
                                                  
l.7 \section{縦
                運動の線形モデル}
You're in trouble here.  Try typing  <return>  to proceed.
If that doesn't work, type  X <return>  to quit.


Overfull \hbox (29.6222pt too wide) in paragraph at lines 7--8
[]\JY2/mc/m/n/10 縦
 []


Overfull \hbox (9.6222pt too wide) in paragraph at lines 7--8
\JY2/mc/m/n/10 運
 []


Overfull \hbox (9.6222pt too wide) in paragraph at lines 7--8
\JY2/mc/m/n/10 動
 []


Overfull \hbox (9.6222pt too wide) in paragraph at lines 7--8
\JY2/mc/m/n/10 の
 []


Overfull \hbox (9.6222pt too wide) in paragraph at lines 7--8
\JY2/mc/m/n/10 線
 []


Overfull \hbox (9.6222pt too wide) in paragraph at lines 7--8
\JY2/mc/m/n/10 形
 []


Overfull \hbox (9.6222pt too wide) in paragraph at lines 7--8
\JY2/mc/m/n/10 モ
 []


Overfull \hbox (9.6222pt too wide) in paragraph at lines 7--8
\JY2/mc/m/n/10 デ
 []


Overfull \hbox (9.6222pt too wide) in paragraph at lines 7--8
\JY2/mc/m/n/10 ル 
 []

./3.tex:9: Undefined control sequence.
l.9 \section
            {空気力モデル}
The control sequence at the end of the top line
of your error message was never \def'ed. If you have
misspelled it (e.g., `\hobx'), type `I' and the correct
spelling (e.g., `I\hbox'). Otherwise just continue,
and I'll forget about whatever was undefined.


./3.tex:9: LaTeX Error: Missing \begin{document}.

See the LaTeX manual or LaTeX Companion for explanation.
Type  H <return>  for immediate help.
 ...                                              
                                                  
l.9 \section{空
                気力モデル}
You're in trouble here.  Try typing  <return>  to proceed.
If that doesn't work, type  X <return>  to quit.

)
! Emergency stop.
<*> 3.tex
         
*** (job aborted, no legal \end found)

 
Here is how much of TeX's memory you used:
 4 strings out of 493270
 18 string characters out of 6145018
 61216 words of memory out of 5000000
 4044 multiletter control sequences out of 15000+600000
 6281 words of font info for 32 fonts, out of 8000000 for 9000
 929 hyphenation exceptions out of 8191
 5i,0n,4p,48b,16s stack positions out of 5000i,500n,10000p,200000b,80000s
No pages of output.
