This is e-upTeX, Version 3.14159265-p3.8.0-u1.23-180226-2.6 (utf8.uptex) (TeX Live 2018) (preloaded format=uplatex 2018.12.26)  27 JAN 2019 20:52
entering extended mode
 restricted \write18 enabled.
 file:line:error style messages enabled.
 %&-line parsing enabled.
**2.tex
(./2.tex
pLaTeX2e <2018-04-01u02>+1 (based on LaTeX2e <2018-04-01> patch level 2)
Babel <3.18> and hyphenation patterns for 84 language(s) loaded.

./2.tex:2: LaTeX Error: Missing \begin{document}.

See the LaTeX manual or LaTeX Companion for explanation.
Type  H <return>  for immediate help.
 ...                                              
                                                  
l.2 本
       章では，実験を行なった開発機体の開発コンセプト...
You're in trouble here.  Try typing  <return>  to proceed.
If that doesn't work, type  X <return>  to quit.


Overfull \hbox (29.6222pt too wide) in paragraph at lines 2--3
[]\JY2/mc/m/n/10 本
 []


Overfull \hbox (9.6222pt too wide) in paragraph at lines 2--3
\JY2/mc/m/n/10 章
 []


Overfull \hbox (9.6222pt too wide) in paragraph at lines 2--3
\JY2/mc/m/n/10 で
 []


Overfull \hbox (13.93329pt too wide) in paragraph at lines 2--3
\JY2/mc/m/n/10 は ，
 []


Overfull \hbox (9.6222pt too wide) in paragraph at lines 2--3
\JY2/mc/m/n/10 実
 []


Overfull \hbox (9.6222pt too wide) in paragraph at lines 2--3
\JY2/mc/m/n/10 験
 []


Overfull \hbox (9.6222pt too wide) in paragraph at lines 2--3
\JY2/mc/m/n/10 を
 []


Overfull \hbox (9.6222pt too wide) in paragraph at lines 2--3
\JY2/mc/m/n/10 行
 []


Overfull \hbox (9.6222pt too wide) in paragraph at lines 2--3
\JY2/mc/m/n/10 な
 []


Overfull \hbox (9.6222pt too wide) in paragraph at lines 2--3
\JY2/mc/m/n/10 っ
 []


Overfull \hbox (9.6222pt too wide) in paragraph at lines 2--3
\JY2/mc/m/n/10 た
 []


Overfull \hbox (9.6222pt too wide) in paragraph at lines 2--3
\JY2/mc/m/n/10 開
 []


Overfull \hbox (9.6222pt too wide) in paragraph at lines 2--3
\JY2/mc/m/n/10 発
 []


Overfull \hbox (9.6222pt too wide) in paragraph at lines 2--3
\JY2/mc/m/n/10 機
 []


Overfull \hbox (9.6222pt too wide) in paragraph at lines 2--3
\JY2/mc/m/n/10 体
 []


Overfull \hbox (9.6222pt too wide) in paragraph at lines 2--3
\JY2/mc/m/n/10 の
 []


Overfull \hbox (9.6222pt too wide) in paragraph at lines 2--3
\JY2/mc/m/n/10 開
 []


Overfull \hbox (9.6222pt too wide) in paragraph at lines 2--3
\JY2/mc/m/n/10 発
 []


Overfull \hbox (9.6222pt too wide) in paragraph at lines 2--3
\JY2/mc/m/n/10 コ
 []


Overfull \hbox (9.6222pt too wide) in paragraph at lines 2--3
\JY2/mc/m/n/10 ン
 []


Overfull \hbox (9.6222pt too wide) in paragraph at lines 2--3
\JY2/mc/m/n/10 セ
 []


Overfull \hbox (9.6222pt too wide) in paragraph at lines 2--3
\JY2/mc/m/n/10 プ
 []


Overfull \hbox (9.6222pt too wide) in paragraph at lines 2--3
\JY2/mc/m/n/10 ト
 []


Overfull \hbox (13.93329pt too wide) in paragraph at lines 2--3
\JY2/mc/m/n/10 と ，
 []


Overfull \hbox (9.6222pt too wide) in paragraph at lines 2--3
\JY2/mc/m/n/10 設
 []


Overfull \hbox (9.6222pt too wide) in paragraph at lines 2--3
\JY2/mc/m/n/10 計
 []


Overfull \hbox (9.6222pt too wide) in paragraph at lines 2--3
\JY2/mc/m/n/10 や
 []


Overfull \hbox (9.6222pt too wide) in paragraph at lines 2--3
\JY2/mc/m/n/10 搭
 []


Overfull \hbox (9.6222pt too wide) in paragraph at lines 2--3
\JY2/mc/m/n/10 載
 []


Overfull \hbox (9.6222pt too wide) in paragraph at lines 2--3
\JY2/mc/m/n/10 シ
 []


Overfull \hbox (9.6222pt too wide) in paragraph at lines 2--3
\JY2/mc/m/n/10 ス
 []


Overfull \hbox (9.6222pt too wide) in paragraph at lines 2--3
\JY2/mc/m/n/10 テ
 []


Overfull \hbox (9.6222pt too wide) in paragraph at lines 2--3
\JY2/mc/m/n/10 ム
 []


Overfull \hbox (9.6222pt too wide) in paragraph at lines 2--3
\JY2/mc/m/n/10 の
 []


Overfull \hbox (9.6222pt too wide) in paragraph at lines 2--3
\JY2/mc/m/n/10 概
 []


Overfull \hbox (9.6222pt too wide) in paragraph at lines 2--3
\JY2/mc/m/n/10 要
 []


Overfull \hbox (9.6222pt too wide) in paragraph at lines 2--3
\JY2/mc/m/n/10 を
 []


Overfull \hbox (9.6222pt too wide) in paragraph at lines 2--3
\JY2/mc/m/n/10 述
 []


Overfull \hbox (9.6222pt too wide) in paragraph at lines 2--3
\JY2/mc/m/n/10 べ
 []


Overfull \hbox (13.93329pt too wide) in paragraph at lines 2--3
\JY2/mc/m/n/10 る ．
 []


Overfull \hbox (9.6222pt too wide) in paragraph at lines 2--3
\JY2/mc/m/n/10 機
 []


Overfull \hbox (9.6222pt too wide) in paragraph at lines 2--3
\JY2/mc/m/n/10 体
 []


Overfull \hbox (13.93329pt too wide) in paragraph at lines 2--3
\JY2/mc/m/n/10 は ，
 []


Overfull \hbox (9.6222pt too wide) in paragraph at lines 2--3
\JY2/mc/m/n/10 災
 []


Overfull \hbox (9.6222pt too wide) in paragraph at lines 2--3
\JY2/mc/m/n/10 害
 []


Overfull \hbox (9.6222pt too wide) in paragraph at lines 2--3
\JY2/mc/m/n/10 発
 []


Overfull \hbox (9.6222pt too wide) in paragraph at lines 2--3
\JY2/mc/m/n/10 生
 []


Overfull \hbox (13.93329pt too wide) in paragraph at lines 2--3
\JY2/mc/m/n/10 時 ，
 []


Overfull \hbox (9.6222pt too wide) in paragraph at lines 2--3
\JY2/mc/m/n/10 回
 []


Overfull \hbox (9.6222pt too wide) in paragraph at lines 2--3
\JY2/mc/m/n/10 転
 []


Overfull \hbox (9.6222pt too wide) in paragraph at lines 2--3
\JY2/mc/m/n/10 翼
 []


Overfull \hbox (9.6222pt too wide) in paragraph at lines 2--3
\JY2/mc/m/n/10 機
 []


Overfull \hbox (18.74438pt too wide) in paragraph at lines 2--3
\JY2/mc/m/n/10 モ ー
 []


Overfull \hbox (9.6222pt too wide) in paragraph at lines 2--3
\JY2/mc/m/n/10 ド
 []


Overfull \hbox (9.6222pt too wide) in paragraph at lines 2--3
\JY2/mc/m/n/10 で
 []


Overfull \hbox (9.6222pt too wide) in paragraph at lines 2--3
\JY2/mc/m/n/10 離
 []


Overfull \hbox (9.6222pt too wide) in paragraph at lines 2--3
\JY2/mc/m/n/10 陸
 []


Overfull \hbox (13.93329pt too wide) in paragraph at lines 2--3
\JY2/mc/m/n/10 し ，
 []


Overfull \hbox (9.6222pt too wide) in paragraph at lines 2--3
\JY2/mc/m/n/10 上
 []


Overfull \hbox (9.6222pt too wide) in paragraph at lines 2--3
\JY2/mc/m/n/10 空
 []


Overfull \hbox (9.6222pt too wide) in paragraph at lines 2--3
\JY2/mc/m/n/10 で
 []


Overfull \hbox (9.6222pt too wide) in paragraph at lines 2--3
\JY2/mc/m/n/10 固
 []


Overfull \hbox (9.6222pt too wide) in paragraph at lines 2--3
\JY2/mc/m/n/10 定
 []


Overfull \hbox (9.6222pt too wide) in paragraph at lines 2--3
\JY2/mc/m/n/10 翼
 []


Overfull \hbox (9.6222pt too wide) in paragraph at lines 2--3
\JY2/mc/m/n/10 機
 []


Overfull \hbox (18.74438pt too wide) in paragraph at lines 2--3
\JY2/mc/m/n/10 モ ー
 []


Overfull \hbox (9.6222pt too wide) in paragraph at lines 2--3
\JY2/mc/m/n/10 ド
 []


Overfull \hbox (9.6222pt too wide) in paragraph at lines 2--3
\JY2/mc/m/n/10 へ
 []


Overfull \hbox (9.6222pt too wide) in paragraph at lines 2--3
\JY2/mc/m/n/10 と
 []


Overfull \hbox (9.6222pt too wide) in paragraph at lines 2--3
\JY2/mc/m/n/10 遷
 []


Overfull \hbox (9.6222pt too wide) in paragraph at lines 2--3
\JY2/mc/m/n/10 移
 []


Overfull \hbox (9.6222pt too wide) in paragraph at lines 2--3
\JY2/mc/m/n/10 し
 []


Overfull \hbox (9.6222pt too wide) in paragraph at lines 2--3
\JY2/mc/m/n/10 て
 []


Overfull \hbox (9.6222pt too wide) in paragraph at lines 2--3
\JY2/mc/m/n/10 被
 []


Overfull \hbox (9.6222pt too wide) in paragraph at lines 2--3
\JY2/mc/m/n/10 災
 []


Overfull \hbox (9.6222pt too wide) in paragraph at lines 2--3
\JY2/mc/m/n/10 地
 []


Overfull \hbox (9.6222pt too wide) in paragraph at lines 2--3
\JY2/mc/m/n/10 へ
 []


Overfull \hbox (9.6222pt too wide) in paragraph at lines 2--3
\JY2/mc/m/n/10 向
 []


Overfull \hbox (9.6222pt too wide) in paragraph at lines 2--3
\JY2/mc/m/n/10 か
 []


Overfull \hbox (13.93329pt too wide) in paragraph at lines 2--3
\JY2/mc/m/n/10 う ．
 []


Overfull \hbox (9.6222pt too wide) in paragraph at lines 2--3
\JY2/mc/m/n/10 そ
 []


Overfull \hbox (9.6222pt too wide) in paragraph at lines 2--3
\JY2/mc/m/n/10 し
 []


Overfull \hbox (9.6222pt too wide) in paragraph at lines 2--3
\JY2/mc/m/n/10 て
 []


Overfull \hbox (9.6222pt too wide) in paragraph at lines 2--3
\JY2/mc/m/n/10 被
 []


Overfull \hbox (9.6222pt too wide) in paragraph at lines 2--3
\JY2/mc/m/n/10 災
 []


Overfull \hbox (9.6222pt too wide) in paragraph at lines 2--3
\JY2/mc/m/n/10 地
 []


Overfull \hbox (9.6222pt too wide) in paragraph at lines 2--3
\JY2/mc/m/n/10 上
 []


Overfull \hbox (9.6222pt too wide) in paragraph at lines 2--3
\JY2/mc/m/n/10 空
 []


Overfull \hbox (9.6222pt too wide) in paragraph at lines 2--3
\JY2/mc/m/n/10 へ
 []


Overfull \hbox (9.6222pt too wide) in paragraph at lines 2--3
\JY2/mc/m/n/10 到
 []


Overfull \hbox (9.6222pt too wide) in paragraph at lines 2--3
\JY2/mc/m/n/10 着
 []


Overfull \hbox (9.6222pt too wide) in paragraph at lines 2--3
\JY2/mc/m/n/10 し
 []


Overfull \hbox (9.6222pt too wide) in paragraph at lines 2--3
\JY2/mc/m/n/10 た
 []


Overfull \hbox (13.93329pt too wide) in paragraph at lines 2--3
\JY2/mc/m/n/10 後 ，
 []


Overfull \hbox (9.6222pt too wide) in paragraph at lines 2--3
\JY2/mc/m/n/10 回
 []


Overfull \hbox (9.6222pt too wide) in paragraph at lines 2--3
\JY2/mc/m/n/10 転
 []


Overfull \hbox (9.6222pt too wide) in paragraph at lines 2--3
\JY2/mc/m/n/10 翼
 []


Overfull \hbox (9.6222pt too wide) in paragraph at lines 2--3
\JY2/mc/m/n/10 機
 []


Overfull \hbox (18.74438pt too wide) in paragraph at lines 2--3
\JY2/mc/m/n/10 モ ー
 []


Overfull \hbox (9.6222pt too wide) in paragraph at lines 2--3
\JY2/mc/m/n/10 ド
 []


Overfull \hbox (9.6222pt too wide) in paragraph at lines 2--3
\JY2/mc/m/n/10 へ
 []


Overfull \hbox (9.6222pt too wide) in paragraph at lines 2--3
\JY2/mc/m/n/10 と
 []


Overfull \hbox (9.6222pt too wide) in paragraph at lines 2--3
\JY2/mc/m/n/10 遷
 []


Overfull \hbox (9.6222pt too wide) in paragraph at lines 2--3
\JY2/mc/m/n/10 移
 []


Overfull \hbox (13.93329pt too wide) in paragraph at lines 2--3
\JY2/mc/m/n/10 し ，
 []


Overfull \hbox (9.6222pt too wide) in paragraph at lines 2--3
\JY2/mc/m/n/10 ホ
 []


Overfull \hbox (9.6222pt too wide) in paragraph at lines 2--3
\JY2/mc/m/n/10 バ
 []


Overfull \hbox (9.6222pt too wide) in paragraph at lines 2--3
\JY2/mc/m/n/10 リ
 []


Overfull \hbox (9.6222pt too wide) in paragraph at lines 2--3
\JY2/mc/m/n/10 ン
 []


Overfull \hbox (9.6222pt too wide) in paragraph at lines 2--3
\JY2/mc/m/n/10 グ
 []


Overfull \hbox (9.6222pt too wide) in paragraph at lines 2--3
\JY2/mc/m/n/10 飛
 []


Overfull \hbox (9.6222pt too wide) in paragraph at lines 2--3
\JY2/mc/m/n/10 行
 []


Overfull \hbox (9.6222pt too wide) in paragraph at lines 2--3
\JY2/mc/m/n/10 し
 []


Overfull \hbox (9.6222pt too wide) in paragraph at lines 2--3
\JY2/mc/m/n/10 な
 []


Overfull \hbox (9.6222pt too wide) in paragraph at lines 2--3
\JY2/mc/m/n/10 が
 []


Overfull \hbox (13.93329pt too wide) in paragraph at lines 2--3
\JY2/mc/m/n/10 ら ，
 []


Overfull \hbox (9.6222pt too wide) in paragraph at lines 2--3
\JY2/mc/m/n/10 情
 []


Overfull \hbox (9.6222pt too wide) in paragraph at lines 2--3
\JY2/mc/m/n/10 報
 []


Overfull \hbox (9.6222pt too wide) in paragraph at lines 2--3
\JY2/mc/m/n/10 収
 []


Overfull \hbox (9.6222pt too wide) in paragraph at lines 2--3
\JY2/mc/m/n/10 集
 []


Overfull \hbox (9.6222pt too wide) in paragraph at lines 2--3
\JY2/mc/m/n/10 や
 []


Overfull \hbox (9.6222pt too wide) in paragraph at lines 2--3
\JY2/mc/m/n/10 着
 []


Overfull \hbox (9.6222pt too wide) in paragraph at lines 2--3
\JY2/mc/m/n/10 陸
 []


Overfull \hbox (9.6222pt too wide) in paragraph at lines 2--3
\JY2/mc/m/n/10 可
 []


Overfull \hbox (9.6222pt too wide) in paragraph at lines 2--3
\JY2/mc/m/n/10 能
 []


Overfull \hbox (9.6222pt too wide) in paragraph at lines 2--3
\JY2/mc/m/n/10 地
 []


Overfull \hbox (9.6222pt too wide) in paragraph at lines 2--3
\JY2/mc/m/n/10 点
 []


Overfull \hbox (9.6222pt too wide) in paragraph at lines 2--3
\JY2/mc/m/n/10 の
 []


Overfull \hbox (9.6222pt too wide) in paragraph at lines 2--3
\JY2/mc/m/n/10 検
 []


Overfull \hbox (9.6222pt too wide) in paragraph at lines 2--3
\JY2/mc/m/n/10 出
 []


Overfull \hbox (9.6222pt too wide) in paragraph at lines 2--3
\JY2/mc/m/n/10 を
 []


Overfull \hbox (9.6222pt too wide) in paragraph at lines 2--3
\JY2/mc/m/n/10 行
 []


Overfull \hbox (9.6222pt too wide) in paragraph at lines 2--3
\JY2/mc/m/n/10 な
 []


Overfull \hbox (13.93329pt too wide) in paragraph at lines 2--3
\JY2/mc/m/n/10 う ． 
 []

LaTeX Font Info:    Font shape `JT2/mc/m/n' will be
(Font)              scaled to size 9.6222pt on input line 3.
LaTeX Font Info:    Font shape `JY2/mc/m/n' will be
(Font)              scaled to size 9.6222pt on input line 3.

./2.tex:3: LaTeX Error: The font size command \normalsize is not defined:
               there is probably something wrong with the class file.

See the LaTeX manual or LaTeX Companion for explanation.
Type  H <return>  for immediate help.
 ...                                              
                                                  
l.3 
    
Your command was ignored.
Type  I <command> <return>  to replace it with another command,
or  <return>  to continue without it.

[1]
./2.tex:4: Undefined control sequence.
l.4 \section
            {実験機の概要}
The control sequence at the end of the top line
of your error message was never \def'ed. If you have
misspelled it (e.g., `\hobx'), type `I' and the correct
spelling (e.g., `I\hbox'). Otherwise just continue,
and I'll forget about whatever was undefined.


./2.tex:4: LaTeX Error: Missing \begin{document}.

See the LaTeX manual or LaTeX Companion for explanation.
Type  H <return>  for immediate help.
 ...                                              
                                                  
l.4 \section{実
                験機の概要}
You're in trouble here.  Try typing  <return>  to proceed.
If that doesn't work, type  X <return>  to quit.


Overfull \hbox (29.6222pt too wide) in paragraph at lines 4--6
[]\JY2/mc/m/n/10 実
 []


Overfull \hbox (9.6222pt too wide) in paragraph at lines 4--6
\JY2/mc/m/n/10 験
 []


Overfull \hbox (9.6222pt too wide) in paragraph at lines 4--6
\JY2/mc/m/n/10 機
 []


Overfull \hbox (9.6222pt too wide) in paragraph at lines 4--6
\JY2/mc/m/n/10 の
 []


Overfull \hbox (9.6222pt too wide) in paragraph at lines 4--6
\JY2/mc/m/n/10 概
 []


Overfull \hbox (9.6222pt too wide) in paragraph at lines 4--6
\JY2/mc/m/n/10 要
 []


Overfull \hbox (9.6222pt too wide) in paragraph at lines 4--6
\JY2/mc/m/n/10 本
 []


Overfull \hbox (9.6222pt too wide) in paragraph at lines 4--6
\JY2/mc/m/n/10 研
 []


Overfull \hbox (9.6222pt too wide) in paragraph at lines 4--6
\JY2/mc/m/n/10 究
 []


Overfull \hbox (9.6222pt too wide) in paragraph at lines 4--6
\JY2/mc/m/n/10 グ
 []


Overfull \hbox (18.74438pt too wide) in paragraph at lines 4--6
\JY2/mc/m/n/10 ル ー
 []


Overfull \hbox (9.6222pt too wide) in paragraph at lines 4--6
\JY2/mc/m/n/10 プ
 []


Overfull \hbox (9.6222pt too wide) in paragraph at lines 4--6
\JY2/mc/m/n/10 の
 []


Overfull \hbox (9.6222pt too wide) in paragraph at lines 4--6
\JY2/mc/m/n/10 目
 []


Overfull \hbox (9.6222pt too wide) in paragraph at lines 4--6
\JY2/mc/m/n/10 的
 []


Overfull \hbox (9.6222pt too wide) in paragraph at lines 4--6
\JY2/mc/m/n/10 で
 []


Overfull \hbox (9.6222pt too wide) in paragraph at lines 4--6
\JY2/mc/m/n/10 あ
 []


Overfull \hbox (13.93329pt too wide) in paragraph at lines 4--6
\JY2/mc/m/n/10 る ，
 []


Overfull \hbox (9.6222pt too wide) in paragraph at lines 4--6
\JY2/mc/m/n/10 大
 []


Overfull \hbox (9.6222pt too wide) in paragraph at lines 4--6
\JY2/mc/m/n/10 規
 []


Overfull \hbox (9.6222pt too wide) in paragraph at lines 4--6
\JY2/mc/m/n/10 模
 []


Overfull \hbox (9.6222pt too wide) in paragraph at lines 4--6
\JY2/mc/m/n/10 災
 []


Overfull \hbox (9.6222pt too wide) in paragraph at lines 4--6
\JY2/mc/m/n/10 害
 []


Overfull \hbox (9.6222pt too wide) in paragraph at lines 4--6
\JY2/mc/m/n/10 発
 []


Overfull \hbox (9.6222pt too wide) in paragraph at lines 4--6
\JY2/mc/m/n/10 生
 []


Overfull \hbox (9.6222pt too wide) in paragraph at lines 4--6
\JY2/mc/m/n/10 時
 []


Overfull \hbox (9.6222pt too wide) in paragraph at lines 4--6
\JY2/mc/m/n/10 の
 []


Overfull \hbox (9.6222pt too wide) in paragraph at lines 4--6
\JY2/mc/m/n/10 任
 []


Overfull \hbox (9.6222pt too wide) in paragraph at lines 4--6
\JY2/mc/m/n/10 務
 []


Overfull \hbox (9.6222pt too wide) in paragraph at lines 4--6
\JY2/mc/m/n/10 遂
 []


Overfull \hbox (9.6222pt too wide) in paragraph at lines 4--6
\JY2/mc/m/n/10 行
 []


Overfull \hbox (9.6222pt too wide) in paragraph at lines 4--6
\JY2/mc/m/n/10 に
 []


Overfull \hbox (13.93329pt too wide) in paragraph at lines 4--6
\JY2/mc/m/n/10 は ，
 []


Overfull \hbox (9.6222pt too wide) in paragraph at lines 4--6
\JY2/mc/m/n/10 狭
 []


Overfull \hbox (9.6222pt too wide) in paragraph at lines 4--6
\JY2/mc/m/n/10 隘
 []


Overfull \hbox (9.6222pt too wide) in paragraph at lines 4--6
\JY2/mc/m/n/10 地
 []


Overfull \hbox (9.6222pt too wide) in paragraph at lines 4--6
\JY2/mc/m/n/10 へ
 []


Overfull \hbox (9.6222pt too wide) in paragraph at lines 4--6
\JY2/mc/m/n/10 の
 []


Overfull \hbox (9.6222pt too wide) in paragraph at lines 4--6
\JY2/mc/m/n/10 進
 []


Overfull \hbox (9.6222pt too wide) in paragraph at lines 4--6
\JY2/mc/m/n/10 入
 []


Overfull \hbox (9.6222pt too wide) in paragraph at lines 4--6
\JY2/mc/m/n/10 が
 []


Overfull \hbox (9.6222pt too wide) in paragraph at lines 4--6
\JY2/mc/m/n/10 必
 []


Overfull \hbox (9.6222pt too wide) in paragraph at lines 4--6
\JY2/mc/m/n/10 要
 []


Overfull \hbox (9.6222pt too wide) in paragraph at lines 4--6
\JY2/mc/m/n/10 な
 []


Overfull \hbox (9.6222pt too wide) in paragraph at lines 4--6
\JY2/mc/m/n/10 場
 []


Overfull \hbox (9.6222pt too wide) in paragraph at lines 4--6
\JY2/mc/m/n/10 合
 []


Overfull \hbox (9.6222pt too wide) in paragraph at lines 4--6
\JY2/mc/m/n/10 が
 []


Overfull \hbox (9.6222pt too wide) in paragraph at lines 4--6
\JY2/mc/m/n/10 あ
 []


Overfull \hbox (13.93329pt too wide) in paragraph at lines 4--6
\JY2/mc/m/n/10 る ．
 []


Overfull \hbox (9.6222pt too wide) in paragraph at lines 4--6
\JY2/mc/m/n/10 ま
 []


Overfull \hbox (9.6222pt too wide) in paragraph at lines 4--6
\JY2/mc/m/n/10 た
 []


Overfull \hbox (9.6222pt too wide) in paragraph at lines 4--6
\JY2/mc/m/n/10 救
 []


Overfull \hbox (9.6222pt too wide) in paragraph at lines 4--6
\JY2/mc/m/n/10 援
 []


Overfull \hbox (9.6222pt too wide) in paragraph at lines 4--6
\JY2/mc/m/n/10 物
 []


Overfull \hbox (9.6222pt too wide) in paragraph at lines 4--6
\JY2/mc/m/n/10 資
 []


Overfull \hbox (9.6222pt too wide) in paragraph at lines 4--6
\JY2/mc/m/n/10 の
 []


Overfull \hbox (9.6222pt too wide) in paragraph at lines 4--6
\JY2/mc/m/n/10 運
 []


Overfull \hbox (9.6222pt too wide) in paragraph at lines 4--6
\JY2/mc/m/n/10 搬
 []


Overfull \hbox (9.6222pt too wide) in paragraph at lines 4--6
\JY2/mc/m/n/10 に
 []


Overfull \hbox (9.6222pt too wide) in paragraph at lines 4--6
\JY2/mc/m/n/10 利
 []


Overfull \hbox (9.6222pt too wide) in paragraph at lines 4--6
\JY2/mc/m/n/10 用
 []


Overfull \hbox (9.6222pt too wide) in paragraph at lines 4--6
\JY2/mc/m/n/10 す
 []


Overfull \hbox (9.6222pt too wide) in paragraph at lines 4--6
\JY2/mc/m/n/10 る
 []


Overfull \hbox (9.6222pt too wide) in paragraph at lines 4--6
\JY2/mc/m/n/10 場
 []


Overfull \hbox (13.93329pt too wide) in paragraph at lines 4--6
\JY2/mc/m/n/10 合 ，
 []


Overfull \hbox (9.6222pt too wide) in paragraph at lines 4--6
\JY2/mc/m/n/10 救
 []


Overfull \hbox (9.6222pt too wide) in paragraph at lines 4--6
\JY2/mc/m/n/10 助
 []


Overfull \hbox (9.6222pt too wide) in paragraph at lines 4--6
\JY2/mc/m/n/10 者
 []


Overfull \hbox (9.6222pt too wide) in paragraph at lines 4--6
\JY2/mc/m/n/10 に
 []


Overfull \hbox (9.6222pt too wide) in paragraph at lines 4--6
\JY2/mc/m/n/10 近
 []


Overfull \hbox (9.6222pt too wide) in paragraph at lines 4--6
\JY2/mc/m/n/10 い
 []


Overfull \hbox (9.6222pt too wide) in paragraph at lines 4--6
\JY2/mc/m/n/10 距
 []


Overfull \hbox (9.6222pt too wide) in paragraph at lines 4--6
\JY2/mc/m/n/10 離
 []


Overfull \hbox (9.6222pt too wide) in paragraph at lines 4--6
\JY2/mc/m/n/10 で
 []


Overfull \hbox (9.6222pt too wide) in paragraph at lines 4--6
\JY2/mc/m/n/10 着
 []


Overfull \hbox (9.6222pt too wide) in paragraph at lines 4--6
\JY2/mc/m/n/10 陸
 []


Overfull \hbox (9.6222pt too wide) in paragraph at lines 4--6
\JY2/mc/m/n/10 を
 []


Overfull \hbox (9.6222pt too wide) in paragraph at lines 4--6
\JY2/mc/m/n/10 行
 []


Overfull \hbox (9.6222pt too wide) in paragraph at lines 4--6
\JY2/mc/m/n/10 な
 []


Overfull \hbox (9.6222pt too wide) in paragraph at lines 4--6
\JY2/mc/m/n/10 う
 []


Overfull \hbox (9.6222pt too wide) in paragraph at lines 4--6
\JY2/mc/m/n/10 可
 []


Overfull \hbox (9.6222pt too wide) in paragraph at lines 4--6
\JY2/mc/m/n/10 能
 []


Overfull \hbox (9.6222pt too wide) in paragraph at lines 4--6
\JY2/mc/m/n/10 性
 []


Overfull \hbox (9.6222pt too wide) in paragraph at lines 4--6
\JY2/mc/m/n/10 も
 []


Overfull \hbox (9.6222pt too wide) in paragraph at lines 4--6
\JY2/mc/m/n/10 あ
 []


Overfull \hbox (13.93329pt too wide) in paragraph at lines 4--6
\JY2/mc/m/n/10 り ，
 []


Overfull \hbox (9.6222pt too wide) in paragraph at lines 4--6
\JY2/mc/m/n/10 対
 []


Overfull \hbox (9.6222pt too wide) in paragraph at lines 4--6
\JY2/mc/m/n/10 人
 []


Overfull \hbox (9.6222pt too wide) in paragraph at lines 4--6
\JY2/mc/m/n/10 安
 []


Overfull \hbox (9.6222pt too wide) in paragraph at lines 4--6
\JY2/mc/m/n/10 全
 []


Overfull \hbox (9.6222pt too wide) in paragraph at lines 4--6
\JY2/mc/m/n/10 性
 []


Overfull \hbox (9.6222pt too wide) in paragraph at lines 4--6
\JY2/mc/m/n/10 の
 []


Overfull \hbox (9.6222pt too wide) in paragraph at lines 4--6
\JY2/mc/m/n/10 強
 []


Overfull \hbox (9.6222pt too wide) in paragraph at lines 4--6
\JY2/mc/m/n/10 化
 []


Overfull \hbox (9.6222pt too wide) in paragraph at lines 4--6
\JY2/mc/m/n/10 が
 []


Overfull \hbox (9.6222pt too wide) in paragraph at lines 4--6
\JY2/mc/m/n/10 必
 []


Overfull \hbox (9.6222pt too wide) in paragraph at lines 4--6
\JY2/mc/m/n/10 要
 []


Overfull \hbox (9.6222pt too wide) in paragraph at lines 4--6
\JY2/mc/m/n/10 で
 []


Overfull \hbox (9.6222pt too wide) in paragraph at lines 4--6
\JY2/mc/m/n/10 あ
 []


Overfull \hbox (13.93329pt too wide) in paragraph at lines 4--6
\JY2/mc/m/n/10 る ．
 []


Overfull \hbox (9.6222pt too wide) in paragraph at lines 4--6
\JY2/mc/m/n/10 さ
 []


Overfull \hbox (9.6222pt too wide) in paragraph at lines 4--6
\JY2/mc/m/n/10 ら
 []


Overfull \hbox (13.93329pt too wide) in paragraph at lines 4--6
\JY2/mc/m/n/10 に ，
 []


Overfull \hbox (9.6222pt too wide) in paragraph at lines 4--6
\JY2/mc/m/n/10 空
 []


Overfull \hbox (9.6222pt too wide) in paragraph at lines 4--6
\JY2/mc/m/n/10 撮
 []


Overfull \hbox (9.6222pt too wide) in paragraph at lines 4--6
\JY2/mc/m/n/10 や
 []


Overfull \hbox (9.6222pt too wide) in paragraph at lines 4--6
\JY2/mc/m/n/10 着
 []


Overfull \hbox (9.6222pt too wide) in paragraph at lines 4--6
\JY2/mc/m/n/10 陸
 []


Overfull \hbox (9.6222pt too wide) in paragraph at lines 4--6
\JY2/mc/m/n/10 可
 []


Overfull \hbox (9.6222pt too wide) in paragraph at lines 4--6
\JY2/mc/m/n/10 能
 []


Overfull \hbox (9.6222pt too wide) in paragraph at lines 4--6
\JY2/mc/m/n/10 地
 []


Overfull \hbox (9.6222pt too wide) in paragraph at lines 4--6
\JY2/mc/m/n/10 点
 []


Overfull \hbox (9.6222pt too wide) in paragraph at lines 4--6
\JY2/mc/m/n/10 の
 []


Overfull \hbox (9.6222pt too wide) in paragraph at lines 4--6
\JY2/mc/m/n/10 検
 []


Overfull \hbox (9.6222pt too wide) in paragraph at lines 4--6
\JY2/mc/m/n/10 出
 []


Overfull \hbox (9.6222pt too wide) in paragraph at lines 4--6
\JY2/mc/m/n/10 に
 []


Overfull \hbox (13.93329pt too wide) in paragraph at lines 4--6
\JY2/mc/m/n/10 は ，
 []


Overfull \hbox (9.6222pt too wide) in paragraph at lines 4--6
\JY2/mc/m/n/10 安
 []


Overfull \hbox (9.6222pt too wide) in paragraph at lines 4--6
\JY2/mc/m/n/10 定
 []


Overfull \hbox (9.6222pt too wide) in paragraph at lines 4--6
\JY2/mc/m/n/10 し
 []


Overfull \hbox (9.6222pt too wide) in paragraph at lines 4--6
\JY2/mc/m/n/10 た
 []


Overfull \hbox (9.6222pt too wide) in paragraph at lines 4--6
\JY2/mc/m/n/10 飛
 []


Overfull \hbox (9.6222pt too wide) in paragraph at lines 4--6
\JY2/mc/m/n/10 行
 []


Overfull \hbox (9.6222pt too wide) in paragraph at lines 4--6
\JY2/mc/m/n/10 と
 []


Overfull \hbox (9.6222pt too wide) in paragraph at lines 4--6
\JY2/mc/m/n/10 ホ
 []


Overfull \hbox (9.6222pt too wide) in paragraph at lines 4--6
\JY2/mc/m/n/10 バ
 []


Overfull \hbox (9.6222pt too wide) in paragraph at lines 4--6
\JY2/mc/m/n/10 リ
 []


Overfull \hbox (9.6222pt too wide) in paragraph at lines 4--6
\JY2/mc/m/n/10 ン
 []


Overfull \hbox (9.6222pt too wide) in paragraph at lines 4--6
\JY2/mc/m/n/10 グ
 []


Overfull \hbox (9.6222pt too wide) in paragraph at lines 4--6
\JY2/mc/m/n/10 を
 []


Overfull \hbox (9.6222pt too wide) in paragraph at lines 4--6
\JY2/mc/m/n/10 行
 []


Overfull \hbox (9.6222pt too wide) in paragraph at lines 4--6
\JY2/mc/m/n/10 な
 []


Overfull \hbox (9.6222pt too wide) in paragraph at lines 4--6
\JY2/mc/m/n/10 う
 []


Overfull \hbox (9.6222pt too wide) in paragraph at lines 4--6
\JY2/mc/m/n/10 必
 []


Overfull \hbox (9.6222pt too wide) in paragraph at lines 4--6
\JY2/mc/m/n/10 要
 []


Overfull \hbox (9.6222pt too wide) in paragraph at lines 4--6
\JY2/mc/m/n/10 が
 []


Overfull \hbox (9.6222pt too wide) in paragraph at lines 4--6
\JY2/mc/m/n/10 あ
 []


Overfull \hbox (13.93329pt too wide) in paragraph at lines 4--6
\JY2/mc/m/n/10 る ． 
 []


./2.tex:7: LaTeX Error: Missing \begin{document}.

See the LaTeX manual or LaTeX Companion for explanation.
Type  H <return>  for immediate help.
 ...                                              
                                                  
l.7 以
       上を踏まえて，機体製作にあたり以下の3点
You're in trouble here.  Try typing  <return>  to proceed.
If that doesn't work, type  X <return>  to quit.


Overfull \hbox (29.6222pt too wide) in paragraph at lines 7--8
[]\JY2/mc/m/n/10 以
 []


Overfull \hbox (9.6222pt too wide) in paragraph at lines 7--8
\JY2/mc/m/n/10 上
 []


Overfull \hbox (9.6222pt too wide) in paragraph at lines 7--8
\JY2/mc/m/n/10 を
 []


Overfull \hbox (9.6222pt too wide) in paragraph at lines 7--8
\JY2/mc/m/n/10 踏
 []


Overfull \hbox (9.6222pt too wide) in paragraph at lines 7--8
\JY2/mc/m/n/10 ま
 []


Overfull \hbox (9.6222pt too wide) in paragraph at lines 7--8
\JY2/mc/m/n/10 え
 []


Overfull \hbox (13.93329pt too wide) in paragraph at lines 7--8
\JY2/mc/m/n/10 て ，
 []


Overfull \hbox (9.6222pt too wide) in paragraph at lines 7--8
\JY2/mc/m/n/10 機
 []


Overfull \hbox (9.6222pt too wide) in paragraph at lines 7--8
\JY2/mc/m/n/10 体
 []


Overfull \hbox (9.6222pt too wide) in paragraph at lines 7--8
\JY2/mc/m/n/10 製
 []


Overfull \hbox (9.6222pt too wide) in paragraph at lines 7--8
\JY2/mc/m/n/10 作
 []


Overfull \hbox (9.6222pt too wide) in paragraph at lines 7--8
\JY2/mc/m/n/10 に
 []


Overfull \hbox (9.6222pt too wide) in paragraph at lines 7--8
\JY2/mc/m/n/10 あ
 []


Overfull \hbox (9.6222pt too wide) in paragraph at lines 7--8
\JY2/mc/m/n/10 た
 []


Overfull \hbox (9.6222pt too wide) in paragraph at lines 7--8
\JY2/mc/m/n/10 り
 []


Overfull \hbox (9.6222pt too wide) in paragraph at lines 7--8
\JY2/mc/m/n/10 以
 []


Overfull \hbox (9.6222pt too wide) in paragraph at lines 7--8
\JY2/mc/m/n/10 下
 []


Overfull \hbox (9.6222pt too wide) in paragraph at lines 7--8
\JY2/mc/m/n/10 の
 []


Overfull \hbox (5.00002pt too wide) in paragraph at lines 7--8
\OT1/cmr/m/n/10 3
 []


Overfull \hbox (9.6222pt too wide) in paragraph at lines 7--8
\JY2/mc/m/n/10 点 
 []


Overfull \hbox (9.6222pt too wide) in paragraph at lines 9--10
\JY2/mc/m/n/10 機
 []


Overfull \hbox (9.6222pt too wide) in paragraph at lines 9--10
\JY2/mc/m/n/10 体
 []


Overfull \hbox (9.6222pt too wide) in paragraph at lines 9--10
\JY2/mc/m/n/10 サ
 []


Overfull \hbox (9.6222pt too wide) in paragraph at lines 9--10
\JY2/mc/m/n/10 イ
 []


Overfull \hbox (9.6222pt too wide) in paragraph at lines 9--10
\JY2/mc/m/n/10 ズ
 []


Overfull \hbox (9.6222pt too wide) in paragraph at lines 9--10
\JY2/mc/m/n/10 の
 []


Overfull \hbox (9.6222pt too wide) in paragraph at lines 9--10
\JY2/mc/m/n/10 小
 []


Overfull \hbox (9.6222pt too wide) in paragraph at lines 9--10
\JY2/mc/m/n/10 型
 []


Overfull \hbox (9.6222pt too wide) in paragraph at lines 9--10
\JY2/mc/m/n/10 化 
 []


Overfull \hbox (9.6222pt too wide) in paragraph at lines 10--11
\JY2/mc/m/n/10 対
 []


Overfull \hbox (9.6222pt too wide) in paragraph at lines 10--11
\JY2/mc/m/n/10 人
 []


Overfull \hbox (9.6222pt too wide) in paragraph at lines 10--11
\JY2/mc/m/n/10 安
 []


Overfull \hbox (9.6222pt too wide) in paragraph at lines 10--11
\JY2/mc/m/n/10 全
 []


Overfull \hbox (9.6222pt too wide) in paragraph at lines 10--11
\JY2/mc/m/n/10 性
 []


Overfull \hbox (9.6222pt too wide) in paragraph at lines 10--11
\JY2/mc/m/n/10 を
 []


Overfull \hbox (9.6222pt too wide) in paragraph at lines 10--11
\JY2/mc/m/n/10 考
 []


Overfull \hbox (9.6222pt too wide) in paragraph at lines 10--11
\JY2/mc/m/n/10 慮 
 []


Overfull \hbox (9.6222pt too wide) in paragraph at lines 11--12
\JY2/mc/m/n/10 ヘ
 []


Overfull \hbox (9.6222pt too wide) in paragraph at lines 11--12
\JY2/mc/m/n/10 リ
 []


Overfull \hbox (9.6222pt too wide) in paragraph at lines 11--12
\JY2/mc/m/n/10 コ
 []


Overfull \hbox (9.6222pt too wide) in paragraph at lines 11--12
\JY2/mc/m/n/10 プ
 []


Overfull \hbox (9.6222pt too wide) in paragraph at lines 11--12
\JY2/mc/m/n/10 タ
 []


Overfull \hbox (9.6222pt too wide) in paragraph at lines 11--12
\JY2/mc/m/n/10 と
 []


Overfull \hbox (9.6222pt too wide) in paragraph at lines 11--12
\JY2/mc/m/n/10 同
 []


Overfull \hbox (9.6222pt too wide) in paragraph at lines 11--12
\JY2/mc/m/n/10 等
 []


Overfull \hbox (9.6222pt too wide) in paragraph at lines 11--12
\JY2/mc/m/n/10 の
 []


Overfull \hbox (9.6222pt too wide) in paragraph at lines 11--12
\JY2/mc/m/n/10 ホ
 []


Overfull \hbox (9.6222pt too wide) in paragraph at lines 11--12
\JY2/mc/m/n/10 バ
 []


Overfull \hbox (9.6222pt too wide) in paragraph at lines 11--12
\JY2/mc/m/n/10 リ
 []


Overfull \hbox (9.6222pt too wide) in paragraph at lines 11--12
\JY2/mc/m/n/10 ン
 []


Overfull \hbox (9.6222pt too wide) in paragraph at lines 11--12
\JY2/mc/m/n/10 グ
 []


Overfull \hbox (9.6222pt too wide) in paragraph at lines 11--12
\JY2/mc/m/n/10 性
 []


Overfull \hbox (9.6222pt too wide) in paragraph at lines 11--12
\JY2/mc/m/n/10 能 
 []


Overfull \hbox (9.6222pt too wide) in paragraph at lines 13--14
\JY2/mc/m/n/10 を
 []


Overfull \hbox (9.6222pt too wide) in paragraph at lines 13--14
\JY2/mc/m/n/10 コ
 []


Overfull \hbox (9.6222pt too wide) in paragraph at lines 13--14
\JY2/mc/m/n/10 ン
 []


Overfull \hbox (9.6222pt too wide) in paragraph at lines 13--14
\JY2/mc/m/n/10 セ
 []


Overfull \hbox (9.6222pt too wide) in paragraph at lines 13--14
\JY2/mc/m/n/10 プ
 []


Overfull \hbox (9.6222pt too wide) in paragraph at lines 13--14
\JY2/mc/m/n/10 ト
 []


Overfull \hbox (9.6222pt too wide) in paragraph at lines 13--14
\JY2/mc/m/n/10 と
 []


Overfull \hbox (9.6222pt too wide) in paragraph at lines 13--14
\JY2/mc/m/n/10 し
 []


Overfull \hbox (9.6222pt too wide) in paragraph at lines 13--14
\JY2/mc/m/n/10 て
 []


Overfull \hbox (9.6222pt too wide) in paragraph at lines 13--14
\JY2/mc/m/n/10 い
 []


Overfull \hbox (13.93329pt too wide) in paragraph at lines 13--14
\JY2/mc/m/n/10 る ． 
 []


./2.tex:15: LaTeX Error: Environment figure undefined.

See the LaTeX manual or LaTeX Companion for explanation.
Type  H <return>  for immediate help.
 ...                                              
                                                  
l.15 ^^I\begin{figure}
                      [h]
Your command was ignored.
Type  I <command> <return>  to replace it with another command,
or  <return>  to continue without it.


Overfull \hbox (31.11115pt too wide) in paragraph at lines 15--16
[]\OT1/cmr/m/n/10 [h] 
 []

./2.tex:17: Undefined control sequence.
l.17 ^^I\includegraphics
                        [clip,width=10.0cm]{vtol23K_2.JPG}
The control sequence at the end of the top line
of your error message was never \def'ed. If you have
misspelled it (e.g., `\hobx'), type `I' and the correct
spelling (e.g., `I\hbox'). Otherwise just continue,
and I'll forget about whatever was undefined.

./2.tex:17: Missing $ inserted.
<inserted text> 
                $
l.17 ...ncludegraphics[clip,width=10.0cm]{vtol23K_
                                                  2.JPG}
I've inserted a begin-math/end-math symbol since I think
you left one out. Proceed, with fingers crossed.

LaTeX Font Info:    External font `cmex10' loaded for size
(Font)              <7> on input line 17.
LaTeX Font Info:    External font `cmex10' loaded for size
(Font)              <5> on input line 17.
./2.tex:17: Extra }, or forgotten $.
l.17 ...graphics[clip,width=10.0cm]{vtol23K_2.JPG}
                                                  
I've deleted a group-closing symbol because it seems to be
spurious, as in `$x}$'. But perhaps the } is legitimate and
you forgot something else, as in `\hbox{$x}'. In such cases
the way to recover is to insert both the forgotten and the
deleted material, e.g., by typing `I$}'.


./2.tex:18: LaTeX Error: \caption outside float.

See the LaTeX manual or LaTeX Companion for explanation.
Type  H <return>  for immediate help.
 ...                                              
                                                  
l.18 ^^I\caption
                {Tilt rotor UAV}
You're in trouble here.  Try typing  <return>  to proceed.
If that doesn't work, type  X <return>  to quit.


./2.tex:20: LaTeX Error: Command \end{center} invalid in math mode.

See the LaTeX manual or LaTeX Companion for explanation.
Type  H <return>  for immediate help.
 ...                                              
                                                  
l.20 ^^I\end{center}
                    
Try typing  <return>  to proceed.
If that doesn't work, type  X <return>  to quit.


./2.tex:20: LaTeX Error: Something's wrong--perhaps a missing \item.

See the LaTeX manual or LaTeX Companion for explanation.
Type  H <return>  for immediate help.
 ...                                              
                                                  
l.20 ^^I\end{center}
                    
Try typing  <return>  to proceed.
If that doesn't work, type  X <return>  to quit.


./2.tex:20: LaTeX Error: Something's wrong--perhaps a missing \item.

See the LaTeX manual or LaTeX Companion for explanation.
Type  H <return>  for immediate help.
 ...                                              
                                                  
l.20 ^^I\end{center}
                    
Try typing  <return>  to proceed.
If that doesn't work, type  X <return>  to quit.

./2.tex:20: Missing $ inserted.
<inserted text> 
                $
l.20 ^^I\end{center}
                    
I've inserted something that you may have forgotten.
(See the <inserted text> above.)
With luck, this will get me unwedged. But if you
really didn't forget anything, try typing `2' now; then
my insertion and my current dilemma will both disappear.

./2.tex:20: Missing } inserted.
<inserted text> 
                }
l.20 ^^I\end{center}
                    
I've inserted something that you may have forgotten.
(See the <inserted text> above.)
With luck, this will get me unwedged. But if you
really didn't forget anything, try typing `2' now; then
my insertion and my current dilemma will both disappear.


./2.tex:21: LaTeX Error: \begin{document} ended by \end{figure}.

See the LaTeX manual or LaTeX Companion for explanation.
Type  H <return>  for immediate help.
 ...                                              
                                                  
l.21 ^^I\end{figure}
                    
Your command was ignored.
Type  I <command> <return>  to replace it with another command,
or  <return>  to continue without it.


Overfull \hbox (215.21454pt too wide) in paragraph at lines 17--22
\OT1/cmr/m/n/10 [clip,width=10.0cm]vtol23K$[]\OML/cmm/m/it/10 :JPG[][]$
 []

./2.tex:23: Undefined control sequence.
l.23 \section
             {搭載システム}
The control sequence at the end of the top line
of your error message was never \def'ed. If you have
misspelled it (e.g., `\hobx'), type `I' and the correct
spelling (e.g., `I\hbox'). Otherwise just continue,
and I'll forget about whatever was undefined.

)
! Emergency stop.
<*> 2.tex
         
*** (job aborted, no legal \end found)

 
Here is how much of TeX's memory you used:
 10 strings out of 493270
 76 string characters out of 6145017
 67907 words of memory out of 5000000
 4049 multiletter control sequences out of 15000+600000
 6281 words of font info for 32 fonts, out of 8000000 for 9000
 929 hyphenation exceptions out of 8191
 18i,4n,12p,452b,118s stack positions out of 5000i,500n,10000p,200000b,80000s
Output written on 2.dvi (1 page, 880 bytes).
