This is e-upTeX, Version 3.14159265-p3.8.0-u1.23-180226-2.6 (utf8.uptex) (TeX Live 2018) (preloaded format=uplatex 2019.1.21)  23 JAN 2019 01:41
entering extended mode
 restricted \write18 enabled.
 file:line:error style messages enabled.
 %&-line parsing enabled.
**abstract_ja.tex
(./abstract_ja.tex
pLaTeX2e <2018-04-01u02>+1 (based on LaTeX2e <2018-04-01> patch level 2)
Babel <3.18> and hyphenation patterns for 84 language(s) loaded.

./abstract_ja.tex:1: LaTeX Error: Environment titlepage undefined.

See the LaTeX manual or LaTeX Companion for explanation.
Type  H <return>  for immediate help.
 ...                                              
                                                  
l.1 \begin{titlepage}
                     
Your command was ignored.
Type  I <command> <return>  to replace it with another command,
or  <return>  to continue without it.


./abstract_ja.tex:4: LaTeX Error: Missing \begin{document}.

See the LaTeX manual or LaTeX Companion for explanation.
Type  H <return>  for immediate help.
 ...                                              
                                                  
l.4 \begin{center}
                  
You're in trouble here.  Try typing  <return>  to proceed.
If that doesn't work, type  X <return>  to quit.


Overfull \hbox (20.0pt too wide) in paragraph at lines 4--4
[] 
 []

./abstract_ja.tex:5: Undefined control sequence.
l.5 {\LARGE
            \bf ティルトロータ型UAVにおける\\低速飛行特性...
The control sequence at the end of the top line
of your error message was never \def'ed. If you have
misspelled it (e.g., `\hobx'), type `I' and the correct
spelling (e.g., `I\hbox'). Otherwise just continue,
and I'll forget about whatever was undefined.

./abstract_ja.tex:5: Undefined control sequence.
l.5 {\LARGE \bf
                ティルトロータ型UAVにおける\\低速飛行特性...
The control sequence at the end of the top line
of your error message was never \def'ed. If you have
misspelled it (e.g., `\hobx'), type `I' and the correct
spelling (e.g., `I\hbox'). Otherwise just continue,
and I'll forget about whatever was undefined.


Overfull \hbox (9.6222pt too wide) in paragraph at lines 5--5
 \JY2/mc/m/n/10 テ 
 []


Overfull \hbox (9.6222pt too wide) in paragraph at lines 5--5
 \JY2/mc/m/n/10 ィ 
 []


Overfull \hbox (9.6222pt too wide) in paragraph at lines 5--5
 \JY2/mc/m/n/10 ル 
 []


Overfull \hbox (9.6222pt too wide) in paragraph at lines 5--5
 \JY2/mc/m/n/10 ト 
 []


Overfull \hbox (18.74438pt too wide) in paragraph at lines 5--5
 \JY2/mc/m/n/10 ロ ー 
 []


Overfull \hbox (9.6222pt too wide) in paragraph at lines 5--5
 \JY2/mc/m/n/10 タ 
 []


Overfull \hbox (9.6222pt too wide) in paragraph at lines 5--5
 \JY2/mc/m/n/10 型 
 []


Overfull \hbox (21.38892pt too wide) in paragraph at lines 5--5
 \OT1/cmr/m/n/10 UAV 
 []


Overfull \hbox (9.6222pt too wide) in paragraph at lines 5--5
 \JY2/mc/m/n/10 に 
 []


Overfull \hbox (9.6222pt too wide) in paragraph at lines 5--5
 \JY2/mc/m/n/10 お 
 []


Overfull \hbox (9.6222pt too wide) in paragraph at lines 5--5
 \JY2/mc/m/n/10 け 
 []


Overfull \hbox (9.6222pt too wide) in paragraph at lines 5--5
 \JY2/mc/m/n/10 る 
 []


Overfull \hbox (9.6222pt too wide) in paragraph at lines 5--6
 []\JY2/mc/m/n/10 低 
 []


Overfull \hbox (9.6222pt too wide) in paragraph at lines 5--6
 \JY2/mc/m/n/10 速 
 []


Overfull \hbox (9.6222pt too wide) in paragraph at lines 5--6
 \JY2/mc/m/n/10 飛 
 []


Overfull \hbox (9.6222pt too wide) in paragraph at lines 5--6
 \JY2/mc/m/n/10 行 
 []


Overfull \hbox (9.6222pt too wide) in paragraph at lines 5--6
 \JY2/mc/m/n/10 特 
 []


Overfull \hbox (9.6222pt too wide) in paragraph at lines 5--6
 \JY2/mc/m/n/10 性 
 []


Overfull \hbox (9.6222pt too wide) in paragraph at lines 5--6
 \JY2/mc/m/n/10 の 
 []


Overfull \hbox (9.6222pt too wide) in paragraph at lines 5--6
 \JY2/mc/m/n/10 解 
 []


Overfull \hbox (9.6222pt too wide) in paragraph at lines 5--6
 \JY2/mc/m/n/10 析 
 []

./abstract_ja.tex:7: Undefined control sequence.
l.7 {\Large
            弓場~洋輝}
The control sequence at the end of the top line
of your error message was never \def'ed. If you have
misspelled it (e.g., `\hobx'), type `I' and the correct
spelling (e.g., `I\hbox'). Otherwise just continue,
and I'll forget about whatever was undefined.


Overfull \hbox (9.6222pt too wide) in paragraph at lines 7--8
 []\JY2/mc/m/n/10 弓 
 []


Overfull \hbox (21.4666pt too wide) in paragraph at lines 7--8
 \JY2/mc/m/n/10 場 洋 
 []


Overfull \hbox (9.6222pt too wide) in paragraph at lines 7--8
 \JY2/mc/m/n/10 輝 
 []

./abstract_ja.tex:9: Undefined control sequence.
l.9 {\LARGE
            \bf 要\vspace{36pt}   旨\\}
The control sequence at the end of the top line
of your error message was never \def'ed. If you have
misspelled it (e.g., `\hobx'), type `I' and the correct
spelling (e.g., `I\hbox'). Otherwise just continue,
and I'll forget about whatever was undefined.

./abstract_ja.tex:9: Undefined control sequence.
l.9 {\LARGE \bf
                要\vspace{36pt}   旨\\}
The control sequence at the end of the top line
of your error message was never \def'ed. If you have
misspelled it (e.g., `\hobx'), type `I' and the correct
spelling (e.g., `I\hbox'). Otherwise just continue,
and I'll forget about whatever was undefined.


Overfull \hbox (9.6222pt too wide) in paragraph at lines 9--9
 []\JY2/mc/m/n/10 要 
 []


Overfull \hbox (9.6222pt too wide) in paragraph at lines 9--9
 \JY2/mc/m/n/10 旨 
 []


Overfull \hbox (20.0pt too wide) in paragraph at lines 12--13
[] 
 []


Overfull \hbox (29.6222pt too wide) in paragraph at lines 14--32
[]\JY2/mc/m/n/10 貯
 []


Overfull \hbox (9.6222pt too wide) in paragraph at lines 14--32
\JY2/mc/m/n/10 水
 []


Overfull \hbox (9.6222pt too wide) in paragraph at lines 14--32
\JY2/mc/m/n/10 施
 []


Overfull \hbox (9.6222pt too wide) in paragraph at lines 14--32
\JY2/mc/m/n/10 設
 []


Overfull \hbox (9.6222pt too wide) in paragraph at lines 14--32
\JY2/mc/m/n/10 や
 []


Overfull \hbox (9.6222pt too wide) in paragraph at lines 14--32
\JY2/mc/m/n/10 発
 []


Overfull \hbox (9.6222pt too wide) in paragraph at lines 14--32
\JY2/mc/m/n/10 電
 []


Overfull \hbox (9.6222pt too wide) in paragraph at lines 14--32
\JY2/mc/m/n/10 機
 []


Overfull \hbox (9.6222pt too wide) in paragraph at lines 14--32
\JY2/mc/m/n/10 が
 []


Overfull \hbox (9.6222pt too wide) in paragraph at lines 14--32
\JY2/mc/m/n/10 あ
 []


Overfull \hbox (9.6222pt too wide) in paragraph at lines 14--32
\JY2/mc/m/n/10 る
 []


Overfull \hbox (9.6222pt too wide) in paragraph at lines 14--32
\JY2/mc/m/n/10 放
 []


Overfull \hbox (9.6222pt too wide) in paragraph at lines 14--32
\JY2/mc/m/n/10 流
 []


Overfull \hbox (9.6222pt too wide) in paragraph at lines 14--32
\JY2/mc/m/n/10 路
 []


Overfull \hbox (9.6222pt too wide) in paragraph at lines 14--32
\JY2/mc/m/n/10 な
 []


Overfull \hbox (9.6222pt too wide) in paragraph at lines 14--32
\JY2/mc/m/n/10 ど
 []


Overfull \hbox (18.74438pt too wide) in paragraph at lines 14--32
\JY2/mc/m/n/10 様 々
 []


Overfull \hbox (9.6222pt too wide) in paragraph at lines 14--32
\JY2/mc/m/n/10 な
 []


Overfull \hbox (9.6222pt too wide) in paragraph at lines 14--32
\JY2/mc/m/n/10 放
 []


Overfull \hbox (9.6222pt too wide) in paragraph at lines 14--32
\JY2/mc/m/n/10 流
 []


Overfull \hbox (9.6222pt too wide) in paragraph at lines 14--32
\JY2/mc/m/n/10 路
 []


Overfull \hbox (9.6222pt too wide) in paragraph at lines 14--32
\JY2/mc/m/n/10 か
 []


Overfull \hbox (9.6222pt too wide) in paragraph at lines 14--32
\JY2/mc/m/n/10 ら
 []


Overfull \hbox (9.6222pt too wide) in paragraph at lines 14--32
\JY2/mc/m/n/10 構
 []


Overfull \hbox (9.6222pt too wide) in paragraph at lines 14--32
\JY2/mc/m/n/10 成
 []


Overfull \hbox (9.6222pt too wide) in paragraph at lines 14--32
\JY2/mc/m/n/10 さ
 []


Overfull \hbox (9.6222pt too wide) in paragraph at lines 14--32
\JY2/mc/m/n/10 れ
 []


Overfull \hbox (9.6222pt too wide) in paragraph at lines 14--32
\JY2/mc/m/n/10 る
 []


Overfull \hbox (9.6222pt too wide) in paragraph at lines 14--32
\JY2/mc/m/n/10 水
 []


Overfull \hbox (9.6222pt too wide) in paragraph at lines 14--32
\JY2/mc/m/n/10 系
 []


Overfull \hbox (9.6222pt too wide) in paragraph at lines 14--32
\JY2/mc/m/n/10 の
 []


Overfull \hbox (9.6222pt too wide) in paragraph at lines 14--32
\JY2/mc/m/n/10 運
 []


Overfull \hbox (9.6222pt too wide) in paragraph at lines 14--32
\JY2/mc/m/n/10 用
 []


Overfull \hbox (9.6222pt too wide) in paragraph at lines 14--32
\JY2/mc/m/n/10 に
 []


Overfull \hbox (9.6222pt too wide) in paragraph at lines 14--32
\JY2/mc/m/n/10 つ
 []


Overfull \hbox (9.6222pt too wide) in paragraph at lines 14--32
\JY2/mc/m/n/10 い
 []


Overfull \hbox (13.93329pt too wide) in paragraph at lines 14--32
\JY2/mc/m/n/10 て ，
 []


Overfull \hbox (9.6222pt too wide) in paragraph at lines 14--32
\JY2/mc/m/n/10 水
 []


Overfull \hbox (9.6222pt too wide) in paragraph at lines 14--32
\JY2/mc/m/n/10 系
 []


Overfull \hbox (9.6222pt too wide) in paragraph at lines 14--32
\JY2/mc/m/n/10 に
 []


Overfull \hbox (9.6222pt too wide) in paragraph at lines 14--32
\JY2/mc/m/n/10 存
 []


Overfull \hbox (9.6222pt too wide) in paragraph at lines 14--32
\JY2/mc/m/n/10 在
 []


Overfull \hbox (9.6222pt too wide) in paragraph at lines 14--32
\JY2/mc/m/n/10 す
 []


Overfull \hbox (9.6222pt too wide) in paragraph at lines 14--32
\JY2/mc/m/n/10 る
 []


Overfull \hbox (18.74438pt too wide) in paragraph at lines 14--32
\JY2/mc/m/n/10 種 々
 []


Overfull \hbox (9.6222pt too wide) in paragraph at lines 14--32
\JY2/mc/m/n/10 の
 []


Overfull \hbox (9.6222pt too wide) in paragraph at lines 14--32
\JY2/mc/m/n/10 制
 []


Overfull \hbox (9.6222pt too wide) in paragraph at lines 14--32
\JY2/mc/m/n/10 約
 []


Overfull \hbox (9.6222pt too wide) in paragraph at lines 14--32
\JY2/mc/m/n/10 を
 []


Overfull \hbox (9.6222pt too wide) in paragraph at lines 14--32
\JY2/mc/m/n/10 満
 []


Overfull \hbox (9.6222pt too wide) in paragraph at lines 14--32
\JY2/mc/m/n/10 た
 []


Overfull \hbox (9.6222pt too wide) in paragraph at lines 14--32
\JY2/mc/m/n/10 し
 []


Overfull \hbox (9.6222pt too wide) in paragraph at lines 14--32
\JY2/mc/m/n/10 つ
 []


Overfull \hbox (9.6222pt too wide) in paragraph at lines 14--32
\JY2/mc/m/n/10 つ
 []


Overfull \hbox (13.93329pt too wide) in paragraph at lines 14--32
\JY2/mc/m/n/10 も ，
 []


Overfull \hbox (9.6222pt too wide) in paragraph at lines 14--32
\JY2/mc/m/n/10 効
 []


Overfull \hbox (9.6222pt too wide) in paragraph at lines 14--32
\JY2/mc/m/n/10 率
 []


Overfull \hbox (9.6222pt too wide) in paragraph at lines 14--32
\JY2/mc/m/n/10 的
 []


Overfull \hbox (9.6222pt too wide) in paragraph at lines 14--32
\JY2/mc/m/n/10 に
 []


Overfull \hbox (9.6222pt too wide) in paragraph at lines 14--32
\JY2/mc/m/n/10 水
 []


Overfull \hbox (9.6222pt too wide) in paragraph at lines 14--32
\JY2/mc/m/n/10 資
 []


Overfull \hbox (9.6222pt too wide) in paragraph at lines 14--32
\JY2/mc/m/n/10 源
 []


Overfull \hbox (9.6222pt too wide) in paragraph at lines 14--32
\JY2/mc/m/n/10 を
 []


Overfull \hbox (9.6222pt too wide) in paragraph at lines 14--32
\JY2/mc/m/n/10 利
 []


Overfull \hbox (9.6222pt too wide) in paragraph at lines 14--32
\JY2/mc/m/n/10 用
 []


Overfull \hbox (9.6222pt too wide) in paragraph at lines 14--32
\JY2/mc/m/n/10 す
 []


Overfull \hbox (9.6222pt too wide) in paragraph at lines 14--32
\JY2/mc/m/n/10 る
 []


Overfull \hbox (9.6222pt too wide) in paragraph at lines 14--32
\JY2/mc/m/n/10 水
 []


Overfull \hbox (9.6222pt too wide) in paragraph at lines 14--32
\JY2/mc/m/n/10 系
 []


Overfull \hbox (9.6222pt too wide) in paragraph at lines 14--32
\JY2/mc/m/n/10 運
 []


Overfull \hbox (9.6222pt too wide) in paragraph at lines 14--32
\JY2/mc/m/n/10 用
 []


Overfull \hbox (9.6222pt too wide) in paragraph at lines 14--32
\JY2/mc/m/n/10 計
 []


Overfull \hbox (9.6222pt too wide) in paragraph at lines 14--32
\JY2/mc/m/n/10 画
 []


Overfull \hbox (9.6222pt too wide) in paragraph at lines 14--32
\JY2/mc/m/n/10 を
 []


Overfull \hbox (9.6222pt too wide) in paragraph at lines 14--32
\JY2/mc/m/n/10 作
 []


Overfull \hbox (9.6222pt too wide) in paragraph at lines 14--32
\JY2/mc/m/n/10 成
 []


Overfull \hbox (9.6222pt too wide) in paragraph at lines 14--32
\JY2/mc/m/n/10 す
 []


Overfull \hbox (9.6222pt too wide) in paragraph at lines 14--32
\JY2/mc/m/n/10 る
 []


Overfull \hbox (9.6222pt too wide) in paragraph at lines 14--32
\JY2/mc/m/n/10 こ
 []


Overfull \hbox (9.6222pt too wide) in paragraph at lines 14--32
\JY2/mc/m/n/10 と
 []


Overfull \hbox (9.6222pt too wide) in paragraph at lines 14--32
\JY2/mc/m/n/10 が
 []


Overfull \hbox (9.6222pt too wide) in paragraph at lines 14--32
\JY2/mc/m/n/10 肝
 []


Overfull \hbox (9.6222pt too wide) in paragraph at lines 14--32
\JY2/mc/m/n/10 要
 []


Overfull \hbox (9.6222pt too wide) in paragraph at lines 14--32
\JY2/mc/m/n/10 で
 []


Overfull \hbox (9.6222pt too wide) in paragraph at lines 14--32
\JY2/mc/m/n/10 あ
 []


Overfull \hbox (13.93329pt too wide) in paragraph at lines 14--32
\JY2/mc/m/n/10 る ．
 []


Overfull \hbox (9.6222pt too wide) in paragraph at lines 14--32
\JY2/mc/m/n/10 本
 []


Overfull \hbox (9.6222pt too wide) in paragraph at lines 14--32
\JY2/mc/m/n/10 研
 []


Overfull \hbox (9.6222pt too wide) in paragraph at lines 14--32
\JY2/mc/m/n/10 究
 []


Overfull \hbox (9.6222pt too wide) in paragraph at lines 14--32
\JY2/mc/m/n/10 で
 []


Overfull \hbox (13.93329pt too wide) in paragraph at lines 14--32
\JY2/mc/m/n/10 は ，
 []


Overfull \hbox (9.6222pt too wide) in paragraph at lines 14--32
\JY2/mc/m/n/10 効
 []


Overfull \hbox (9.6222pt too wide) in paragraph at lines 14--32
\JY2/mc/m/n/10 率
 []


Overfull \hbox (9.6222pt too wide) in paragraph at lines 14--32
\JY2/mc/m/n/10 的
 []


Overfull \hbox (9.6222pt too wide) in paragraph at lines 14--32
\JY2/mc/m/n/10 か
 []


Overfull \hbox (9.6222pt too wide) in paragraph at lines 14--32
\JY2/mc/m/n/10 つ
 []


Overfull \hbox (9.6222pt too wide) in paragraph at lines 14--32
\JY2/mc/m/n/10 実
 []


Overfull \hbox (9.6222pt too wide) in paragraph at lines 14--32
\JY2/mc/m/n/10 用
 []


Overfull \hbox (9.6222pt too wide) in paragraph at lines 14--32
\JY2/mc/m/n/10 的
 []


Overfull \hbox (9.6222pt too wide) in paragraph at lines 14--32
\JY2/mc/m/n/10 な
 []


Overfull \hbox (9.6222pt too wide) in paragraph at lines 14--32
\JY2/mc/m/n/10 水
 []


Overfull \hbox (9.6222pt too wide) in paragraph at lines 14--32
\JY2/mc/m/n/10 系
 []


Overfull \hbox (9.6222pt too wide) in paragraph at lines 14--32
\JY2/mc/m/n/10 運
 []


Overfull \hbox (9.6222pt too wide) in paragraph at lines 14--32
\JY2/mc/m/n/10 用
 []


Overfull \hbox (9.6222pt too wide) in paragraph at lines 14--32
\JY2/mc/m/n/10 計
 []


Overfull \hbox (9.6222pt too wide) in paragraph at lines 14--32
\JY2/mc/m/n/10 画
 []


Overfull \hbox (9.6222pt too wide) in paragraph at lines 14--32
\JY2/mc/m/n/10 の
 []


Overfull \hbox (9.6222pt too wide) in paragraph at lines 14--32
\JY2/mc/m/n/10 作
 []


Overfull \hbox (9.6222pt too wide) in paragraph at lines 14--32
\JY2/mc/m/n/10 成
 []


Overfull \hbox (9.6222pt too wide) in paragraph at lines 14--32
\JY2/mc/m/n/10 問
 []


Overfull \hbox (9.6222pt too wide) in paragraph at lines 14--32
\JY2/mc/m/n/10 題
 []


Overfull \hbox (9.6222pt too wide) in paragraph at lines 14--32
\JY2/mc/m/n/10 を
 []


Overfull \hbox (9.6222pt too wide) in paragraph at lines 14--32
\JY2/mc/m/n/10 対
 []


Overfull \hbox (9.6222pt too wide) in paragraph at lines 14--32
\JY2/mc/m/n/10 象
 []


Overfull \hbox (9.6222pt too wide) in paragraph at lines 14--32
\JY2/mc/m/n/10 と
 []


Overfull \hbox (9.6222pt too wide) in paragraph at lines 14--32
\JY2/mc/m/n/10 し
 []


Overfull \hbox (13.93329pt too wide) in paragraph at lines 14--32
\JY2/mc/m/n/10 て ，
 []


Overfull \hbox (9.6222pt too wide) in paragraph at lines 14--32
\JY2/mc/m/n/10 数
 []


Overfull \hbox (9.6222pt too wide) in paragraph at lines 14--32
\JY2/mc/m/n/10 理
 []


Overfull \hbox (9.6222pt too wide) in paragraph at lines 14--32
\JY2/mc/m/n/10 計
 []


Overfull \hbox (9.6222pt too wide) in paragraph at lines 14--32
\JY2/mc/m/n/10 画
 []


Overfull \hbox (9.6222pt too wide) in paragraph at lines 14--32
\JY2/mc/m/n/10 モ
 []


Overfull \hbox (9.6222pt too wide) in paragraph at lines 14--32
\JY2/mc/m/n/10 デ
 []


Overfull \hbox (9.6222pt too wide) in paragraph at lines 14--32
\JY2/mc/m/n/10 ル
 []


Overfull \hbox (9.6222pt too wide) in paragraph at lines 14--32
\JY2/mc/m/n/10 の
 []


Overfull \hbox (9.6222pt too wide) in paragraph at lines 14--32
\JY2/mc/m/n/10 一
 []


Overfull \hbox (9.6222pt too wide) in paragraph at lines 14--32
\JY2/mc/m/n/10 構
 []


Overfull \hbox (9.6222pt too wide) in paragraph at lines 14--32
\JY2/mc/m/n/10 成
 []


Overfull \hbox (9.6222pt too wide) in paragraph at lines 14--32
\JY2/mc/m/n/10 法
 []


Overfull \hbox (9.6222pt too wide) in paragraph at lines 14--32
\JY2/mc/m/n/10 を
 []


Overfull \hbox (9.6222pt too wide) in paragraph at lines 14--32
\JY2/mc/m/n/10 示
 []


Overfull \hbox (9.6222pt too wide) in paragraph at lines 14--32
\JY2/mc/m/n/10 す
 []


Overfull \hbox (9.6222pt too wide) in paragraph at lines 14--32
\JY2/mc/m/n/10 と
 []


Overfull \hbox (9.6222pt too wide) in paragraph at lines 14--32
\JY2/mc/m/n/10 と
 []


Overfull \hbox (9.6222pt too wide) in paragraph at lines 14--32
\JY2/mc/m/n/10 も
 []


Overfull \hbox (13.93329pt too wide) in paragraph at lines 14--32
\JY2/mc/m/n/10 に ，
 []


Overfull \hbox (9.6222pt too wide) in paragraph at lines 14--32
\JY2/mc/m/n/10 そ
 []


Overfull \hbox (9.6222pt too wide) in paragraph at lines 14--32
\JY2/mc/m/n/10 の
 []


Overfull \hbox (9.6222pt too wide) in paragraph at lines 14--32
\JY2/mc/m/n/10 妥
 []


Overfull \hbox (9.6222pt too wide) in paragraph at lines 14--32
\JY2/mc/m/n/10 当
 []


Overfull \hbox (9.6222pt too wide) in paragraph at lines 14--32
\JY2/mc/m/n/10 性
 []


Overfull \hbox (9.6222pt too wide) in paragraph at lines 14--32
\JY2/mc/m/n/10 に
 []


Overfull \hbox (9.6222pt too wide) in paragraph at lines 14--32
\JY2/mc/m/n/10 つ
 []


Overfull \hbox (9.6222pt too wide) in paragraph at lines 14--32
\JY2/mc/m/n/10 い
 []


Overfull \hbox (9.6222pt too wide) in paragraph at lines 14--32
\JY2/mc/m/n/10 て
 []


Overfull \hbox (9.6222pt too wide) in paragraph at lines 14--32
\JY2/mc/m/n/10 検
 []


Overfull \hbox (9.6222pt too wide) in paragraph at lines 14--32
\JY2/mc/m/n/10 討
 []


Overfull \hbox (9.6222pt too wide) in paragraph at lines 14--32
\JY2/mc/m/n/10 す
 []


Overfull \hbox (13.93329pt too wide) in paragraph at lines 14--32
\JY2/mc/m/n/10 る ． 
 []


Overfull \hbox (20.0pt too wide) in paragraph at lines 14--32
[][]
 []


Overfull \hbox (9.6222pt too wide) in paragraph at lines 14--32
\JY2/mc/m/n/10 現
 []


Overfull \hbox (9.6222pt too wide) in paragraph at lines 14--32
\JY2/mc/m/n/10 状
 []


Overfull \hbox (9.6222pt too wide) in paragraph at lines 14--32
\JY2/mc/m/n/10 で
 []


Overfull \hbox (13.93329pt too wide) in paragraph at lines 14--32
\JY2/mc/m/n/10 は ，
 []


Overfull \hbox (9.6222pt too wide) in paragraph at lines 14--32
\JY2/mc/m/n/10 水
 []


Overfull \hbox (9.6222pt too wide) in paragraph at lines 14--32
\JY2/mc/m/n/10 系
 []


Overfull \hbox (9.6222pt too wide) in paragraph at lines 14--32
\JY2/mc/m/n/10 支
 []


Overfull \hbox (9.6222pt too wide) in paragraph at lines 14--32
\JY2/mc/m/n/10 援
 []


Overfull \hbox (9.6222pt too wide) in paragraph at lines 14--32
\JY2/mc/m/n/10 シ
 []


Overfull \hbox (9.6222pt too wide) in paragraph at lines 14--32
\JY2/mc/m/n/10 ス
 []


Overfull \hbox (9.6222pt too wide) in paragraph at lines 14--32
\JY2/mc/m/n/10 テ
 []


Overfull \hbox (9.6222pt too wide) in paragraph at lines 14--32
\JY2/mc/m/n/10 ム
 []


Overfull \hbox (9.6222pt too wide) in paragraph at lines 14--32
\JY2/mc/m/n/10 は
 []


Overfull \hbox (18.74438pt too wide) in paragraph at lines 14--32
\JY2/mc/m/n/10 種 々
 []


Overfull \hbox (9.6222pt too wide) in paragraph at lines 14--32
\JY2/mc/m/n/10 の
 []


Overfull \hbox (9.6222pt too wide) in paragraph at lines 14--32
\JY2/mc/m/n/10 制
 []


Overfull \hbox (9.6222pt too wide) in paragraph at lines 14--32
\JY2/mc/m/n/10 約
 []


Overfull \hbox (9.6222pt too wide) in paragraph at lines 14--32
\JY2/mc/m/n/10 の
 []


Overfull \hbox (9.6222pt too wide) in paragraph at lines 14--32
\JY2/mc/m/n/10 充
 []


Overfull \hbox (9.6222pt too wide) in paragraph at lines 14--32
\JY2/mc/m/n/10 足
 []


Overfull \hbox (9.6222pt too wide) in paragraph at lines 14--32
\JY2/mc/m/n/10 な
 []


Overfull \hbox (9.6222pt too wide) in paragraph at lines 14--32
\JY2/mc/m/n/10 ど
 []


Overfull \hbox (9.6222pt too wide) in paragraph at lines 14--32
\JY2/mc/m/n/10 の
 []


Overfull \hbox (9.6222pt too wide) in paragraph at lines 14--32
\JY2/mc/m/n/10 機
 []


Overfull \hbox (9.6222pt too wide) in paragraph at lines 14--32
\JY2/mc/m/n/10 能
 []


Overfull \hbox (9.6222pt too wide) in paragraph at lines 14--32
\JY2/mc/m/n/10 が
 []


Overfull \hbox (9.6222pt too wide) in paragraph at lines 14--32
\JY2/mc/m/n/10 十
 []


Overfull \hbox (9.6222pt too wide) in paragraph at lines 14--32
\JY2/mc/m/n/10 分
 []


Overfull \hbox (9.6222pt too wide) in paragraph at lines 14--32
\JY2/mc/m/n/10 で
 []


Overfull \hbox (9.6222pt too wide) in paragraph at lines 14--32
\JY2/mc/m/n/10 は
 []


Overfull \hbox (9.6222pt too wide) in paragraph at lines 14--32
\JY2/mc/m/n/10 な
 []


Overfull \hbox (13.93329pt too wide) in paragraph at lines 14--32
\JY2/mc/m/n/10 く ，
 []


Overfull \hbox (9.6222pt too wide) in paragraph at lines 14--32
\JY2/mc/m/n/10 実
 []


Overfull \hbox (9.6222pt too wide) in paragraph at lines 14--32
\JY2/mc/m/n/10 用
 []


Overfull \hbox (9.6222pt too wide) in paragraph at lines 14--32
\JY2/mc/m/n/10 的
 []


Overfull \hbox (9.6222pt too wide) in paragraph at lines 14--32
\JY2/mc/m/n/10 な
 []


Overfull \hbox (9.6222pt too wide) in paragraph at lines 14--32
\JY2/mc/m/n/10 も
 []


Overfull \hbox (9.6222pt too wide) in paragraph at lines 14--32
\JY2/mc/m/n/10 の
 []


Overfull \hbox (9.6222pt too wide) in paragraph at lines 14--32
\JY2/mc/m/n/10 で
 []


Overfull \hbox (9.6222pt too wide) in paragraph at lines 14--32
\JY2/mc/m/n/10 は
 []


Overfull \hbox (9.6222pt too wide) in paragraph at lines 14--32
\JY2/mc/m/n/10 な
 []


Overfull \hbox (13.93329pt too wide) in paragraph at lines 14--32
\JY2/mc/m/n/10 い ．
 []


Overfull \hbox (9.6222pt too wide) in paragraph at lines 14--32
\JY2/mc/m/n/10 そ
 []


Overfull \hbox (9.6222pt too wide) in paragraph at lines 14--32
\JY2/mc/m/n/10 の
 []


Overfull \hbox (9.6222pt too wide) in paragraph at lines 14--32
\JY2/mc/m/n/10 た
 []


Overfull \hbox (13.93329pt too wide) in paragraph at lines 14--32
\JY2/mc/m/n/10 め ，
 []


Overfull \hbox (9.6222pt too wide) in paragraph at lines 14--32
\JY2/mc/m/n/10 運
 []


Overfull \hbox (9.6222pt too wide) in paragraph at lines 14--32
\JY2/mc/m/n/10 用
 []


Overfull \hbox (9.6222pt too wide) in paragraph at lines 14--32
\JY2/mc/m/n/10 計
 []


Overfull \hbox (9.6222pt too wide) in paragraph at lines 14--32
\JY2/mc/m/n/10 画
 []


Overfull \hbox (9.6222pt too wide) in paragraph at lines 14--32
\JY2/mc/m/n/10 の
 []


Overfull \hbox (9.6222pt too wide) in paragraph at lines 14--32
\JY2/mc/m/n/10 作
 []


Overfull \hbox (9.6222pt too wide) in paragraph at lines 14--32
\JY2/mc/m/n/10 成
 []


Overfull \hbox (9.6222pt too wide) in paragraph at lines 14--32
\JY2/mc/m/n/10 は
 []


Overfull \hbox (9.6222pt too wide) in paragraph at lines 14--32
\JY2/mc/m/n/10 現
 []


Overfull \hbox (9.6222pt too wide) in paragraph at lines 14--32
\JY2/mc/m/n/10 場
 []


Overfull \hbox (9.6222pt too wide) in paragraph at lines 14--32
\JY2/mc/m/n/10 の
 []


Overfull \hbox (9.6222pt too wide) in paragraph at lines 14--32
\JY2/mc/m/n/10 人
 []


Overfull \hbox (9.6222pt too wide) in paragraph at lines 14--32
\JY2/mc/m/n/10 手
 []


Overfull \hbox (9.6222pt too wide) in paragraph at lines 14--32
\JY2/mc/m/n/10 に
 []


Overfull \hbox (9.6222pt too wide) in paragraph at lines 14--32
\JY2/mc/m/n/10 よ
 []


Overfull \hbox (9.6222pt too wide) in paragraph at lines 14--32
\JY2/mc/m/n/10 る
 []


Overfull \hbox (9.6222pt too wide) in paragraph at lines 14--32
\JY2/mc/m/n/10 対
 []


Overfull \hbox (9.6222pt too wide) in paragraph at lines 14--32
\JY2/mc/m/n/10 応
 []


Overfull \hbox (9.6222pt too wide) in paragraph at lines 14--32
\JY2/mc/m/n/10 に
 []


Overfull \hbox (9.6222pt too wide) in paragraph at lines 14--32
\JY2/mc/m/n/10 委
 []


Overfull \hbox (9.6222pt too wide) in paragraph at lines 14--32
\JY2/mc/m/n/10 ね
 []


Overfull \hbox (9.6222pt too wide) in paragraph at lines 14--32
\JY2/mc/m/n/10 ら
 []


Overfull \hbox (9.6222pt too wide) in paragraph at lines 14--32
\JY2/mc/m/n/10 れ
 []


Overfull \hbox (9.6222pt too wide) in paragraph at lines 14--32
\JY2/mc/m/n/10 る
 []


Overfull \hbox (9.6222pt too wide) in paragraph at lines 14--32
\JY2/mc/m/n/10 部
 []


Overfull \hbox (9.6222pt too wide) in paragraph at lines 14--32
\JY2/mc/m/n/10 分
 []


Overfull \hbox (9.6222pt too wide) in paragraph at lines 14--32
\JY2/mc/m/n/10 が
 []


Overfull \hbox (9.6222pt too wide) in paragraph at lines 14--32
\JY2/mc/m/n/10 多
 []


Overfull \hbox (9.6222pt too wide) in paragraph at lines 14--32
\JY2/mc/m/n/10 く
 []


Overfull \hbox (9.6222pt too wide) in paragraph at lines 14--32
\JY2/mc/m/n/10 な
 []


Overfull \hbox (9.6222pt too wide) in paragraph at lines 14--32
\JY2/mc/m/n/10 っ
 []


Overfull \hbox (9.6222pt too wide) in paragraph at lines 14--32
\JY2/mc/m/n/10 て
 []


Overfull \hbox (9.6222pt too wide) in paragraph at lines 14--32
\JY2/mc/m/n/10 い
 []


Overfull \hbox (13.93329pt too wide) in paragraph at lines 14--32
\JY2/mc/m/n/10 る ．
 []


Overfull \hbox (9.6222pt too wide) in paragraph at lines 14--32
\JY2/mc/m/n/10 本
 []


Overfull \hbox (9.6222pt too wide) in paragraph at lines 14--32
\JY2/mc/m/n/10 研
 []


Overfull \hbox (9.6222pt too wide) in paragraph at lines 14--32
\JY2/mc/m/n/10 究
 []


Overfull \hbox (9.6222pt too wide) in paragraph at lines 14--32
\JY2/mc/m/n/10 で
 []


Overfull \hbox (13.93329pt too wide) in paragraph at lines 14--32
\JY2/mc/m/n/10 は ，
 []


Overfull \hbox (9.6222pt too wide) in paragraph at lines 14--32
\JY2/mc/m/n/10 ま
 []


Overfull \hbox (9.6222pt too wide) in paragraph at lines 14--32
\JY2/mc/m/n/10 ず
 []


Overfull \hbox (9.6222pt too wide) in paragraph at lines 14--32
\JY2/mc/m/n/10 水
 []


Overfull \hbox (9.6222pt too wide) in paragraph at lines 14--32
\JY2/mc/m/n/10 系
 []


Overfull \hbox (9.6222pt too wide) in paragraph at lines 14--32
\JY2/mc/m/n/10 運
 []


Overfull \hbox (9.6222pt too wide) in paragraph at lines 14--32
\JY2/mc/m/n/10 用
 []


Overfull \hbox (9.6222pt too wide) in paragraph at lines 14--32
\JY2/mc/m/n/10 最
 []


Overfull \hbox (9.6222pt too wide) in paragraph at lines 14--32
\JY2/mc/m/n/10 適
 []


Overfull \hbox (9.6222pt too wide) in paragraph at lines 14--32
\JY2/mc/m/n/10 化
 []


Overfull \hbox (9.6222pt too wide) in paragraph at lines 14--32
\JY2/mc/m/n/10 問
 []


Overfull \hbox (9.6222pt too wide) in paragraph at lines 14--32
\JY2/mc/m/n/10 題
 []


Overfull \hbox (9.6222pt too wide) in paragraph at lines 14--32
\JY2/mc/m/n/10 を
 []


Overfull \hbox (9.6222pt too wide) in paragraph at lines 14--32
\JY2/mc/m/n/10 一
 []


Overfull \hbox (9.6222pt too wide) in paragraph at lines 14--32
\JY2/mc/m/n/10 般
 []


Overfull \hbox (9.6222pt too wide) in paragraph at lines 14--32
\JY2/mc/m/n/10 的
 []


Overfull \hbox (9.6222pt too wide) in paragraph at lines 14--32
\JY2/mc/m/n/10 に
 []


Overfull \hbox (9.6222pt too wide) in paragraph at lines 14--32
\JY2/mc/m/n/10 定
 []


Overfull \hbox (9.6222pt too wide) in paragraph at lines 14--32
\JY2/mc/m/n/10 義
 []


Overfull \hbox (13.93329pt too wide) in paragraph at lines 14--32
\JY2/mc/m/n/10 し ，
 []


Overfull \hbox (9.6222pt too wide) in paragraph at lines 14--32
\JY2/mc/m/n/10 そ
 []


Overfull \hbox (9.6222pt too wide) in paragraph at lines 14--32
\JY2/mc/m/n/10 の
 []


Overfull \hbox (9.6222pt too wide) in paragraph at lines 14--32
\JY2/mc/m/n/10 定
 []


Overfull \hbox (9.6222pt too wide) in paragraph at lines 14--32
\JY2/mc/m/n/10 義
 []


Overfull \hbox (9.6222pt too wide) in paragraph at lines 14--32
\JY2/mc/m/n/10 に
 []


Overfull \hbox (9.6222pt too wide) in paragraph at lines 14--32
\JY2/mc/m/n/10 基
 []


Overfull \hbox (9.6222pt too wide) in paragraph at lines 14--32
\JY2/mc/m/n/10 づ
 []


Overfull \hbox (13.93329pt too wide) in paragraph at lines 14--32
\JY2/mc/m/n/10 き ，
 []


Overfull \hbox (9.6222pt too wide) in paragraph at lines 14--32
\JY2/mc/m/n/10 数
 []


Overfull \hbox (9.6222pt too wide) in paragraph at lines 14--32
\JY2/mc/m/n/10 理
 []


Overfull \hbox (9.6222pt too wide) in paragraph at lines 14--32
\JY2/mc/m/n/10 計
 []


Overfull \hbox (9.6222pt too wide) in paragraph at lines 14--32
\JY2/mc/m/n/10 画
 []


Overfull \hbox (9.6222pt too wide) in paragraph at lines 14--32
\JY2/mc/m/n/10 モ
 []


Overfull \hbox (9.6222pt too wide) in paragraph at lines 14--32
\JY2/mc/m/n/10 デ
 []


Overfull \hbox (9.6222pt too wide) in paragraph at lines 14--32
\JY2/mc/m/n/10 ル
 []


Overfull \hbox (9.6222pt too wide) in paragraph at lines 14--32
\JY2/mc/m/n/10 と
 []


Overfull \hbox (9.6222pt too wide) in paragraph at lines 14--32
\JY2/mc/m/n/10 し
 []


Overfull \hbox (9.6222pt too wide) in paragraph at lines 14--32
\JY2/mc/m/n/10 て
 []


Overfull \hbox (9.6222pt too wide) in paragraph at lines 14--32
\JY2/mc/m/n/10 定
 []


Overfull \hbox (9.6222pt too wide) in paragraph at lines 14--32
\JY2/mc/m/n/10 式
 []


Overfull \hbox (9.6222pt too wide) in paragraph at lines 14--32
\JY2/mc/m/n/10 化
 []


Overfull \hbox (9.6222pt too wide) in paragraph at lines 14--32
\JY2/mc/m/n/10 を
 []


Overfull \hbox (9.6222pt too wide) in paragraph at lines 14--32
\JY2/mc/m/n/10 行
 []


Overfull \hbox (9.6222pt too wide) in paragraph at lines 14--32
\JY2/mc/m/n/10 な
 []


Overfull \hbox (13.93329pt too wide) in paragraph at lines 14--32
\JY2/mc/m/n/10 う ．
 []


Overfull \hbox (9.6222pt too wide) in paragraph at lines 14--32
\JY2/mc/m/n/10 構
 []


Overfull \hbox (9.6222pt too wide) in paragraph at lines 14--32
\JY2/mc/m/n/10 成
 []


Overfull \hbox (9.6222pt too wide) in paragraph at lines 14--32
\JY2/mc/m/n/10 し
 []


Overfull \hbox (9.6222pt too wide) in paragraph at lines 14--32
\JY2/mc/m/n/10 た
 []


Overfull \hbox (9.6222pt too wide) in paragraph at lines 14--32
\JY2/mc/m/n/10 数
 []


Overfull \hbox (9.6222pt too wide) in paragraph at lines 14--32
\JY2/mc/m/n/10 理
 []


Overfull \hbox (9.6222pt too wide) in paragraph at lines 14--32
\JY2/mc/m/n/10 計
 []


Overfull \hbox (9.6222pt too wide) in paragraph at lines 14--32
\JY2/mc/m/n/10 画
 []


Overfull \hbox (9.6222pt too wide) in paragraph at lines 14--32
\JY2/mc/m/n/10 モ
 []


Overfull \hbox (9.6222pt too wide) in paragraph at lines 14--32
\JY2/mc/m/n/10 デ
 []


Overfull \hbox (9.6222pt too wide) in paragraph at lines 14--32
\JY2/mc/m/n/10 ル
 []


Overfull \hbox (9.6222pt too wide) in paragraph at lines 14--32
\JY2/mc/m/n/10 を
 []


Overfull \hbox (9.6222pt too wide) in paragraph at lines 14--32
\JY2/mc/m/n/10 現
 []


Overfull \hbox (9.6222pt too wide) in paragraph at lines 14--32
\JY2/mc/m/n/10 実
 []


Overfull \hbox (9.6222pt too wide) in paragraph at lines 14--32
\JY2/mc/m/n/10 的
 []


Overfull \hbox (9.6222pt too wide) in paragraph at lines 14--32
\JY2/mc/m/n/10 な
 []


Overfull \hbox (9.6222pt too wide) in paragraph at lines 14--32
\JY2/mc/m/n/10 水
 []


Overfull \hbox (9.6222pt too wide) in paragraph at lines 14--32
\JY2/mc/m/n/10 系
 []


Overfull \hbox (9.6222pt too wide) in paragraph at lines 14--32
\JY2/mc/m/n/10 を
 []


Overfull \hbox (9.6222pt too wide) in paragraph at lines 14--32
\JY2/mc/m/n/10 対
 []


Overfull \hbox (9.6222pt too wide) in paragraph at lines 14--32
\JY2/mc/m/n/10 象
 []


Overfull \hbox (9.6222pt too wide) in paragraph at lines 14--32
\JY2/mc/m/n/10 と
 []


Overfull \hbox (9.6222pt too wide) in paragraph at lines 14--32
\JY2/mc/m/n/10 し
 []


Overfull \hbox (9.6222pt too wide) in paragraph at lines 14--32
\JY2/mc/m/n/10 た
 []


Overfull \hbox (9.6222pt too wide) in paragraph at lines 14--32
\JY2/mc/m/n/10 計
 []


Overfull \hbox (9.6222pt too wide) in paragraph at lines 14--32
\JY2/mc/m/n/10 算
 []


Overfull \hbox (9.6222pt too wide) in paragraph at lines 14--32
\JY2/mc/m/n/10 例
 []


Overfull \hbox (9.6222pt too wide) in paragraph at lines 14--32
\JY2/mc/m/n/10 を
 []


Overfull \hbox (9.6222pt too wide) in paragraph at lines 14--32
\JY2/mc/m/n/10 通
 []


Overfull \hbox (9.6222pt too wide) in paragraph at lines 14--32
\JY2/mc/m/n/10 し
 []


Overfull \hbox (13.93329pt too wide) in paragraph at lines 14--32
\JY2/mc/m/n/10 て ，
 []


Overfull \hbox (9.6222pt too wide) in paragraph at lines 14--32
\JY2/mc/m/n/10 モ
 []


Overfull \hbox (9.6222pt too wide) in paragraph at lines 14--32
\JY2/mc/m/n/10 デ
 []


Overfull \hbox (9.6222pt too wide) in paragraph at lines 14--32
\JY2/mc/m/n/10 ル
 []


Overfull \hbox (9.6222pt too wide) in paragraph at lines 14--32
\JY2/mc/m/n/10 の
 []


Overfull \hbox (9.6222pt too wide) in paragraph at lines 14--32
\JY2/mc/m/n/10 妥
 []


Overfull \hbox (9.6222pt too wide) in paragraph at lines 14--32
\JY2/mc/m/n/10 当
 []


Overfull \hbox (9.6222pt too wide) in paragraph at lines 14--32
\JY2/mc/m/n/10 性
 []


Overfull \hbox (9.6222pt too wide) in paragraph at lines 14--32
\JY2/mc/m/n/10 に
 []


Overfull \hbox (9.6222pt too wide) in paragraph at lines 14--32
\JY2/mc/m/n/10 つ
 []


Overfull \hbox (9.6222pt too wide) in paragraph at lines 14--32
\JY2/mc/m/n/10 い
 []


Overfull \hbox (9.6222pt too wide) in paragraph at lines 14--32
\JY2/mc/m/n/10 て
 []


Overfull \hbox (9.6222pt too wide) in paragraph at lines 14--32
\JY2/mc/m/n/10 検
 []


Overfull \hbox (9.6222pt too wide) in paragraph at lines 14--32
\JY2/mc/m/n/10 討
 []


Overfull \hbox (9.6222pt too wide) in paragraph at lines 14--32
\JY2/mc/m/n/10 す
 []


Overfull \hbox (13.93329pt too wide) in paragraph at lines 14--32
\JY2/mc/m/n/10 る ． 
 []


Overfull \hbox (20.0pt too wide) in paragraph at lines 14--32
[][]
 []


Overfull \hbox (9.6222pt too wide) in paragraph at lines 14--32
\JY2/mc/m/n/10 計
 []


Overfull \hbox (9.6222pt too wide) in paragraph at lines 14--32
\JY2/mc/m/n/10 算
 []


Overfull \hbox (9.6222pt too wide) in paragraph at lines 14--32
\JY2/mc/m/n/10 例
 []


Overfull \hbox (9.6222pt too wide) in paragraph at lines 14--32
\JY2/mc/m/n/10 よ
 []


Overfull \hbox (13.93329pt too wide) in paragraph at lines 14--32
\JY2/mc/m/n/10 り ，
 []


Overfull \hbox (9.6222pt too wide) in paragraph at lines 14--32
\JY2/mc/m/n/10 制
 []


Overfull \hbox (9.6222pt too wide) in paragraph at lines 14--32
\JY2/mc/m/n/10 約
 []


Overfull \hbox (9.6222pt too wide) in paragraph at lines 14--32
\JY2/mc/m/n/10 を
 []


Overfull \hbox (9.6222pt too wide) in paragraph at lines 14--32
\JY2/mc/m/n/10 満
 []


Overfull \hbox (9.6222pt too wide) in paragraph at lines 14--32
\JY2/mc/m/n/10 た
 []


Overfull \hbox (9.6222pt too wide) in paragraph at lines 14--32
\JY2/mc/m/n/10 し
 []


Overfull \hbox (9.6222pt too wide) in paragraph at lines 14--32
\JY2/mc/m/n/10 つ
 []


Overfull \hbox (13.93329pt too wide) in paragraph at lines 14--32
\JY2/mc/m/n/10 つ ，
 []


Overfull \hbox (9.6222pt too wide) in paragraph at lines 14--32
\JY2/mc/m/n/10 水
 []


Overfull \hbox (9.6222pt too wide) in paragraph at lines 14--32
\JY2/mc/m/n/10 の
 []


Overfull \hbox (9.6222pt too wide) in paragraph at lines 14--32
\JY2/mc/m/n/10 効
 []


Overfull \hbox (9.6222pt too wide) in paragraph at lines 14--32
\JY2/mc/m/n/10 率
 []


Overfull \hbox (9.6222pt too wide) in paragraph at lines 14--32
\JY2/mc/m/n/10 的
 []


Overfull \hbox (9.6222pt too wide) in paragraph at lines 14--32
\JY2/mc/m/n/10 な
 []


Overfull \hbox (9.6222pt too wide) in paragraph at lines 14--32
\JY2/mc/m/n/10 運
 []


Overfull \hbox (9.6222pt too wide) in paragraph at lines 14--32
\JY2/mc/m/n/10 用
 []


Overfull \hbox (9.6222pt too wide) in paragraph at lines 14--32
\JY2/mc/m/n/10 が
 []


Overfull \hbox (9.6222pt too wide) in paragraph at lines 14--32
\JY2/mc/m/n/10 な
 []


Overfull \hbox (9.6222pt too wide) in paragraph at lines 14--32
\JY2/mc/m/n/10 さ
 []


Overfull \hbox (9.6222pt too wide) in paragraph at lines 14--32
\JY2/mc/m/n/10 れ
 []


Overfull \hbox (9.6222pt too wide) in paragraph at lines 14--32
\JY2/mc/m/n/10 て
 []


Overfull \hbox (9.6222pt too wide) in paragraph at lines 14--32
\JY2/mc/m/n/10 い
 []


Overfull \hbox (9.6222pt too wide) in paragraph at lines 14--32
\JY2/mc/m/n/10 る
 []


Overfull \hbox (9.6222pt too wide) in paragraph at lines 14--32
\JY2/mc/m/n/10 こ
 []


Overfull \hbox (9.6222pt too wide) in paragraph at lines 14--32
\JY2/mc/m/n/10 と
 []


Overfull \hbox (9.6222pt too wide) in paragraph at lines 14--32
\JY2/mc/m/n/10 が
 []


Overfull \hbox (9.6222pt too wide) in paragraph at lines 14--32
\JY2/mc/m/n/10 確
 []


Overfull \hbox (9.6222pt too wide) in paragraph at lines 14--32
\JY2/mc/m/n/10 認
 []


Overfull \hbox (9.6222pt too wide) in paragraph at lines 14--32
\JY2/mc/m/n/10 で
 []


Overfull \hbox (9.6222pt too wide) in paragraph at lines 14--32
\JY2/mc/m/n/10 き
 []


Overfull \hbox (13.93329pt too wide) in paragraph at lines 14--32
\JY2/mc/m/n/10 た ．
 []


Overfull \hbox (9.6222pt too wide) in paragraph at lines 14--32
\JY2/mc/m/n/10 こ
 []


Overfull \hbox (9.6222pt too wide) in paragraph at lines 14--32
\JY2/mc/m/n/10 の
 []


Overfull \hbox (9.6222pt too wide) in paragraph at lines 14--32
\JY2/mc/m/n/10 結
 []


Overfull \hbox (9.6222pt too wide) in paragraph at lines 14--32
\JY2/mc/m/n/10 果
 []


Overfull \hbox (9.6222pt too wide) in paragraph at lines 14--32
\JY2/mc/m/n/10 よ
 []


Overfull \hbox (9.6222pt too wide) in paragraph at lines 14--32
\JY2/mc/m/n/10 り
 []


Overfull \hbox (9.6222pt too wide) in paragraph at lines 14--32
\JY2/mc/m/n/10 提
 []


Overfull \hbox (9.6222pt too wide) in paragraph at lines 14--32
\JY2/mc/m/n/10 案
 []


Overfull \hbox (9.6222pt too wide) in paragraph at lines 14--32
\JY2/mc/m/n/10 モ
 []


Overfull \hbox (9.6222pt too wide) in paragraph at lines 14--32
\JY2/mc/m/n/10 デ
 []


Overfull \hbox (9.6222pt too wide) in paragraph at lines 14--32
\JY2/mc/m/n/10 ル
 []


Overfull \hbox (9.6222pt too wide) in paragraph at lines 14--32
\JY2/mc/m/n/10 が
 []


Overfull \hbox (9.6222pt too wide) in paragraph at lines 14--32
\JY2/mc/m/n/10 一
 []


Overfull \hbox (9.6222pt too wide) in paragraph at lines 14--32
\JY2/mc/m/n/10 定
 []


Overfull \hbox (9.6222pt too wide) in paragraph at lines 14--32
\JY2/mc/m/n/10 の
 []


Overfull \hbox (9.6222pt too wide) in paragraph at lines 14--32
\JY2/mc/m/n/10 妥
 []


Overfull \hbox (9.6222pt too wide) in paragraph at lines 14--32
\JY2/mc/m/n/10 当
 []


Overfull \hbox (9.6222pt too wide) in paragraph at lines 14--32
\JY2/mc/m/n/10 性
 []


Overfull \hbox (9.6222pt too wide) in paragraph at lines 14--32
\JY2/mc/m/n/10 を
 []


Overfull \hbox (9.6222pt too wide) in paragraph at lines 14--32
\JY2/mc/m/n/10 有
 []


Overfull \hbox (9.6222pt too wide) in paragraph at lines 14--32
\JY2/mc/m/n/10 す
 []


Overfull \hbox (9.6222pt too wide) in paragraph at lines 14--32
\JY2/mc/m/n/10 る
 []


Overfull \hbox (9.6222pt too wide) in paragraph at lines 14--32
\JY2/mc/m/n/10 も
 []


Overfull \hbox (9.6222pt too wide) in paragraph at lines 14--32
\JY2/mc/m/n/10 の
 []


Overfull \hbox (9.6222pt too wide) in paragraph at lines 14--32
\JY2/mc/m/n/10 と
 []


Overfull \hbox (9.6222pt too wide) in paragraph at lines 14--32
\JY2/mc/m/n/10 考
 []


Overfull \hbox (9.6222pt too wide) in paragraph at lines 14--32
\JY2/mc/m/n/10 え
 []


Overfull \hbox (9.6222pt too wide) in paragraph at lines 14--32
\JY2/mc/m/n/10 ら
 []


Overfull \hbox (9.6222pt too wide) in paragraph at lines 14--32
\JY2/mc/m/n/10 れ
 []


Overfull \hbox (13.93329pt too wide) in paragraph at lines 14--32
\JY2/mc/m/n/10 る ．
 []


Overfull \hbox (9.6222pt too wide) in paragraph at lines 14--32
\JY2/mc/m/n/10 水
 []


Overfull \hbox (9.6222pt too wide) in paragraph at lines 14--32
\JY2/mc/m/n/10 系
 []


Overfull \hbox (9.6222pt too wide) in paragraph at lines 14--32
\JY2/mc/m/n/10 運
 []


Overfull \hbox (9.6222pt too wide) in paragraph at lines 14--32
\JY2/mc/m/n/10 用
 []


Overfull \hbox (9.6222pt too wide) in paragraph at lines 14--32
\JY2/mc/m/n/10 計
 []


Overfull \hbox (9.6222pt too wide) in paragraph at lines 14--32
\JY2/mc/m/n/10 画
 []


Overfull \hbox (9.6222pt too wide) in paragraph at lines 14--32
\JY2/mc/m/n/10 を
 []


Overfull \hbox (9.6222pt too wide) in paragraph at lines 14--32
\JY2/mc/m/n/10 現
 []


Overfull \hbox (9.6222pt too wide) in paragraph at lines 14--32
\JY2/mc/m/n/10 実
 []


Overfull \hbox (9.6222pt too wide) in paragraph at lines 14--32
\JY2/mc/m/n/10 の
 []


Overfull \hbox (9.6222pt too wide) in paragraph at lines 14--32
\JY2/mc/m/n/10 運
 []


Overfull \hbox (9.6222pt too wide) in paragraph at lines 14--32
\JY2/mc/m/n/10 用
 []


Overfull \hbox (9.6222pt too wide) in paragraph at lines 14--32
\JY2/mc/m/n/10 に
 []


Overfull \hbox (9.6222pt too wide) in paragraph at lines 14--32
\JY2/mc/m/n/10 耐
 []


Overfull \hbox (9.6222pt too wide) in paragraph at lines 14--32
\JY2/mc/m/n/10 え
 []


Overfull \hbox (9.6222pt too wide) in paragraph at lines 14--32
\JY2/mc/m/n/10 得
 []


Overfull \hbox (9.6222pt too wide) in paragraph at lines 14--32
\JY2/mc/m/n/10 る
 []


Overfull \hbox (9.6222pt too wide) in paragraph at lines 14--32
\JY2/mc/m/n/10 も
 []


Overfull \hbox (9.6222pt too wide) in paragraph at lines 14--32
\JY2/mc/m/n/10 の
 []


Overfull \hbox (9.6222pt too wide) in paragraph at lines 14--32
\JY2/mc/m/n/10 と
 []


Overfull \hbox (9.6222pt too wide) in paragraph at lines 14--32
\JY2/mc/m/n/10 す
 []


Overfull \hbox (9.6222pt too wide) in paragraph at lines 14--32
\JY2/mc/m/n/10 る
 []


Overfull \hbox (9.6222pt too wide) in paragraph at lines 14--32
\JY2/mc/m/n/10 た
 []


Overfull \hbox (9.6222pt too wide) in paragraph at lines 14--32
\JY2/mc/m/n/10 め
 []


Overfull \hbox (13.93329pt too wide) in paragraph at lines 14--32
\JY2/mc/m/n/10 の ，
 []


Overfull \hbox (9.6222pt too wide) in paragraph at lines 14--32
\JY2/mc/m/n/10 モ
 []


Overfull \hbox (9.6222pt too wide) in paragraph at lines 14--32
\JY2/mc/m/n/10 デ
 []


Overfull \hbox (9.6222pt too wide) in paragraph at lines 14--32
\JY2/mc/m/n/10 ル
 []


Overfull \hbox (9.6222pt too wide) in paragraph at lines 14--32
\JY2/mc/m/n/10 の
 []


Overfull \hbox (9.6222pt too wide) in paragraph at lines 14--32
\JY2/mc/m/n/10 さ
 []


Overfull \hbox (9.6222pt too wide) in paragraph at lines 14--32
\JY2/mc/m/n/10 ら
 []


Overfull \hbox (9.6222pt too wide) in paragraph at lines 14--32
\JY2/mc/m/n/10 な
 []


Overfull \hbox (9.6222pt too wide) in paragraph at lines 14--32
\JY2/mc/m/n/10 る
 []


Overfull \hbox (9.6222pt too wide) in paragraph at lines 14--32
\JY2/mc/m/n/10 拡
 []


Overfull \hbox (14.43329pt too wide) in paragraph at lines 14--32
\JY2/mc/m/n/10 充 ・
 []


Overfull \hbox (9.6222pt too wide) in paragraph at lines 14--32
\JY2/mc/m/n/10 改
 []


Overfull \hbox (9.6222pt too wide) in paragraph at lines 14--32
\JY2/mc/m/n/10 良
 []


Overfull \hbox (9.6222pt too wide) in paragraph at lines 14--32
\JY2/mc/m/n/10 が
 []


Overfull \hbox (9.6222pt too wide) in paragraph at lines 14--32
\JY2/mc/m/n/10 今
 []


Overfull \hbox (9.6222pt too wide) in paragraph at lines 14--32
\JY2/mc/m/n/10 後
 []


Overfull \hbox (9.6222pt too wide) in paragraph at lines 14--32
\JY2/mc/m/n/10 の
 []


Overfull \hbox (9.6222pt too wide) in paragraph at lines 14--32
\JY2/mc/m/n/10 課
 []


Overfull \hbox (9.6222pt too wide) in paragraph at lines 14--32
\JY2/mc/m/n/10 題
 []


Overfull \hbox (9.6222pt too wide) in paragraph at lines 14--32
\JY2/mc/m/n/10 と
 []


Overfull \hbox (9.6222pt too wide) in paragraph at lines 14--32
\JY2/mc/m/n/10 な
 []


Overfull \hbox (13.93329pt too wide) in paragraph at lines 14--32
\JY2/mc/m/n/10 る ． 
 []

LaTeX Font Info:    Font shape `JT2/mc/m/n' will be
(Font)              scaled to size 9.6222pt on input line 32.
LaTeX Font Info:    Font shape `JY2/mc/m/n' will be
(Font)              scaled to size 9.6222pt on input line 32.

./abstract_ja.tex:32: LaTeX Error: The font size command \normalsize is not defined:
               there is probably something wrong with the class file.

See the LaTeX manual or LaTeX Companion for explanation.
Type  H <return>  for immediate help.
 ...                                              
                                                  
l.32 
     
Your command was ignored.
Type  I <command> <return>  to replace it with another command,
or  <return>  to continue without it.

[1]

./abstract_ja.tex:33: LaTeX Error: \begin{document} ended by \end{titlepage}.

See the LaTeX manual or LaTeX Companion for explanation.
Type  H <return>  for immediate help.
 ...                                              
                                                  
l.33 \end{titlepage}
                    
Your command was ignored.
Type  I <command> <return>  to replace it with another command,
or  <return>  to continue without it.

)
! Emergency stop.
<*> abstract_ja.tex
                   
*** (job aborted, no legal \end found)

 
Here is how much of TeX's memory you used:
 6 strings out of 493270
 85 string characters out of 6145018
 74544 words of memory out of 5000000
 4045 multiletter control sequences out of 15000+600000
 6281 words of font info for 32 fonts, out of 8000000 for 9000
 929 hyphenation exceptions out of 8191
 18i,4n,8p,165b,137s stack positions out of 5000i,500n,10000p,200000b,80000s
Output written on abstract_ja.dvi (1 page, 844 bytes).
