This is e-upTeX, Version 3.14159265-p3.8.0-u1.23-180226-2.6 (utf8.uptex) (TeX Live 2018) (preloaded format=uplatex 2019.1.21)  23 JAN 2019 01:41
entering extended mode
 restricted \write18 enabled.
 file:line:error style messages enabled.
 %&-line parsing enabled.
**main.tex
(./main.tex
pLaTeX2e <2018-04-01u02>+1 (based on LaTeX2e <2018-04-01> patch level 2)
Babel <3.18> and hyphenation patterns for 84 language(s) loaded.
(/usr/local/texlive/2018/texmf-dist/tex/platex/base/jreport.cls
Document Class: jreport 2018/02/04 v1.7h Standard pLaTeX class
\c@@paper=\count83
(/usr/local/texlive/2018/texmf-dist/tex/latex/base/fleqn.clo
File: fleqn.clo 2016/12/29 v1.2a Standard LaTeX option (flush left equations)
\mathindent=\dimen118
Applying: [2015/01/01] Make \[ robust on input line 50.
LaTeX Info: Redefining \[ on input line 51.
Already applied: [0000/00/00] Make \[ robust on input line 62.
Applying: [2015/01/01] Make \] robust on input line 74.
LaTeX Info: Redefining \] on input line 75.
Already applied: [0000/00/00] Make \] robust on input line 83.
) (/usr/local/texlive/2018/texmf-dist/tex/platex/base/jsize12.clo
File: jsize12.clo 2018/02/04 v1.7h Standard pLaTeX file (size option)
LaTeX Font Info:    Font shape `JT2/mc/m/n' will be
(Font)              scaled to size 11.54663pt on input line 27.
LaTeX Font Info:    Font shape `JY2/mc/m/n' will be
(Font)              scaled to size 11.54663pt on input line 27.
)
\c@part=\count84
\c@chapter=\count85
\c@section=\count86
\c@subsection=\count87
\c@subsubsection=\count88
\c@paragraph=\count89
\c@subparagraph=\count90
\c@figure=\count91
\c@table=\count92
\abovecaptionskip=\skip41
\belowcaptionskip=\skip42


/usr/local/texlive/2018/texmf-dist/tex/platex/base/jreport.cls:701: LaTeX Error: Encoding scheme `JY1' unknown.

See the LaTeX manual or LaTeX Companion for explanation.
Type  H <return>  for immediate help.
 ...                                              
                                                  
l.701 ...\DeclareSymbolFont{mincho}{JY1}{mc}{m}{n}
                                                  
Your command was ignored.
Type  I <command> <return>  to replace it with another command,
or  <return>  to continue without it.


/usr/local/texlive/2018/texmf-dist/tex/platex/base/jreport.cls:702: LaTeX Error: Unknown symbol font `mincho'.

See the LaTeX manual or LaTeX Companion for explanation.
Type  H <return>  for immediate help.
 ...                                              
                                                  
l.702 ...eclareSymbolFontAlphabet{\mathmc}{mincho}
                                                  
Your command was ignored.
Type  I <command> <return>  to replace it with another command,
or  <return>  to continue without it.


/usr/local/texlive/2018/texmf-dist/tex/platex/base/jreport.cls:703: LaTeX Error: Encoding scheme `JY1' unknown.

See the LaTeX manual or LaTeX Companion for explanation.
Type  H <return>  for immediate help.
 ...                                              
                                                  
l.703 ...etSymbolFont{mincho}{bold}{JY1}{gt}{m}{n}
                                                  
Your command was ignored.
Type  I <command> <return>  to replace it with another command,
or  <return>  to continue without it.

/usr/local/texlive/2018/texmf-dist/tex/platex/base/jreport.cls:704: Missing number, treated as zero.
<to be read again> 
                   \symmincho 
l.704     \jfam\symmincho
                         
A number should have been here; I inserted `0'.
(If you can't figure out why I needed to see a number,
look up `weird error' in the index to The TeXbook.)


/usr/local/texlive/2018/texmf-dist/tex/platex/base/jreport.cls:705: LaTeX Error: Encoding scheme `JY1' unknown.

See the LaTeX manual or LaTeX Companion for explanation.
Type  H <return>  for immediate help.
 ...                                              
                                                  
l.705 ...clareMathAlphabet{\mathgt}{JY1}{gt}{m}{n}
                                                  
Your command was ignored.
Type  I <command> <return>  to replace it with another command,
or  <return>  to continue without it.

\toclineskip=\dimen119
\@lnumwidth=\dimen120
\bibindent=\dimen121
\heisei=\count93
) (/usr/local/texlive/2018/texmf-dist/tex/latex/graphics/graphicx.sty
Package: graphicx 2017/06/01 v1.1a Enhanced LaTeX Graphics (DPC,SPQR)
 (/usr/local/texlive/2018/texmf-dist/tex/latex/graphics/keyval.sty
Package: keyval 2014/10/28 v1.15 key=value parser (DPC)
\KV@toks@=\toks15
) (/usr/local/texlive/2018/texmf-dist/tex/latex/graphics/graphics.sty
Package: graphics 2017/06/25 v1.2c Standard LaTeX Graphics (DPC,SPQR)
 (/usr/local/texlive/2018/texmf-dist/tex/latex/graphics/trig.sty
Package: trig 2016/01/03 v1.10 sin cos tan (DPC)
) (/usr/local/texlive/2018/texmf-dist/tex/latex/graphics-cfg/graphics.cfg
File: graphics.cfg 2016/06/04 v1.11 sample graphics configuration
)
Package graphics Info: Driver file: dvipdfmx.def on input line 99.
 (/usr/local/texlive/2018/texmf-dist/tex/latex/graphics-def/dvipdfmx.def
File: dvipdfmx.def 2017/06/24 v5.0g Graphics/color driver for dvipdfmx
))
\Gin@req@height=\dimen122
\Gin@req@width=\dimen123
) (./here.sty) (/usr/local/texlive/2018/texmf-dist/tex/latex/fancybox/fancybox.sty
Package: fancybox 2010/05/15 1.4

Style option: `fancybox' v1.4 <2010/05/15> (tvz)
\@fancybox=\box42
\shadowsize=\dimen124
\@Sbox=\box43
\do@VerbBox=\toks16
\the@fancyput=\toks17
\this@fancyput=\toks18
\EndVerbatimTokens=\toks19
\Verbatim@Outfile=\write3
\Verbatim@Infile=\read1
) (/usr/local/texlive/2018/texmf-dist/tex/latex/psfrag/psfrag.sty
Package: psfrag 1998/04/11 v3.04 PSfrag (MCG)
\pfg@pcount=\count94
\pfg@scount=\count95
\pfg@temp=\write4
) (/usr/local/texlive/2018/texmf-dist/tex/latex/amsmath/amsmath.sty
Package: amsmath 2017/09/02 v2.17a AMS math features
\@mathmargin=\skip43

For additional information on amsmath, use the `?' option.
(/usr/local/texlive/2018/texmf-dist/tex/latex/amsmath/amstext.sty
Package: amstext 2000/06/29 v2.01 AMS text
 (/usr/local/texlive/2018/texmf-dist/tex/latex/amsmath/amsgen.sty
File: amsgen.sty 1999/11/30 v2.0 generic functions
\@emptytoks=\toks20
\ex@=\dimen125
)) (/usr/local/texlive/2018/texmf-dist/tex/latex/amsmath/amsbsy.sty
Package: amsbsy 1999/11/29 v1.2d Bold Symbols
\pmbraise@=\dimen126
) (/usr/local/texlive/2018/texmf-dist/tex/latex/amsmath/amsopn.sty
Package: amsopn 2016/03/08 v2.02 operator names
)
\inf@bad=\count96
LaTeX Info: Redefining \frac on input line 213.
\uproot@=\count97
\leftroot@=\count98
LaTeX Info: Redefining \overline on input line 375.
\classnum@=\count99
\DOTSCASE@=\count100
LaTeX Info: Redefining \ldots on input line 472.
LaTeX Info: Redefining \dots on input line 475.
LaTeX Info: Redefining \cdots on input line 596.
\Mathstrutbox@=\box44
\strutbox@=\box45
\big@size=\dimen127
LaTeX Font Info:    Redeclaring font encoding OML on input line 712.
LaTeX Font Info:    Redeclaring font encoding OMS on input line 713.
\macc@depth=\count101
\c@MaxMatrixCols=\count102
\dotsspace@=\muskip10
\c@parentequation=\count103
\dspbrk@lvl=\count104
\tag@help=\toks21
\row@=\count105
\column@=\count106
\maxfields@=\count107
\andhelp@=\toks22
\eqnshift@=\dimen128
\alignsep@=\dimen129
\tagshift@=\dimen130
\tagwidth@=\dimen131
\totwidth@=\dimen132
\lineht@=\dimen133
\@envbody=\toks23
\multlinegap=\skip44
\multlinetaggap=\skip45
\mathdisplay@stack=\toks24
LaTeX Info: Redefining \[ on input line 2817.
LaTeX Info: Redefining \] on input line 2818.
) (./mediabb.sty
Package: mediabb 2006/10/26 v1.9 iNOUE Koich! <inoue@ma.ns.musashi-tech.ac.jp>
)

LaTeX Warning: Unused global option(s):
    [epsf,here].

(./main.aux

LaTeX Warning: Label `' multiply defined.


LaTeX Warning: Label `storage' multiply defined.


LaTeX Warning: Label `storage' multiply defined.


LaTeX Warning: Label `' multiply defined.

)
\openout1 = `main.aux'.

LaTeX Font Info:    Checking defaults for OML/cmm/m/it on input line 30.
LaTeX Font Info:    ... okay on input line 30.
LaTeX Font Info:    Checking defaults for T1/cmr/m/n on input line 30.
LaTeX Font Info:    ... okay on input line 30.
LaTeX Font Info:    Checking defaults for OT1/cmr/m/n on input line 30.
LaTeX Font Info:    ... okay on input line 30.
LaTeX Font Info:    Checking defaults for OMS/cmsy/m/n on input line 30.
LaTeX Font Info:    ... okay on input line 30.
LaTeX Font Info:    Checking defaults for OMX/cmex/m/n on input line 30.
LaTeX Font Info:    ... okay on input line 30.
LaTeX Font Info:    Checking defaults for U/cmr/m/n on input line 30.
LaTeX Font Info:    ... okay on input line 30.
LaTeX Font Info:    Checking defaults for JY2/mc/m/n on input line 30.
LaTeX Font Info:    ... okay on input line 30.
LaTeX Font Info:    Checking defaults for JT2/mc/m/n on input line 30.
LaTeX Font Info:    ... okay on input line 30.
 (./title/title.tex
LaTeX Font Info:    Font shape `JT2/mc/m/n' will be
(Font)              scaled to size 19.95642pt on input line 21.
LaTeX Font Info:    Font shape `JY2/mc/m/n' will be
(Font)              scaled to size 19.95642pt on input line 21.
LaTeX Font Info:    Font shape `JT2/mc/m/n' will be
(Font)              scaled to size 23.94002pt on input line 21.
LaTeX Font Info:    Font shape `JY2/mc/m/n' will be
(Font)              scaled to size 23.94002pt on input line 21.
LaTeX Font Info:    Font shape `JT2/mc/m/n' will be
(Font)              scaled to size 16.62714pt on input line 26.
LaTeX Font Info:    Font shape `JY2/mc/m/n' will be
(Font)              scaled to size 16.62714pt on input line 26.
 [0

])
File: figure_files/author.pdf Graphic file (type pdf)
<figure_files/author.pdf>
LaTeX Font Info:    Try loading font information for OMS+cmr on input line 43.
 (/usr/local/texlive/2018/texmf-dist/tex/latex/base/omscmr.fd
File: omscmr.fd 2014/09/29 v2.5h Standard LaTeX font definitions
)
LaTeX Font Info:    Font shape `OMS/cmr/m/n' in size <12> not available
(Font)              Font shape `OMS/cmsy/m/n' tried instead on input line 43.
 (./abstract/abstract_ja.tex [1]
LaTeX Font Info:    Font shape `JT2/mc/bx/n' in size <20.74> not available
(Font)              Font shape `JT2/gt/m/n' tried instead on input line 5.
LaTeX Font Info:    Font shape `JT2/gt/m/n' will be
(Font)              scaled to size 19.95642pt on input line 5.
LaTeX Font Info:    Font shape `JY2/mc/bx/n' in size <20.74> not available
(Font)              Font shape `JY2/gt/m/n' tried instead on input line 5.
LaTeX Font Info:    Font shape `JY2/gt/m/n' will be
(Font)              scaled to size 19.95642pt on input line 5.
 [0])
LaTeX Font Info:    Font shape `JT2/mc/bx/n' in size <24.88> not available
(Font)              Font shape `JT2/gt/m/n' tried instead on input line 55.
LaTeX Font Info:    Font shape `JT2/gt/m/n' will be
(Font)              scaled to size 23.94002pt on input line 55.
LaTeX Font Info:    Font shape `JY2/mc/bx/n' in size <24.88> not available
(Font)              Font shape `JY2/gt/m/n' tried instead on input line 55.
LaTeX Font Info:    Font shape `JY2/gt/m/n' will be
(Font)              scaled to size 23.94002pt on input line 55.
 (./main.toc
LaTeX Font Info:    Font shape `JT2/mc/bx/n' in size <12> not available
(Font)              Font shape `JT2/gt/m/n' tried instead on input line 1.
LaTeX Font Info:    Font shape `JT2/gt/m/n' will be
(Font)              scaled to size 11.54663pt on input line 1.
LaTeX Font Info:    Font shape `JY2/mc/bx/n' in size <12> not available
(Font)              Font shape `JY2/gt/m/n' tried instead on input line 1.
LaTeX Font Info:    Font shape `JY2/gt/m/n' will be
(Font)              scaled to size 11.54663pt on input line 1.
 [1

])
\tf@toc=\write5
\openout5 = `main.toc'.

 [2]
第 1 章
(./chapter1/1.tex) [1

]
第 2 章
(./chapter2/2.tex
LaTeX Font Info:    Font shape `JT2/mc/bx/n' in size <17.28> not available
(Font)              Font shape `JT2/gt/m/n' tried instead on input line 5.
LaTeX Font Info:    Font shape `JT2/gt/m/n' will be
(Font)              scaled to size 16.62714pt on input line 5.
LaTeX Font Info:    Font shape `JY2/mc/bx/n' in size <17.28> not available
(Font)              Font shape `JY2/gt/m/n' tried instead on input line 5.
LaTeX Font Info:    Font shape `JY2/gt/m/n' will be
(Font)              scaled to size 16.62714pt on input line 5.
LaTeX Font Info:    Font shape `JT2/mc/m/n' will be
(Font)              scaled to size 13.85594pt on input line 13.
LaTeX Font Info:    Font shape `JY2/mc/m/n' will be
(Font)              scaled to size 13.85594pt on input line 13.
LaTeX Font Info:    Font shape `JT2/mc/bx/n' in size <14.4> not available
(Font)              Font shape `JT2/gt/m/n' tried instead on input line 13.
LaTeX Font Info:    Font shape `JT2/gt/m/n' will be
(Font)              scaled to size 13.85594pt on input line 13.
LaTeX Font Info:    Font shape `JY2/mc/bx/n' in size <14.4> not available
(Font)              Font shape `JY2/gt/m/n' tried instead on input line 13.
LaTeX Font Info:    Font shape `JY2/gt/m/n' will be
(Font)              scaled to size 13.85594pt on input line 13.
 [2

] [3] [4]) [5]
第 3 章
(./chapter3/3.tex

LaTeX Warning: Reference `problem' on page 6 undefined on input line 2.

./chapter3/3.tex:15: Not two-byte family.
l.15 ... $ \mathrm{D}_i $ $(i \in \mathcal{D}，
                                                ただし\mathcal{D}はダム
IGNORE.

./chapter3/3.tex:15: Not two-byte family.
l.15 ...$ \mathrm{D}_i $ $(i \in \mathcal{D}，た
                                                  だし\mathcal{D}はダム...
IGNORE.

./chapter3/3.tex:15: Not two-byte family.
l.15 ...mathrm{D}_i $ $(i \in \mathcal{D}，ただ
                                                  し\mathcal{D}はダムの...
IGNORE.

./chapter3/3.tex:15: Not two-byte family.
l.15 ...hrm{D}_i $ $(i \in \mathcal{D}，ただし
                                                  \mathcal{D}はダムの集...
IGNORE.

./chapter3/3.tex:15: Not two-byte family.
l.15 ... \in \mathcal{D}，ただし\mathcal{D}は
                                                  ダムの集合) $
IGNORE.

./chapter3/3.tex:15: Not two-byte family.
l.15 ...n \mathcal{D}，ただし\mathcal{D}はダ
                                                  ムの集合) $
IGNORE.

./chapter3/3.tex:15: Not two-byte family.
l.15 ...mathcal{D}，ただし\mathcal{D}はダム
                                                  の集合) $
IGNORE.

./chapter3/3.tex:15: Not two-byte family.
l.15 ...hcal{D}，ただし\mathcal{D}はダムの
                                                  集合) $
IGNORE.

./chapter3/3.tex:15: Not two-byte family.
l.15 ...l{D}，ただし\mathcal{D}はダムの集
                                                  合) $
IGNORE.

./chapter3/3.tex:15: Not two-byte family.
l.15 ...}，ただし\mathcal{D}はダムの集合
                                                  ) $
IGNORE.

./chapter3/3.tex:50: Not two-byte family.
l.50 ...j}$ $( (i,i') \in \mathcal {P}^{\rm G} ，
                                                  j \in \mathcal {J}_{ii'} , %
IGNORE.

./chapter3/3.tex:51: Not two-byte family.
l.51 ^^Iた
           だし \mathcal {P}^{\rm G}は発電機が存在する放流路...
IGNORE.

./chapter3/3.tex:51: Not two-byte family.
l.51 ^^Iただ
              し \mathcal {P}^{\rm G}は発電機が存在する放流路...
IGNORE.

./chapter3/3.tex:51: Not two-byte family.
l.51 ^^Iただし
                  \mathcal {P}^{\rm G}は発電機が存在する放流路...
IGNORE.

./chapter3/3.tex:51: Not two-byte family.
l.51 ^^Iただし \mathcal {P}^{\rm G}は
                                         発電機が存在する放流路...
IGNORE.

./chapter3/3.tex:51: Not two-byte family.
l.51 ^^Iただし \mathcal {P}^{\rm G}は発
                                            電機が存在する放流路...
IGNORE.

./chapter3/3.tex:51: Not two-byte family.
l.51 ^^Iただし \mathcal {P}^{\rm G}は発電
                                               機が存在する放流路...
IGNORE.

./chapter3/3.tex:51: Not two-byte family.
l.51 ^^Iただし \mathcal {P}^{\rm G}は発電機
                                                  が存在する放流路...
IGNORE.

./chapter3/3.tex:51: Not two-byte family.
l.51 ...だし \mathcal {P}^{\rm G}は発電機が
                                                  存在する放流路（...
IGNORE.

./chapter3/3.tex:51: Not two-byte family.
l.51 ...し \mathcal {P}^{\rm G}は発電機が存
                                                  在する放流路（ダ...
IGNORE.

./chapter3/3.tex:51: Not two-byte family.
l.51 ... \mathcal {P}^{\rm G}は発電機が存在
                                                  する放流路（ダム...
IGNORE.

./chapter3/3.tex:51: Not two-byte family.
l.51 ...athcal {P}^{\rm G}は発電機が存在す
                                                  る放流路（ダム対...
IGNORE.

./chapter3/3.tex:51: Not two-byte family.
l.51 ...cal {P}^{\rm G}は発電機が存在する
                                                  放流路（ダム対）...
IGNORE.

./chapter3/3.tex:51: Not two-byte family.
l.51 ... {P}^{\rm G}は発電機が存在する放
                                                  流路（ダム対）の...
IGNORE.

./chapter3/3.tex:51: Not two-byte family.
l.51 ...}^{\rm G}は発電機が存在する放流
                                                  路（ダム対）の集...
IGNORE.

./chapter3/3.tex:51: Not two-byte family.
l.51 ...\rm G}は発電機が存在する放流路
                                                  （ダム対）の集合， %
IGNORE.

./chapter3/3.tex:51: Not two-byte family.
l.51 ... G}は発電機が存在する放流路（
                                                  ダム対）の集合， %
IGNORE.

./chapter3/3.tex:51: Not two-byte family.
l.51 ...は発電機が存在する放流路（ダ
                                                  ム対）の集合， %
IGNORE.

./chapter3/3.tex:51: Not two-byte family.
l.51 ...発電機が存在する放流路（ダム
                                                  対）の集合， %
IGNORE.

./chapter3/3.tex:51: Not two-byte family.
l.51 ...電機が存在する放流路（ダム対
                                                  ）の集合， %
IGNORE.

./chapter3/3.tex:51: Not two-byte family.
l.51 ...機が存在する放流路（ダム対）
                                                  の集合， %
IGNORE.

./chapter3/3.tex:51: Not two-byte family.
l.51 ...が存在する放流路（ダム対）の
                                                  集合， %
IGNORE.

./chapter3/3.tex:51: Not two-byte family.
l.51 ...存在する放流路（ダム対）の集
                                                  合， %
IGNORE.

./chapter3/3.tex:51: Not two-byte family.
l.51 ...在する放流路（ダム対）の集合
                                                  ， %
IGNORE.

./chapter3/3.tex:51: Not two-byte family.
l.51 ...する放流路（ダム対）の集合，
                                                   %
IGNORE.

./chapter3/3.tex:52: Not two-byte family.
l.52 ^^Iま
           た\mathcal{J}_{ii'}は放流路ii'に存在する発電機の集...
IGNORE.

./chapter3/3.tex:52: Not two-byte family.
l.52 ^^Iまた
              \mathcal{J}_{ii'}は放流路ii'に存在する発電機の集...
IGNORE.

./chapter3/3.tex:52: Not two-byte family.
l.52 ^^Iまた\mathcal{J}_{ii'}は
                                  放流路ii'に存在する発電機の集...
IGNORE.

./chapter3/3.tex:52: Not two-byte family.
l.52 ^^Iまた\mathcal{J}_{ii'}は放
                                     流路ii'に存在する発電機の集...
IGNORE.

./chapter3/3.tex:52: Not two-byte family.
l.52 ^^Iまた\mathcal{J}_{ii'}は放流
                                        路ii'に存在する発電機の集...
IGNORE.

./chapter3/3.tex:52: Not two-byte family.
l.52 ^^Iまた\mathcal{J}_{ii'}は放流路
                                           ii'に存在する発電機の集...
IGNORE.

./chapter3/3.tex:52: Not two-byte family.
<recently read> に
                   
l.52 ^^Iまた\mathcal{J}_{ii'}は放流路ii'に
                                                 存在する発電機の集...
IGNORE.

./chapter3/3.tex:52: Not two-byte family.
l.52 ...た\mathcal{J}_{ii'}は放流路ii'に存
                                                 在する発電機の集合) $
IGNORE.

./chapter3/3.tex:52: Not two-byte family.
l.52 ...\mathcal{J}_{ii'}は放流路ii'に存在
                                                 する発電機の集合) $
IGNORE.

./chapter3/3.tex:52: Not two-byte family.
l.52 ...athcal{J}_{ii'}は放流路ii'に存在す
                                                  る発電機の集合) $
IGNORE.

./chapter3/3.tex:52: Not two-byte family.
l.52 ...cal{J}_{ii'}は放流路ii'に存在する
                                                  発電機の集合) $
IGNORE.

./chapter3/3.tex:52: Not two-byte family.
l.52 ...{J}_{ii'}は放流路ii'に存在する発
                                                  電機の集合) $
IGNORE.

./chapter3/3.tex:52: Not two-byte family.
l.52 ..._{ii'}は放流路ii'に存在する発電
                                                  機の集合) $
IGNORE.

./chapter3/3.tex:52: Not two-byte family.
l.52 ...i'}は放流路ii'に存在する発電機
                                                  の集合) $
IGNORE.

./chapter3/3.tex:52: Not two-byte family.
l.52 ...は放流路ii'に存在する発電機の
                                                  集合) $
IGNORE.

./chapter3/3.tex:52: Not two-byte family.
l.52 ...放流路ii'に存在する発電機の集
                                                  合) $
IGNORE.

./chapter3/3.tex:52: Not two-byte family.
l.52 ...流路ii'に存在する発電機の集合
                                                  ) $
IGNORE.


Overfull \hbox (146.5399pt too wide) in paragraph at lines 50--54
[]\JY2/mc/m/n/12 発電放流路 $\OT1/cmr/m/n/12 G[]$ $((\OML/cmm/m/it/12 i; i[]\OT1/cmr/m/n/12 ) \OMS/cmsy/m/n/12 2 P[]\OT1/cmr/m/n/12 ^^@\OML/cmm/m/it/12 j \OMS/cmsy/m/n/12 2 J[]\OML/cmm/m/it/12 ; \OT1/cmr/m/n/12 ^^@^^@^^@\OMS/cmsy/m/n/12 P[]\OT1/cmr/m/n/12 ^^@^^@^^@^^@^^@^^@^^@^^@^^@^^@^^@^^@^^@^^@^^@^^@^^@^^@^^@^^@^^@^^@^^@\OMS/cmsy/m/n/12 J[]\OT1/cmr/m/n/12 ^^@^^@^^@^^@\OML/cmm/m/it/12 ii[]\OT1/cmr/m/n/12 ^^@^^@^^@^^@^^@^^@^^@^^@^^@^^@^^@)$ 
 []

[6

]
./chapter3/3.tex:93: Not two-byte family.
l.93 ^^I^^I（$ k \leq 0 に
                            ついては定数として与えられている...
IGNORE.

./chapter3/3.tex:93: Not two-byte family.
l.93 ^^I^^I（$ k \leq 0 につ
                               いては定数として与えられている...
IGNORE.

./chapter3/3.tex:93: Not two-byte family.
l.93 ^^I^^I（$ k \leq 0 につい
                                  ては定数として与えられている...
IGNORE.

./chapter3/3.tex:93: Not two-byte family.
l.93 ^^I^^I（$ k \leq 0 について
                                     は定数として与えられている...
IGNORE.

./chapter3/3.tex:93: Not two-byte family.
l.93 ^^I^^I（$ k \leq 0 については
                                        定数として与えられている...
IGNORE.

./chapter3/3.tex:93: Not two-byte family.
l.93 ^^I^^I（$ k \leq 0 については定
                                           数として与えられている...
IGNORE.

./chapter3/3.tex:93: Not two-byte family.
l.93 ^^I^^I（$ k \leq 0 については定数
                                              として与えられている...
IGNORE.

./chapter3/3.tex:93: Not two-byte family.
l.93 ^^I^^I（$ k \leq 0 については定数と
                                                 して与えられている...
IGNORE.

./chapter3/3.tex:93: Not two-byte family.
l.93 ...I（$ k \leq 0 については定数とし
                                                  て与えられている...
IGNORE.

./chapter3/3.tex:93: Not two-byte family.
l.93 ...$ k \leq 0 については定数として
                                                 与えられているものと
IGNORE.

./chapter3/3.tex:93: Not two-byte family.
l.93 ...k \leq 0 については定数として与
                                                  えられているもの...
IGNORE.

./chapter3/3.tex:93: Not two-byte family.
l.93 ...leq 0 については定数として与え
                                                  られているものと...
IGNORE.

./chapter3/3.tex:93: Not two-byte family.
l.93 ... 0 については定数として与えら
                                                  れているものとす...
IGNORE.

./chapter3/3.tex:93: Not two-byte family.
l.93 ...については定数として与えられ
                                                  ているものとする$...
IGNORE.

./chapter3/3.tex:93: Not two-byte family.
l.93 ...ついては定数として与えられて
                                                  いるものとする$）．
IGNORE.

./chapter3/3.tex:93: Not two-byte family.
l.93 ...いては定数として与えられてい
                                                  るものとする$）．
IGNORE.

./chapter3/3.tex:93: Not two-byte family.
l.93 ...ては定数として与えられている
                                                  ものとする$）．
IGNORE.

./chapter3/3.tex:93: Not two-byte family.
l.93 ...は定数として与えられているも
                                                  のとする$）．
IGNORE.

./chapter3/3.tex:93: Not two-byte family.
l.93 ...定数として与えられているもの
                                                  とする$）．
IGNORE.

./chapter3/3.tex:93: Not two-byte family.
l.93 ...数として与えられているものと
                                                  する$）．
IGNORE.

./chapter3/3.tex:93: Not two-byte family.
l.93 ...として与えられているものとす
                                                  る$）．
IGNORE.

./chapter3/3.tex:93: Not two-byte family.
l.93 ...して与えられているものとする
                                                  $）．
IGNORE.


Overfull \hbox (66.69374pt too wide) in paragraph at lines 92--94
[]\JY2/mc/m/n/12 発電放流量 \OT1/cmr/m/n/12 : \JY2/mc/m/n/12 第 $\OML/cmm/m/it/12 k$ \JY2/mc/m/n/12 時間帯に放流される水量 \OT1/cmr/m/n/12 [$m[]$] \JY2/mc/m/n/12 （$\OML/cmm/m/it/12 k \OMS/cmsy/m/n/12 ^^T \OT1/cmr/m/n/12 0^^@^^@^^@^^@^^@^^@^^@^^@^^@^^@^^@^^@^^@^^@^^@^^@^^@^^@^^@^^@^^@^^@$\JY2/mc/m/n/12 ） ． 
 []

./chapter3/3.tex:103: Not two-byte family.
l.103 ^^I^^I（$ k \leq 0 に
                             ついては定数として与えられてい...
IGNORE.

./chapter3/3.tex:103: Not two-byte family.
l.103 ^^I^^I（$ k \leq 0 につ
                                いては定数として与えられてい...
IGNORE.

./chapter3/3.tex:103: Not two-byte family.
l.103 ^^I^^I（$ k \leq 0 につい
                                   ては定数として与えられてい...
IGNORE.

./chapter3/3.tex:103: Not two-byte family.
l.103 ^^I^^I（$ k \leq 0 について
                                      は定数として与えられてい...
IGNORE.

./chapter3/3.tex:103: Not two-byte family.
l.103 ^^I^^I（$ k \leq 0 については
                                         定数として与えられてい...
IGNORE.

./chapter3/3.tex:103: Not two-byte family.
l.103 ^^I^^I（$ k \leq 0 については定
                                            数として与えられてい...
IGNORE.

./chapter3/3.tex:103: Not two-byte family.
l.103 ^^I^^I（$ k \leq 0 については定数
                                               として与えられてい...
IGNORE.

./chapter3/3.tex:103: Not two-byte family.
l.103 ^^I^^I（$ k \leq 0 については定数と
                                                  して与えられてい...
IGNORE.

./chapter3/3.tex:103: Not two-byte family.
l.103 ...（$ k \leq 0 については定数とし
                                                  て与えられている...
IGNORE.

./chapter3/3.tex:103: Not two-byte family.
l.103 ...$ k \leq 0 については定数として
                                                  与えられているも...
IGNORE.

./chapter3/3.tex:103: Not two-byte family.
l.103 ... \leq 0 については定数として与
                                                  えられているもの...
IGNORE.

./chapter3/3.tex:103: Not two-byte family.
l.103 ...eq 0 については定数として与え
                                                  られているものと...
IGNORE.

./chapter3/3.tex:103: Not two-byte family.
l.103 ...0 については定数として与えら
                                                  れているものとす...
IGNORE.

./chapter3/3.tex:103: Not two-byte family.
l.103 ...ついては定数として与えられ
                                                ているものとする$）
IGNORE.

./chapter3/3.tex:103: Not two-byte family.
l.103 ...いては定数として与えられて
                                                いるものとする$）．
IGNORE.

./chapter3/3.tex:103: Not two-byte family.
l.103 ...ては定数として与えられてい
                                                るものとする$）．
IGNORE.

./chapter3/3.tex:103: Not two-byte family.
l.103 ...は定数として与えられている
                                                ものとする$）．
IGNORE.

./chapter3/3.tex:103: Not two-byte family.
l.103 ...定数として与えられているも
                                                のとする$）．
IGNORE.

./chapter3/3.tex:103: Not two-byte family.
l.103 ...数として与えられているもの
                                                とする$）．
IGNORE.

./chapter3/3.tex:103: Not two-byte family.
l.103 ...として与えられているものと
                                                する$）．
IGNORE.

./chapter3/3.tex:103: Not two-byte family.
l.103 ...して与えられているものとす
                                                る$）．
IGNORE.

./chapter3/3.tex:103: Not two-byte family.
l.103 ...て与えられているものとする
                                                $）．
IGNORE.

./chapter3/3.tex:106: Not two-byte family.
l.106 ^^I^^I^^I（$ k \leq 0 に
                                ついては定数として与えられて...
IGNORE.

./chapter3/3.tex:106: Not two-byte family.
l.106 ^^I^^I^^I（$ k \leq 0 につ
                                   いては定数として与えられて...
IGNORE.

./chapter3/3.tex:106: Not two-byte family.
l.106 ^^I^^I^^I（$ k \leq 0 につい
                                      ては定数として与えられて...
IGNORE.

./chapter3/3.tex:106: Not two-byte family.
l.106 ^^I^^I^^I（$ k \leq 0 について
                                         は定数として与えられて...
IGNORE.

./chapter3/3.tex:106: Not two-byte family.
l.106 ^^I^^I^^I（$ k \leq 0 については
                                            定数として与えられて...
IGNORE.

./chapter3/3.tex:106: Not two-byte family.
l.106 ^^I^^I^^I（$ k \leq 0 については定
                                               数として与えられて...
IGNORE.

./chapter3/3.tex:106: Not two-byte family.
l.106 ^^I^^I^^I（$ k \leq 0 については定数
                                                  として与えられて...
IGNORE.

./chapter3/3.tex:106: Not two-byte family.
l.106 ...^^I（$ k \leq 0 については定数と
                                                  して与えられてい...
IGNORE.

./chapter3/3.tex:106: Not two-byte family.
l.106 ...（$ k \leq 0 については定数とし
                                                  て与えられている...
IGNORE.

./chapter3/3.tex:106: Not two-byte family.
l.106 ...$ k \leq 0 については定数として
                                                  与えられているも...
IGNORE.

./chapter3/3.tex:106: Not two-byte family.
l.106 ... \leq 0 については定数として与
                                                  えられているもの...
IGNORE.

./chapter3/3.tex:106: Not two-byte family.
l.106 ...eq 0 については定数として与え
                                                  られているものと...
IGNORE.

./chapter3/3.tex:106: Not two-byte family.
l.106 ...0 については定数として与えら
                                                  れているものとす...
IGNORE.

./chapter3/3.tex:106: Not two-byte family.
l.106 ...ついては定数として与えられ
                                                ているものとする$）
IGNORE.

./chapter3/3.tex:106: Not two-byte family.
l.106 ...いては定数として与えられて
                                                いるものとする$）．
IGNORE.

./chapter3/3.tex:106: Not two-byte family.
l.106 ...ては定数として与えられてい
                                                るものとする$）．
IGNORE.

./chapter3/3.tex:106: Not two-byte family.
l.106 ...は定数として与えられている
                                                ものとする$）．
IGNORE.

./chapter3/3.tex:106: Not two-byte family.
l.106 ...定数として与えられているも
                                                のとする$）．
IGNORE.

./chapter3/3.tex:106: Not two-byte family.
l.106 ...数として与えられているもの
                                                とする$）．
IGNORE.

./chapter3/3.tex:106: Not two-byte family.
l.106 ...として与えられているものと
                                                する$）．
IGNORE.

./chapter3/3.tex:106: Not two-byte family.
l.106 ...して与えられているものとす
                                                る$）．
IGNORE.

./chapter3/3.tex:106: Not two-byte family.
l.106 ...て与えられているものとする
                                                $）．
IGNORE.

[7]
./chapter3/3.tex:109: Not two-byte family.
l.109 ^^I^^I^^I（$ k \leq 0 に
                                ついては定数として与えられて...
IGNORE.

./chapter3/3.tex:109: Not two-byte family.
l.109 ^^I^^I^^I（$ k \leq 0 につ
                                   いては定数として与えられて...
IGNORE.

./chapter3/3.tex:109: Not two-byte family.
l.109 ^^I^^I^^I（$ k \leq 0 につい
                                      ては定数として与えられて...
IGNORE.

./chapter3/3.tex:109: Not two-byte family.
l.109 ^^I^^I^^I（$ k \leq 0 について
                                         は定数として与えられて...
IGNORE.

./chapter3/3.tex:109: Not two-byte family.
l.109 ^^I^^I^^I（$ k \leq 0 については
                                            定数として与えられて...
IGNORE.

./chapter3/3.tex:109: Not two-byte family.
l.109 ^^I^^I^^I（$ k \leq 0 については定
                                               数として与えられて...
IGNORE.

./chapter3/3.tex:109: Not two-byte family.
l.109 ^^I^^I^^I（$ k \leq 0 については定数
                                                  として与えられて...
IGNORE.

./chapter3/3.tex:109: Not two-byte family.
l.109 ...^^I（$ k \leq 0 については定数と
                                                  して与えられてい...
IGNORE.

./chapter3/3.tex:109: Not two-byte family.
l.109 ...（$ k \leq 0 については定数とし
                                                  て与えられている...
IGNORE.

./chapter3/3.tex:109: Not two-byte family.
l.109 ...$ k \leq 0 については定数として
                                                  与えられているも...
IGNORE.

./chapter3/3.tex:109: Not two-byte family.
l.109 ... \leq 0 については定数として与
                                                  えられているもの...
IGNORE.

./chapter3/3.tex:109: Not two-byte family.
l.109 ...eq 0 については定数として与え
                                                  られているものと...
IGNORE.

./chapter3/3.tex:109: Not two-byte family.
l.109 ...0 については定数として与えら
                                                  れているものとす...
IGNORE.

./chapter3/3.tex:109: Not two-byte family.
l.109 ...ついては定数として与えられ
                                                ているものとする$）
IGNORE.

./chapter3/3.tex:109: Not two-byte family.
l.109 ...いては定数として与えられて
                                                いるものとする$）．
IGNORE.

./chapter3/3.tex:109: Not two-byte family.
l.109 ...ては定数として与えられてい
                                                るものとする$）．
IGNORE.

./chapter3/3.tex:109: Not two-byte family.
l.109 ...は定数として与えられている
                                                ものとする$）．
IGNORE.

./chapter3/3.tex:109: Not two-byte family.
l.109 ...定数として与えられているも
                                                のとする$）．
IGNORE.

./chapter3/3.tex:109: Not two-byte family.
l.109 ...数として与えられているもの
                                                とする$）．
IGNORE.

./chapter3/3.tex:109: Not two-byte family.
l.109 ...として与えられているものと
                                                する$）．
IGNORE.

./chapter3/3.tex:109: Not two-byte family.
l.109 ...して与えられているものとす
                                                る$）．
IGNORE.

./chapter3/3.tex:109: Not two-byte family.
l.109 ...て与えられているものとする
                                                $）．
IGNORE.

./chapter3/3.tex:118: Not two-byte family.
l.118 ^^Iた
            だし \mathcal{P}^{\rm F} はゲート放流路(ダム対)の...
IGNORE.

./chapter3/3.tex:118: Not two-byte family.
l.118 ^^Iただ
               し \mathcal{P}^{\rm F} はゲート放流路(ダム対)の...
IGNORE.

./chapter3/3.tex:118: Not two-byte family.
l.118 ^^Iただし
                   \mathcal{P}^{\rm F} はゲート放流路(ダム対)の...
IGNORE.

./chapter3/3.tex:118: Not two-byte family.
l.118 ^^Iただし \mathcal{P}^{\rm F} は
                                          ゲート放流路(ダム対)の...
IGNORE.

./chapter3/3.tex:118: Not two-byte family.
l.118 ^^Iただし \mathcal{P}^{\rm F} はゲ
                                             ート放流路(ダム対)の...
IGNORE.

./chapter3/3.tex:118: Not two-byte family.
l.118 ^^Iただし \mathcal{P}^{\rm F} はゲー
                                                ト放流路(ダム対)の...
IGNORE.

./chapter3/3.tex:118: Not two-byte family.
l.118 ...だし \mathcal{P}^{\rm F} はゲート
                                                放流路(ダム対)の集...
IGNORE.

./chapter3/3.tex:118: Not two-byte family.
l.118 ...し \mathcal{P}^{\rm F} はゲート放
                                                流路(ダム対)の集合） $
IGNORE.

./chapter3/3.tex:118: Not two-byte family.
l.118 ... \mathcal{P}^{\rm F} はゲート放流
                                                路(ダム対)の集合） $
IGNORE.

./chapter3/3.tex:118: Not two-byte family.
l.118 ...\mathcal{P}^{\rm F} はゲート放流路
                                                  (ダム対)の集合） $
IGNORE.

./chapter3/3.tex:118: Not two-byte family.
l.118 ...hcal{P}^{\rm F} はゲート放流路(ダ
                                                  ム対)の集合） $
IGNORE.

./chapter3/3.tex:118: Not two-byte family.
l.118 ...l{P}^{\rm F} はゲート放流路(ダム
                                                  対)の集合） $
IGNORE.

./chapter3/3.tex:118: Not two-byte family.
l.118 ...}^{\rm F} はゲート放流路(ダム対
                                                  )の集合） $
IGNORE.

./chapter3/3.tex:118: Not two-byte family.
l.118 ...rm F} はゲート放流路(ダム対)の
                                                  集合） $
IGNORE.

./chapter3/3.tex:118: Not two-byte family.
l.118 ...F} はゲート放流路(ダム対)の集
                                                  合） $
IGNORE.

./chapter3/3.tex:118: Not two-byte family.
l.118 ...はゲート放流路(ダム対)の集合
                                                  ） $
IGNORE.

./chapter3/3.tex:118: Not two-byte family.
l.118 ...ゲート放流路(ダム対)の集合）
                                                   $
IGNORE.

./chapter3/3.tex:138: Not two-byte family.
l.138 ^^Iた
            だし \mathcal {P}^{\mathrm B} はバイパス放流路(ダム...
IGNORE.

./chapter3/3.tex:138: Not two-byte family.
l.138 ^^Iただ
               し \mathcal {P}^{\mathrm B} はバイパス放流路(ダム...
IGNORE.

./chapter3/3.tex:138: Not two-byte family.
l.138 ^^Iただし
                   \mathcal {P}^{\mathrm B} はバイパス放流路(ダム...
IGNORE.

./chapter3/3.tex:138: Not two-byte family.
l.138 ^^Iただし \mathcal {P}^{\mathrm B} は
                                               バイパス放流路(ダム...
IGNORE.

./chapter3/3.tex:138: Not two-byte family.
l.138 ^^Iただし \mathcal {P}^{\mathrm B} はバ
                                                  イパス放流路(ダム...
IGNORE.

./chapter3/3.tex:138: Not two-byte family.
l.138 ...だし \mathcal {P}^{\mathrm B} はバイ
                                                  パス放流路(ダム対)...
IGNORE.

./chapter3/3.tex:138: Not two-byte family.
l.138 ...し \mathcal {P}^{\mathrm B} はバイパ
                                                  ス放流路(ダム対)の...
IGNORE.

./chapter3/3.tex:138: Not two-byte family.
l.138 ... \mathcal {P}^{\mathrm B} はバイパス
                                                  放流路(ダム対)の集...
IGNORE.

./chapter3/3.tex:138: Not two-byte family.
l.138 ...athcal {P}^{\mathrm B} はバイパス放
                                                  流路(ダム対)の集合) $
IGNORE.

./chapter3/3.tex:138: Not two-byte family.
l.138 ...cal {P}^{\mathrm B} はバイパス放流
                                                  路(ダム対)の集合) $
IGNORE.

./chapter3/3.tex:138: Not two-byte family.
l.138 ... {P}^{\mathrm B} はバイパス放流路
                                                  (ダム対)の集合) $
IGNORE.

./chapter3/3.tex:138: Not two-byte family.
l.138 ...^{\mathrm B} はバイパス放流路(ダ
                                                  ム対)の集合) $
IGNORE.

./chapter3/3.tex:138: Not two-byte family.
l.138 ...mathrm B} はバイパス放流路(ダム
                                                  対)の集合) $
IGNORE.

./chapter3/3.tex:138: Not two-byte family.
l.138 ...hrm B} はバイパス放流路(ダム対
                                                  )の集合) $
IGNORE.

./chapter3/3.tex:138: Not two-byte family.
l.138 ...B} はバイパス放流路(ダム対)の
                                                  集合) $
IGNORE.

./chapter3/3.tex:138: Not two-byte family.
l.138 ...はバイパス放流路(ダム対)の集
                                                  合) $
IGNORE.

./chapter3/3.tex:138: Not two-byte family.
l.138 ...バイパス放流路(ダム対)の集合
                                                  ) $
IGNORE.

./chapter3/3.tex:155: Not two-byte family.
l.155 ^^Iた
            だし \mathcal {P}^{\mathrm Y} はスイッチ放流路(ダム...
IGNORE.

./chapter3/3.tex:155: Not two-byte family.
l.155 ^^Iただ
               し \mathcal {P}^{\mathrm Y} はスイッチ放流路(ダム...
IGNORE.

./chapter3/3.tex:155: Not two-byte family.
l.155 ^^Iただし
                   \mathcal {P}^{\mathrm Y} はスイッチ放流路(ダム...
IGNORE.

./chapter3/3.tex:155: Not two-byte family.
l.155 ^^Iただし \mathcal {P}^{\mathrm Y} は
                                               スイッチ放流路(ダム...
IGNORE.

./chapter3/3.tex:155: Not two-byte family.
l.155 ^^Iただし \mathcal {P}^{\mathrm Y} はス
                                                  イッチ放流路(ダム...
IGNORE.

./chapter3/3.tex:155: Not two-byte family.
l.155 ...だし \mathcal {P}^{\mathrm Y} はスイ
                                                  ッチ放流路(ダム対)...
IGNORE.

./chapter3/3.tex:155: Not two-byte family.
l.155 ...し \mathcal {P}^{\mathrm Y} はスイッ
                                                  チ放流路(ダム対)の...
IGNORE.

./chapter3/3.tex:155: Not two-byte family.
l.155 ... \mathcal {P}^{\mathrm Y} はスイッチ
                                                  放流路(ダム対)の集...
IGNORE.

./chapter3/3.tex:155: Not two-byte family.
l.155 ...athcal {P}^{\mathrm Y} はスイッチ放
                                                  流路(ダム対)の集合) $
IGNORE.

./chapter3/3.tex:155: Not two-byte family.
l.155 ...cal {P}^{\mathrm Y} はスイッチ放流
                                                  路(ダム対)の集合) $
IGNORE.

./chapter3/3.tex:155: Not two-byte family.
l.155 ... {P}^{\mathrm Y} はスイッチ放流路
                                                  (ダム対)の集合) $
IGNORE.

./chapter3/3.tex:155: Not two-byte family.
l.155 ...^{\mathrm Y} はスイッチ放流路(ダ
                                                  ム対)の集合) $
IGNORE.

./chapter3/3.tex:155: Not two-byte family.
l.155 ...mathrm Y} はスイッチ放流路(ダム
                                                  対)の集合) $
IGNORE.

./chapter3/3.tex:155: Not two-byte family.
l.155 ...hrm Y} はスイッチ放流路(ダム対
                                                  )の集合) $
IGNORE.

./chapter3/3.tex:155: Not two-byte family.
l.155 ...Y} はスイッチ放流路(ダム対)の
                                                  集合) $
IGNORE.

./chapter3/3.tex:155: Not two-byte family.
l.155 ...はスイッチ放流路(ダム対)の集
                                                  合) $
IGNORE.

./chapter3/3.tex:155: Not two-byte family.
l.155 ...スイッチ放流路(ダム対)の集合
                                                  ) $
IGNORE.

[8]
./chapter3/3.tex:186: Not two-byte family.
l.186 ^^Iた
            だし \mathcal {P}^{\mathrm X} は特別放流路(ダム対)の...
IGNORE.

./chapter3/3.tex:186: Not two-byte family.
l.186 ^^Iただ
               し \mathcal {P}^{\mathrm X} は特別放流路(ダム対)の...
IGNORE.

./chapter3/3.tex:186: Not two-byte family.
l.186 ^^Iただし
                   \mathcal {P}^{\mathrm X} は特別放流路(ダム対)の...
IGNORE.

./chapter3/3.tex:186: Not two-byte family.
l.186 ^^Iただし \mathcal {P}^{\mathrm X} は
                                               特別放流路(ダム対)の...
IGNORE.

./chapter3/3.tex:186: Not two-byte family.
l.186 ^^Iただし \mathcal {P}^{\mathrm X} は特
                                                  別放流路(ダム対)の...
IGNORE.

./chapter3/3.tex:186: Not two-byte family.
l.186 ...だし \mathcal {P}^{\mathrm X} は特別
                                                  放流路(ダム対)の集...
IGNORE.

./chapter3/3.tex:186: Not two-byte family.
l.186 ...し \mathcal {P}^{\mathrm X} は特別放
                                                  流路(ダム対)の集合) $
IGNORE.

./chapter3/3.tex:186: Not two-byte family.
l.186 ... \mathcal {P}^{\mathrm X} は特別放流
                                                  路(ダム対)の集合) $
IGNORE.

./chapter3/3.tex:186: Not two-byte family.
l.186 ...athcal {P}^{\mathrm X} は特別放流路
                                                  (ダム対)の集合) $
IGNORE.

./chapter3/3.tex:186: Not two-byte family.
l.186 ...al {P}^{\mathrm X} は特別放流路(ダ
                                                  ム対)の集合) $
IGNORE.

./chapter3/3.tex:186: Not two-byte family.
l.186 ...{P}^{\mathrm X} は特別放流路(ダム
                                                  対)の集合) $
IGNORE.

./chapter3/3.tex:186: Not two-byte family.
l.186 ...^{\mathrm X} は特別放流路(ダム対
                                                  )の集合) $
IGNORE.

./chapter3/3.tex:186: Not two-byte family.
l.186 ...athrm X} は特別放流路(ダム対)の
                                                  集合) $
IGNORE.

./chapter3/3.tex:186: Not two-byte family.
l.186 ...rm X} は特別放流路(ダム対)の集
                                                  合) $
IGNORE.

./chapter3/3.tex:186: Not two-byte family.
l.186 ...X} は特別放流路(ダム対)の集合
                                                  ) $
IGNORE.

[9] [10] [11] [12] [13]

LaTeX Warning: Reference `problem' on page 14 undefined on input line 577.

) [14]
第 4 章
(./chapter4/4.tex
./chapter4/4.tex:23: Not two-byte family.
l.23 ^^Iスイッチ放流路$\rm Y_{5,6}，
                                            \rm Y_{5,7}$は%
IGNORE.


LaTeX Warning: File `fig/JinzuRev3.eps' not found on input line 46.


./chapter4/4.tex:46: LaTeX Error: File `fig/JinzuRev3.eps' not found.

See the LaTeX manual or LaTeX Companion for explanation.
Type  H <return>  for immediate help.
 ...                                              
                                                  
l.46 ...s[width=0.85\linewidth]{fig/JinzuRev3.eps}
                                                  
Try typing  <return>  to proceed.
If that doesn't work, type  X <return>  to quit.


./chapter4/4.tex:46: LaTeX Error: Cannot determine size of graphic in fig/JinzuRev3.eps (no BoundingBox).

See the LaTeX manual or LaTeX Companion for explanation.
Type  H <return>  for immediate help.
 ...                                              
                                                  
l.46 ...s[width=0.85\linewidth]{fig/JinzuRev3.eps}
                                                  
Try typing  <return>  to proceed.
If that doesn't work, type  X <return>  to quit.

File: fig/JinzuRev3.eps Graphic file (type eps)
<fig/JinzuRev3.eps>
[15

]

LaTeX Warning: File `fig/val.eps' not found on input line 53.


./chapter4/4.tex:53: LaTeX Error: File `fig/val.eps' not found.

See the LaTeX manual or LaTeX Companion for explanation.
Type  H <return>  for immediate help.
 ...                                              
                                                  
l.53 ...graphics[width=0.9\linewidth]{fig/val.eps}
                                                  
Try typing  <return>  to proceed.
If that doesn't work, type  X <return>  to quit.


./chapter4/4.tex:53: LaTeX Error: Cannot determine size of graphic in fig/val.eps (no BoundingBox).

See the LaTeX manual or LaTeX Companion for explanation.
Type  H <return>  for immediate help.
 ...                                              
                                                  
l.53 ...graphics[width=0.9\linewidth]{fig/val.eps}
                                                  
Try typing  <return>  to proceed.
If that doesn't work, type  X <return>  to quit.

File: fig/val.eps Graphic file (type eps)
<fig/val.eps>
[16]
Overfull \hbox (39.32996pt too wide) in paragraph at lines 79--89
 [][][] 
 []

[17] [18]

LaTeX Warning: File `fig/d1.eps' not found on input line 206.


./chapter4/4.tex:206: LaTeX Error: File `fig/d1.eps' not found.

See the LaTeX manual or LaTeX Companion for explanation.
Type  H <return>  for immediate help.
 ...                                              
                                                  
l.206 ...graphics[width=0.9\linewidth]{fig/d1.eps}
                                                  
Try typing  <return>  to proceed.
If that doesn't work, type  X <return>  to quit.


./chapter4/4.tex:206: LaTeX Error: Cannot determine size of graphic in fig/d1.eps (no BoundingBox).

See the LaTeX manual or LaTeX Companion for explanation.
Type  H <return>  for immediate help.
 ...                                              
                                                  
l.206 ...graphics[width=0.9\linewidth]{fig/d1.eps}
                                                  
Try typing  <return>  to proceed.
If that doesn't work, type  X <return>  to quit.

File: fig/d1.eps Graphic file (type eps)
<fig/d1.eps>
[19]

LaTeX Warning: File `fig/d2.eps' not found on input line 213.


./chapter4/4.tex:213: LaTeX Error: File `fig/d2.eps' not found.

See the LaTeX manual or LaTeX Companion for explanation.
Type  H <return>  for immediate help.
 ...                                              
                                                  
l.213 ...graphics[width=0.9\linewidth]{fig/d2.eps}
                                                  
Try typing  <return>  to proceed.
If that doesn't work, type  X <return>  to quit.


./chapter4/4.tex:213: LaTeX Error: Cannot determine size of graphic in fig/d2.eps (no BoundingBox).

See the LaTeX manual or LaTeX Companion for explanation.
Type  H <return>  for immediate help.
 ...                                              
                                                  
l.213 ...graphics[width=0.9\linewidth]{fig/d2.eps}
                                                  
Try typing  <return>  to proceed.
If that doesn't work, type  X <return>  to quit.

File: fig/d2.eps Graphic file (type eps)
<fig/d2.eps>
[20]

LaTeX Warning: File `fig/d3.eps' not found on input line 220.


./chapter4/4.tex:220: LaTeX Error: File `fig/d3.eps' not found.

See the LaTeX manual or LaTeX Companion for explanation.
Type  H <return>  for immediate help.
 ...                                              
                                                  
l.220 ...graphics[width=0.9\linewidth]{fig/d3.eps}
                                                  
Try typing  <return>  to proceed.
If that doesn't work, type  X <return>  to quit.


./chapter4/4.tex:220: LaTeX Error: Cannot determine size of graphic in fig/d3.eps (no BoundingBox).

See the LaTeX manual or LaTeX Companion for explanation.
Type  H <return>  for immediate help.
 ...                                              
                                                  
l.220 ...graphics[width=0.9\linewidth]{fig/d3.eps}
                                                  
Try typing  <return>  to proceed.
If that doesn't work, type  X <return>  to quit.

File: fig/d3.eps Graphic file (type eps)
<fig/d3.eps>
[21]

LaTeX Warning: File `fig/d4.eps' not found on input line 227.


./chapter4/4.tex:227: LaTeX Error: File `fig/d4.eps' not found.

See the LaTeX manual or LaTeX Companion for explanation.
Type  H <return>  for immediate help.
 ...                                              
                                                  
l.227 ...graphics[width=0.9\linewidth]{fig/d4.eps}
                                                  
Try typing  <return>  to proceed.
If that doesn't work, type  X <return>  to quit.


./chapter4/4.tex:227: LaTeX Error: Cannot determine size of graphic in fig/d4.eps (no BoundingBox).

See the LaTeX manual or LaTeX Companion for explanation.
Type  H <return>  for immediate help.
 ...                                              
                                                  
l.227 ...graphics[width=0.9\linewidth]{fig/d4.eps}
                                                  
Try typing  <return>  to proceed.
If that doesn't work, type  X <return>  to quit.

File: fig/d4.eps Graphic file (type eps)
<fig/d4.eps>
[22]

LaTeX Warning: File `fig/d8.eps' not found on input line 234.


./chapter4/4.tex:234: LaTeX Error: File `fig/d8.eps' not found.

See the LaTeX manual or LaTeX Companion for explanation.
Type  H <return>  for immediate help.
 ...                                              
                                                  
l.234 ...graphics[width=0.9\linewidth]{fig/d8.eps}
                                                  
Try typing  <return>  to proceed.
If that doesn't work, type  X <return>  to quit.


./chapter4/4.tex:234: LaTeX Error: Cannot determine size of graphic in fig/d8.eps (no BoundingBox).

See the LaTeX manual or LaTeX Companion for explanation.
Type  H <return>  for immediate help.
 ...                                              
                                                  
l.234 ...graphics[width=0.9\linewidth]{fig/d8.eps}
                                                  
Try typing  <return>  to proceed.
If that doesn't work, type  X <return>  to quit.

File: fig/d8.eps Graphic file (type eps)
<fig/d8.eps>
[23]

LaTeX Warning: File `fig/d9.eps' not found on input line 241.


./chapter4/4.tex:241: LaTeX Error: File `fig/d9.eps' not found.

See the LaTeX manual or LaTeX Companion for explanation.
Type  H <return>  for immediate help.
 ...                                              
                                                  
l.241 ...graphics[width=0.9\linewidth]{fig/d9.eps}
                                                  
Try typing  <return>  to proceed.
If that doesn't work, type  X <return>  to quit.


./chapter4/4.tex:241: LaTeX Error: Cannot determine size of graphic in fig/d9.eps (no BoundingBox).

See the LaTeX manual or LaTeX Companion for explanation.
Type  H <return>  for immediate help.
 ...                                              
                                                  
l.241 ...graphics[width=0.9\linewidth]{fig/d9.eps}
                                                  
Try typing  <return>  to proceed.
If that doesn't work, type  X <return>  to quit.

File: fig/d9.eps Graphic file (type eps)
<fig/d9.eps>
[24]) [25]
第 5 章
(./chapter5/5.tex) [26

]
第 6 章
(./conclusion/conclusion.tex

LaTeX Warning: Reference `problem' on page 27 undefined on input line 5.


LaTeX Warning: Reference `problem' on page 27 undefined on input line 6.


LaTeX Warning: Reference `example' on page 27 undefined on input line 8.

) [27

] (./acknowledgements/acknowledgements.tex [28

]) (./references/references.tex [29

]) (./appendix.tex) [30] (./main.aux)

LaTeX Warning: There were undefined references.


LaTeX Warning: There were multiply-defined labels.

 ) 
Here is how much of TeX's memory you used:
 1726 strings out of 493270
 20853 string characters out of 6145018
 98607 words of memory out of 5000000
 5628 multiletter control sequences out of 15000+600000
 15556 words of font info for 72 fonts, out of 8000000 for 9000
 929 hyphenation exceptions out of 8191
 27i,11n,33p,300b,465s stack positions out of 5000i,500n,10000p,200000b,80000s

Output written on main.dvi (35 pages, 59972 bytes).
